HELLO WORLD from process 6 of 20 on hal0095.amarel.rutgers.edu, running on CPU 23, Processor: x86_64
HELLO WORLD from process 7 of 20 on hal0095.amarel.rutgers.edu, running on CPU 24, Processor: x86_64
HELLO WORLD from process 4 of 20 on hal0095.amarel.rutgers.edu, running on CPU 21, Processor: x86_64
HELLO WORLD from process 8 of 20 on hal0095.amarel.rutgers.edu, running on CPU 25, Processor: x86_64
HELLO WORLD from process 9 of 20 on hal0095.amarel.rutgers.edu, running on CPU 26, Processor: x86_64
HELLO WORLD from process 0 of 20 on hal0095.amarel.rutgers.edu, running on CPU 1, Processor: x86_64
HELLO WORLD from process 1 of 20 on hal0095.amarel.rutgers.edu, running on CPU 2, Processor: x86_64
HELLO WORLD from process 2 of 20 on hal0095.amarel.rutgers.edu, running on CPU 3, Processor: x86_64
HELLO WORLD from process 3 of 20 on hal0095.amarel.rutgers.edu, running on CPU 4, Processor: x86_64
HELLO WORLD from process 5 of 20 on hal0095.amarel.rutgers.edu, running on CPU 22, Processor: x86_64
HELLO WORLD from process 12 of 20 on hal0096.amarel.rutgers.edu, running on CPU 19, Processor: x86_64
HELLO WORLD from process 15 of 20 on hal0096.amarel.rutgers.edu, running on CPU 23, Processor: x86_64
HELLO WORLD from process 16 of 20 on hal0096.amarel.rutgers.edu, running on CPU 24, Processor: x86_64
HELLO WORLD from process 13 of 20 on hal0096.amarel.rutgers.edu, running on CPU 21, Processor: x86_64
HELLO WORLD from process 19 of 20 on hal0096.amarel.rutgers.edu, running on CPU 27, Processor: x86_64
HELLO WORLD from process 18 of 20 on hal0096.amarel.rutgers.edu, running on CPU 26, Processor: x86_64
HELLO WORLD from process 10 of 20 on hal0096.amarel.rutgers.edu, running on CPU 8, Processor: x86_64
HELLO WORLD from process 11 of 20 on hal0096.amarel.rutgers.edu, running on CPU 10, Processor: x86_64
HELLO WORLD from process 14 of 20 on hal0096.amarel.rutgers.edu, running on CPU 22, Processor: x86_64
HELLO WORLD from process 17 of 20 on hal0096.amarel.rutgers.edu, running on CPU 25, Processor: x86_64
Validation dot: [[2.79862612e+09]
 [2.79748152e+09]
 [2.80257831e+09]
 ...
 [2.79476688e+09]
 [2.80258426e+09]
 [2.79941319e+09]]
Validation shape: (16000, 1)
Validation Elapsed time: 0.18153023719787598
Process  {1}  has received a subblock of shape (800, 14000) 

Process  {2}  has received a subblock of shape (800, 14000) 

Process  {3}  has received a subblock of shape (800, 14000) 

Process  {4}  has received a subblock of shape (800, 14000) 

Process  {5}  has received a subblock of shape (800, 14000) 

Process  {6}  has received a subblock of shape (800, 14000) 

Process  {7}  has received a subblock of shape (800, 14000) 

Process  {8}  has received a subblock of shape (800, 14000) 

Process  {9}  has received a subblock of shape (800, 14000) 

