HELLO WORLD from process 0 of 8 on slepner085.amarel.rutgers.edu, running on CPU 17, Processor: x86_64
HELLO WORLD from process 1 of 8 on slepner085.amarel.rutgers.edu, running on CPU 19, Processor: x86_64
HELLO WORLD from process 2 of 8 on slepner085.amarel.rutgers.edu, running on CPU 8, Processor: x86_64
HELLO WORLD from process 3 of 8 on slepner085.amarel.rutgers.edu, running on CPU 9, Processor: x86_64
HELLO WORLD from process 7 of 8 on slepner085.amarel.rutgers.edu, running on CPU 24, Processor: x86_64
HELLO WORLD from process 6 of 8 on slepner085.amarel.rutgers.edu, running on CPU 21, Processor: x86_64
HELLO WORLD from process 4 of 8 on slepner085.amarel.rutgers.edu, running on CPU 12, Processor: x86_64
HELLO WORLD from process 5 of 8 on slepner085.amarel.rutgers.edu, running on CPU 13, Processor: x86_64
Validation dot: [[7.99395583e+08]
 [8.01566134e+08]
 [8.00050071e+08]
 ...
 [8.00574112e+08]
 [7.98978789e+08]
 [7.97004108e+08]]
Validation shape: (4000, 1)
Validation Elapsed time: 0.01482844352722168
Process  {1}  has received a subblock of shape (500, 4000) 

Process  {2}  has received a subblock of shape (500, 4000) 

Process  {3}  has received a subblock of shape (500, 4000) 

Process  {4}  has received a subblock of shape (500, 4000) 

Process  {5}  has received a subblock of shape (500, 4000) 

Process  {6}  has received a subblock of shape (500, 4000) 

Process  {7}  has received a subblock of shape (500, 4000) 

Process  {0}  has received a subblock of shape (500, 4000) 

