HELLO WORLD from process 2 of 8 on slepner085.amarel.rutgers.edu, running on CPU 8, Processor: x86_64
HELLO WORLD from process 4 of 8 on slepner085.amarel.rutgers.edu, running on CPU 12, Processor: x86_64
HELLO WORLD from process 7 of 8 on slepner085.amarel.rutgers.edu, running on CPU 24, Processor: x86_64
HELLO WORLD from process 0 of 8 on slepner085.amarel.rutgers.edu, running on CPU 17, Processor: x86_64
HELLO WORLD from process 1 of 8 on slepner085.amarel.rutgers.edu, running on CPU 19, Processor: x86_64
HELLO WORLD from process 3 of 8 on slepner085.amarel.rutgers.edu, running on CPU 9, Processor: x86_64
HELLO WORLD from process 5 of 8 on slepner085.amarel.rutgers.edu, running on CPU 13, Processor: x86_64
HELLO WORLD from process 6 of 8 on slepner085.amarel.rutgers.edu, running on CPU 21, Processor: x86_64
Validation dot: [[8.00237213e+08]
 [7.99712642e+08]
 [7.99237164e+08]
 ...
 [7.99387796e+08]
 [7.99622335e+08]
 [8.01578549e+08]]
Validation shape: (4000, 1)
Validation Elapsed time: 0.014559745788574219
Process  {1}  has received a subblock of shape (500, 4000) 

Process  {2}  has received a subblock of shape (500, 4000) 

Process  {3}  has received a subblock of shape (500, 4000) 

Process  {4}  has received a subblock of shape (500, 4000) 

Process  {5}  has received a subblock of shape (500, 4000) 

Process  {6}  has received a subblock of shape (500, 4000) 

Process  {7}  has received a subblock of shape (500, 4000) 

Process  {0}  has received a subblock of shape (500, 4000) 

Process  {0}  has received x of shape (4000, 1) 

Process  {7}  has received x of shape (4000, 1) 

Process  {6}  has received x of shape (4000, 1) 

Process  {5}  has received x of shape (4000, 1) 

Process  {2}  has received x of shape (4000, 1) 

Process  {1}  has received x of shape (4000, 1) 

Process  {3}  has received x of shape (4000, 1) 

Process  {4}  has received x of shape (4000, 1) 

Process  {0}  has a local dot of  [[8.00237213e+08]
 [7.99712642e+08]
 [7.99237164e+08]
 [7.97078887e+08]
 [7.98148730e+08]
 [7.99395411e+08]
 [8.00283709e+08]
 [8.00236121e+08]
 [8.04280427e+08]
 [8.02040551e+08]
 [7.97687795e+08]
 [7.99114644e+08]
 [7.99584107e+08]
 [8.00903370e+08]
 [8.00148049e+08]
 [8.00098313e+08]
 [8.01447182e+08]
 [8.00396742e+08]
 [8.01841721e+08]
 [8.00048484e+08]
 [7.99389944e+08]
 [7.98921417e+08]
 [8.01252036e+08]
 [7.99709358e+08]
 [7.97381243e+08]
 [8.01396054e+08]
 [7.98481365e+08]
 [7.98009612e+08]
 [8.00600365e+08]
 [8.00363515e+08]
 [8.02574250e+08]
 [7.98832853e+08]
 [8.00023863e+08]
 [8.01069999e+08]
 [7.99808842e+08]
 [7.99457120e+08]
 [7.98547941e+08]
 [7.99591456e+08]
 [7.99964834e+08]
 [8.00828455e+08]
 [7.98044584e+08]
 [8.00591713e+08]
 [7.99085365e+08]
 [7.98399259e+08]
 [8.00401768e+08]
 [8.01074383e+08]
 [8.01091935e+08]
 [7.98237270e+08]
 [8.00015973e+08]
 [7.96792967e+08]
 [7.98536809e+08]
 [7.98026281e+08]
 [7.98329979e+08]
 [7.99793066e+08]
 [7.98520937e+08]
 [8.00591816e+08]
 [7.98972994e+08]
 [7.99144143e+08]
 [7.99235032e+08]
 [7.99754065e+08]
 [7.99843112e+08]
 [7.99598568e+08]
 [7.98036713e+08]
 [8.00132074e+08]
 [7.99271873e+08]
 [8.01960958e+08]
 [7.99940244e+08]
 [8.00316712e+08]
 [8.01013097e+08]
 [8.00876449e+08]
 [7.98692056e+08]
 [8.00058274e+08]
 [7.97802619e+08]
 [8.01080009e+08]
 [7.97809686e+08]
 [8.00520083e+08]
 [7.97219479e+08]
 [8.01158103e+08]
 [7.96237927e+08]
 [8.00142749e+08]
 [7.98877502e+08]
 [7.98285374e+08]
 [7.99585029e+08]
 [7.97533677e+08]
 [7.98319263e+08]
 [8.00858433e+08]
 [7.97386759e+08]
 [7.97939606e+08]
 [7.98804253e+08]
 [8.02585041e+08]
 [7.99756268e+08]
 [7.98532869e+08]
 [8.00902200e+08]
 [7.99991293e+08]
 [8.01648578e+08]
 [7.98982413e+08]
 [7.98156918e+08]
 [7.97011685e+08]
 [8.00484993e+08]
 [7.96534130e+08]
 [7.96257217e+08]
 [7.98314868e+08]
 [7.98004206e+08]
 [7.99308565e+08]
 [7.99532927e+08]
 [7.98484026e+08]
 [7.98058149e+08]
 [7.98049744e+08]
 [7.99049655e+08]
 [8.02673148e+08]
 [7.98985989e+08]
 [8.00261320e+08]
 [7.99262213e+08]
 [8.01407049e+08]
 [8.00862496e+08]
 [8.00611644e+08]
 [7.99164308e+08]
 [7.99883328e+08]
 [7.99159216e+08]
 [7.99655111e+08]
 [7.99277308e+08]
 [7.99416541e+08]
 [7.99280499e+08]
 [7.98770803e+08]
 [7.98757164e+08]
 [7.98676310e+08]
 [8.00192787e+08]
 [8.00101011e+08]
 [7.99461887e+08]
 [7.98977374e+08]
 [7.98739244e+08]
 [7.99046009e+08]
 [7.99372482e+08]
 [7.99399972e+08]
 [7.97502189e+08]
 [7.99108348e+08]
 [7.97826495e+08]
 [8.01246499e+08]
 [7.97639996e+08]
 [7.99204658e+08]
 [7.98513484e+08]
 [8.00792945e+08]
 [7.97646684e+08]
 [7.95432730e+08]
 [7.99096291e+08]
 [7.99774986e+08]
 [8.00412768e+08]
 [8.00590624e+08]
 [7.98587365e+08]
 [7.99489806e+08]
 [7.99983014e+08]
 [7.96665658e+08]
 [7.98400594e+08]
 [7.99973178e+08]
 [8.00186360e+08]
 [8.00292918e+08]
 [8.00212054e+08]
 [7.98843506e+08]
 [8.00980591e+08]
 [7.98538001e+08]
 [8.00360567e+08]
 [7.99625791e+08]
 [8.00666341e+08]
 [7.99039047e+08]
 [7.98020863e+08]
 [7.98243748e+08]
 [8.00546190e+08]
 [7.99524739e+08]
 [8.01154395e+08]
 [7.98703884e+08]
 [7.98631203e+08]
 [7.98112783e+08]
 [7.99612930e+08]
 [7.99285164e+08]
 [7.99691257e+08]
 [7.99293528e+08]
 [8.00779812e+08]
 [7.97421723e+08]
 [8.01136148e+08]
 [7.99886347e+08]
 [8.00699091e+08]
 [7.98033427e+08]
 [7.99647367e+08]
 [8.00753378e+08]
 [8.00447327e+08]
 [7.98716583e+08]
 [7.99925161e+08]
 [7.99584412e+08]
 [7.99490533e+08]
 [7.98217818e+08]
 [8.01883634e+08]
 [7.99163258e+08]
 [7.97558126e+08]
 [8.01590577e+08]
 [7.99794339e+08]
 [8.02352925e+08]
 [8.00880041e+08]
 [8.01265220e+08]
 [8.00595991e+08]
 [7.99268764e+08]
 [8.00431771e+08]
 [8.00982918e+08]
 [7.99288687e+08]
 [7.97698722e+08]
 [8.00514087e+08]
 [7.99964171e+08]
 [7.97902621e+08]
 [7.97531090e+08]
 [7.99039238e+08]
 [7.99014815e+08]
 [8.00604598e+08]
 [8.00570350e+08]
 [7.98108488e+08]
 [7.99253848e+08]
 [7.99371232e+08]
 [8.00207768e+08]
 [8.00035257e+08]
 [8.00443350e+08]
 [7.99816097e+08]
 [8.00349266e+08]
 [7.98377311e+08]
 [8.01190336e+08]
 [7.99741334e+08]
 [8.00947236e+08]
 [7.99098108e+08]
 [7.99573880e+08]
 [7.98157529e+08]
 [8.01716039e+08]
 [7.98401979e+08]
 [8.00759714e+08]
 [8.02467822e+08]
 [7.98337470e+08]
 [8.00321048e+08]
 [7.98507545e+08]
 [7.98473949e+08]
 [7.99081144e+08]
 [8.00648045e+08]
 [7.98729275e+08]
 [8.00733838e+08]
 [7.97453823e+08]
 [7.99519080e+08]
 [7.99071635e+08]
 [8.00084218e+08]
 [7.99783895e+08]
 [8.01171887e+08]
 [7.99425627e+08]
 [7.98508899e+08]
 [7.99900617e+08]
 [7.99767270e+08]
 [7.98771653e+08]
 [7.98155870e+08]
 [8.01515025e+08]
 [7.98568507e+08]
 [8.01094860e+08]
 [7.99500850e+08]
 [7.97886812e+08]
 [7.99032381e+08]
 [8.01734672e+08]
 [7.97151764e+08]
 [8.00925792e+08]
 [7.98868621e+08]
 [7.99000495e+08]
 [7.99522233e+08]
 [8.00330654e+08]
 [7.97034935e+08]
 [8.00561623e+08]
 [8.00110145e+08]
 [7.98606529e+08]
 [7.99929618e+08]
 [7.99748506e+08]
 [7.99472771e+08]
 [8.00035493e+08]
 [8.01953535e+08]
 [8.00070654e+08]
 [8.00010548e+08]
 [7.97563432e+08]
 [8.00502661e+08]
 [7.99225933e+08]
 [7.97980394e+08]
 [7.99320079e+08]
 [8.00431023e+08]
 [7.97969794e+08]
 [7.97427181e+08]
 [8.00527407e+08]
 [7.99355152e+08]
 [8.00675998e+08]
 [8.00165967e+08]
 [7.99917114e+08]
 [7.98407674e+08]
 [8.01004772e+08]
 [7.97944267e+08]
 [7.99519929e+08]
 [7.99401812e+08]
 [8.00495901e+08]
 [7.97657993e+08]
 [7.98423539e+08]
 [7.99085522e+08]
 [7.99204809e+08]
 [7.99511475e+08]
 [7.98753305e+08]
 [7.98027909e+08]
 [7.98737100e+08]
 [8.00019743e+08]
 [7.98155519e+08]
 [8.01432747e+08]
 [7.99030297e+08]
 [8.00131595e+08]
 [7.98624256e+08]
 [7.99789987e+08]
 [7.99704720e+08]
 [7.98460391e+08]
 [7.97645822e+08]
 [7.99875179e+08]
 [8.00852323e+08]
 [7.98944681e+08]
 [7.99236679e+08]
 [8.00546267e+08]
 [7.99863639e+08]
 [8.00702181e+08]
 [7.98448016e+08]
 [7.97435840e+08]
 [7.99390508e+08]
 [7.97999902e+08]
 [8.00780215e+08]
 [7.98578561e+08]
 [8.01562696e+08]
 [7.99490934e+08]
 [8.02667240e+08]
 [7.99615811e+08]
 [8.00084585e+08]
 [7.98936693e+08]
 [7.99454108e+08]
 [8.01412262e+08]
 [7.97767238e+08]
 [8.00471228e+08]
 [7.99403651e+08]
 [8.00395529e+08]
 [7.98523407e+08]
 [7.97072283e+08]
 [7.99402126e+08]
 [8.01766599e+08]
 [8.01267066e+08]
 [7.99597157e+08]
 [8.00156634e+08]
 [8.02176800e+08]
 [8.01651537e+08]
 [7.99298536e+08]
 [7.97149680e+08]
 [8.00358060e+08]
 [7.98338216e+08]
 [7.98583819e+08]
 [8.00198709e+08]
 [7.99339556e+08]
 [7.98445523e+08]
 [8.00306362e+08]
 [7.98158312e+08]
 [7.99782129e+08]
 [7.98941820e+08]
 [7.98076503e+08]
 [7.98414099e+08]
 [7.99557410e+08]
 [8.00043087e+08]
 [7.97408144e+08]
 [7.99291015e+08]
 [7.97716908e+08]
 [8.00348533e+08]
 [7.99074430e+08]
 [7.99362349e+08]
 [7.99199581e+08]
 [7.98470201e+08]
 [7.98681756e+08]
 [8.00925954e+08]
 [7.99582468e+08]
 [7.97725600e+08]
 [7.99578165e+08]
 [8.01654897e+08]
 [8.00812986e+08]
 [8.01008837e+08]
 [8.01686597e+08]
 [8.00817250e+08]
 [7.99626205e+08]
 [7.99850541e+08]
 [8.01119537e+08]
 [7.98597217e+08]
 [8.01162937e+08]
 [7.96471738e+08]
 [8.00459060e+08]
 [7.99291827e+08]
 [7.99999084e+08]
 [7.98940265e+08]
 [7.97836047e+08]
 [7.98509792e+08]
 [7.99200765e+08]
 [7.99507092e+08]
 [7.99748885e+08]
 [7.99675581e+08]
 [7.99986463e+08]
 [7.99989955e+08]
 [8.00322669e+08]
 [7.98650378e+08]
 [8.00338590e+08]
 [8.00629627e+08]
 [8.02102822e+08]
 [7.99794638e+08]
 [7.99790222e+08]
 [8.01603181e+08]
 [7.98254498e+08]
 [7.96490732e+08]
 [7.98141320e+08]
 [7.98582537e+08]
 [7.99824479e+08]
 [7.99497353e+08]
 [7.97498536e+08]
 [7.96772149e+08]
 [7.99822780e+08]
 [8.01621111e+08]
 [8.01051312e+08]
 [7.99413748e+08]
 [7.99123262e+08]
 [7.98494055e+08]
 [7.97966414e+08]
 [7.99611004e+08]
 [7.99427641e+08]
 [7.99352441e+08]
 [7.99100640e+08]
 [7.99952846e+08]
 [7.98780201e+08]
 [8.02257021e+08]
 [7.99023971e+08]
 [7.99763915e+08]
 [8.00007628e+08]
 [7.98944384e+08]
 [7.98558068e+08]
 [7.99568869e+08]
 [8.00591047e+08]
 [7.99178711e+08]
 [8.00211025e+08]
 [7.98144148e+08]
 [8.01294496e+08]
 [7.99200928e+08]
 [8.01103418e+08]
 [8.00820845e+08]
 [7.98382163e+08]
 [7.97293127e+08]
 [8.00973457e+08]
 [8.01689988e+08]
 [7.99534948e+08]
 [7.98878047e+08]
 [8.00697973e+08]
 [7.99192297e+08]
 [8.00282214e+08]
 [8.01177762e+08]
 [8.00235901e+08]
 [7.99488180e+08]
 [7.98218468e+08]
 [8.00100644e+08]
 [8.03889158e+08]
 [8.00071602e+08]
 [7.97139391e+08]
 [8.00856902e+08]
 [8.00020286e+08]
 [7.99456558e+08]
 [7.99933755e+08]
 [8.00166870e+08]
 [7.98193515e+08]
 [7.99643073e+08]
 [7.99286365e+08]
 [7.97484227e+08]
 [8.00394042e+08]
 [7.98144759e+08]
 [7.99219013e+08]
 [8.00946894e+08]
 [8.01484366e+08]
 [7.98157488e+08]
 [8.00311374e+08]
 [7.98665819e+08]
 [7.98358378e+08]
 [7.96864767e+08]
 [7.99506730e+08]
 [7.98122923e+08]
 [7.99946036e+08]
 [7.98944535e+08]
 [7.99131884e+08]
 [7.98423681e+08]
 [8.01120926e+08]
 [8.00607664e+08]
 [8.00603255e+08]
 [7.98733165e+08]
 [7.98256068e+08]
 [8.00581179e+08]
 [8.01132734e+08]
 [8.00004026e+08]
 [8.00019388e+08]
 [7.99489023e+08]
 [8.00093196e+08]
 [8.01313523e+08]
 [7.98541422e+08]
 [7.97854025e+08]
 [8.00387577e+08]
 [8.00858775e+08]] 

Process  {1}  has a local dot of  [[7.99496354e+08]
 [7.97588937e+08]
 [8.01915164e+08]
 [7.98836771e+08]
 [7.98127304e+08]
 [8.02742755e+08]
 [7.99223392e+08]
 [7.99292602e+08]
 [7.99653599e+08]
 [8.01252159e+08]
 [7.99122797e+08]
 [7.99874780e+08]
 [8.00525075e+08]
 [7.99061209e+08]
 [8.01487058e+08]
 [7.98078569e+08]
 [7.99799795e+08]
 [7.98321830e+08]
 [7.98699232e+08]
 [7.99820722e+08]
 [7.98526856e+08]
 [7.98321905e+08]
 [7.99968697e+08]
 [8.00596931e+08]
 [7.98785915e+08]
 [7.99595998e+08]
 [7.98326535e+08]
 [7.97440214e+08]
 [8.00830576e+08]
 [8.00367972e+08]
 [7.98263116e+08]
 [7.97826443e+08]
 [8.00846160e+08]
 [8.01856532e+08]
 [7.99843185e+08]
 [8.00718694e+08]
 [7.97748405e+08]
 [8.00439031e+08]
 [7.98786183e+08]
 [8.00776731e+08]
 [7.98186299e+08]
 [7.99497480e+08]
 [7.98174697e+08]
 [7.98356597e+08]
 [7.99753156e+08]
 [7.99100410e+08]
 [7.98705498e+08]
 [8.00170903e+08]
 [7.99449152e+08]
 [7.98695060e+08]
 [7.97826714e+08]
 [8.00288309e+08]
 [7.99590989e+08]
 [7.98527734e+08]
 [7.98345313e+08]
 [7.98050630e+08]
 [8.01821716e+08]
 [7.98073803e+08]
 [8.00810817e+08]
 [8.00245064e+08]
 [8.01969645e+08]
 [8.01279388e+08]
 [7.98016145e+08]
 [8.01166024e+08]
 [8.00368365e+08]
 [8.00559034e+08]
 [7.99845595e+08]
 [8.01072046e+08]
 [7.98242144e+08]
 [7.98563175e+08]
 [7.97262855e+08]
 [7.97426172e+08]
 [7.99363365e+08]
 [7.98007864e+08]
 [8.00987857e+08]
 [8.00366780e+08]
 [7.99871533e+08]
 [8.01420814e+08]
 [7.99049908e+08]
 [7.99275706e+08]
 [8.00705044e+08]
 [7.97739127e+08]
 [8.00560089e+08]
 [7.99605036e+08]
 [8.01106357e+08]
 [7.98508989e+08]
 [8.00014202e+08]
 [7.99487420e+08]
 [7.98237480e+08]
 [8.00280093e+08]
 [8.00061823e+08]
 [8.01039726e+08]
 [7.98665807e+08]
 [7.99336976e+08]
 [7.98096350e+08]
 [8.00173261e+08]
 [7.99521054e+08]
 [7.99400019e+08]
 [8.00038120e+08]
 [7.98375540e+08]
 [8.00369352e+08]
 [8.01187030e+08]
 [7.97904728e+08]
 [8.00934673e+08]
 [7.99850163e+08]
 [7.99672445e+08]
 [7.98784575e+08]
 [7.98077095e+08]
 [8.00300111e+08]
 [7.99255777e+08]
 [7.99676379e+08]
 [7.98637538e+08]
 [7.99298070e+08]
 [7.99733958e+08]
 [8.01148308e+08]
 [8.00006090e+08]
 [7.99474887e+08]
 [7.98157490e+08]
 [7.98780872e+08]
 [8.01581503e+08]
 [8.01847313e+08]
 [7.98968819e+08]
 [8.00115958e+08]
 [8.01460991e+08]
 [8.00219603e+08]
 [7.98997328e+08]
 [8.01286961e+08]
 [7.99602117e+08]
 [7.99328633e+08]
 [7.98220615e+08]
 [8.01067413e+08]
 [8.01002008e+08]
 [8.01487476e+08]
 [8.01961309e+08]
 [7.98880668e+08]
 [7.97684057e+08]
 [7.98976390e+08]
 [7.99988447e+08]
 [7.99640063e+08]
 [7.98780493e+08]
 [7.98014616e+08]
 [8.02165912e+08]
 [8.02520532e+08]
 [7.97740710e+08]
 [8.00792501e+08]
 [7.98247624e+08]
 [7.99542913e+08]
 [8.00181379e+08]
 [7.98710600e+08]
 [7.99745370e+08]
 [7.99691796e+08]
 [8.01761951e+08]
 [7.99464316e+08]
 [8.01096362e+08]
 [7.98858026e+08]
 [7.99216455e+08]
 [7.98453245e+08]
 [7.99621687e+08]
 [8.01140695e+08]
 [8.00430070e+08]
 [7.98612946e+08]
 [7.96519503e+08]
 [7.98603358e+08]
 [7.98887532e+08]
 [8.00701986e+08]
 [7.97727805e+08]
 [7.97727882e+08]
 [7.99838917e+08]
 [8.00165755e+08]
 [7.99341660e+08]
 [7.99469319e+08]
 [7.99942424e+08]
 [7.99791060e+08]
 [7.99291512e+08]
 [7.98564836e+08]
 [7.99850012e+08]
 [7.99905201e+08]
 [7.98575578e+08]
 [7.98694054e+08]
 [8.00255218e+08]
 [8.01491780e+08]
 [8.03745678e+08]
 [8.00447728e+08]
 [8.01035422e+08]
 [8.00267322e+08]
 [7.98924115e+08]
 [7.98471016e+08]
 [8.00032770e+08]
 [7.98314296e+08]
 [7.99215648e+08]
 [7.98854482e+08]
 [7.99447194e+08]
 [7.98060363e+08]
 [7.98090096e+08]
 [8.02066681e+08]
 [7.98631473e+08]
 [7.98451728e+08]
 [7.99847319e+08]
 [7.98726372e+08]
 [7.97813634e+08]
 [8.01954684e+08]
 [8.01751533e+08]
 [8.00539708e+08]
 [8.00471495e+08]
 [8.02079565e+08]
 [8.00273360e+08]
 [7.99362967e+08]
 [8.00602532e+08]
 [7.98519650e+08]
 [7.97340204e+08]
 [7.99659450e+08]
 [7.99849753e+08]
 [8.01072375e+08]
 [7.97561047e+08]
 [7.99143310e+08]
 [8.01165830e+08]
 [8.00568201e+08]
 [8.01267203e+08]
 [8.00800701e+08]
 [8.01202649e+08]
 [7.98541560e+08]
 [7.99512086e+08]
 [7.99029926e+08]
 [8.01251846e+08]
 [7.98364559e+08]
 [7.98991204e+08]
 [8.00801666e+08]
 [7.99952856e+08]
 [8.00211249e+08]
 [7.99301602e+08]
 [7.98887724e+08]
 [7.96913531e+08]
 [7.99208017e+08]
 [8.00471303e+08]
 [7.99883299e+08]
 [8.00667884e+08]
 [7.99444227e+08]
 [7.98850713e+08]
 [8.00480043e+08]
 [7.99799622e+08]
 [7.97139193e+08]
 [8.00948542e+08]
 [7.98968121e+08]
 [7.99459895e+08]
 [7.99835523e+08]
 [8.00368606e+08]
 [7.98252437e+08]
 [7.97982151e+08]
 [8.00597236e+08]
 [7.97821654e+08]
 [8.01140847e+08]
 [8.00141818e+08]
 [7.99484853e+08]
 [8.00558183e+08]
 [7.98831047e+08]
 [8.00720395e+08]
 [8.01098568e+08]
 [7.97937724e+08]
 [7.98973462e+08]
 [8.00520044e+08]
 [7.99158904e+08]
 [7.98384580e+08]
 [7.99465454e+08]
 [8.00854292e+08]
 [8.01350887e+08]
 [7.98292247e+08]
 [7.99280137e+08]
 [8.02672575e+08]
 [7.99503018e+08]
 [8.00829429e+08]
 [7.97809137e+08]
 [8.01944609e+08]
 [8.00076076e+08]
 [7.99043092e+08]
 [7.99535735e+08]
 [7.99456969e+08]
 [7.98639306e+08]
 [7.99472915e+08]
 [7.99789271e+08]
 [7.99917823e+08]
 [8.00090752e+08]
 [7.97908899e+08]
 [8.01426789e+08]
 [7.97667941e+08]
 [7.98579164e+08]
 [8.00551644e+08]
 [7.99695445e+08]
 [8.01311222e+08]
 [7.99560505e+08]
 [7.98976825e+08]
 [8.01565079e+08]
 [7.98638638e+08]
 [8.00075971e+08]
 [7.98565514e+08]
 [8.00652855e+08]
 [8.00639537e+08]
 [7.98443751e+08]
 [8.00600948e+08]
 [7.98039744e+08]
 [7.99657619e+08]
 [7.99521239e+08]
 [8.00760468e+08]
 [8.00390061e+08]
 [8.01099581e+08]
 [8.00852148e+08]
 [7.99066094e+08]
 [8.02103446e+08]
 [8.00490232e+08]
 [8.00160252e+08]
 [8.00371302e+08]
 [7.98615246e+08]
 [8.01028190e+08]
 [8.00159215e+08]
 [7.99036846e+08]
 [8.00002452e+08]
 [7.99097856e+08]
 [7.97737685e+08]
 [7.98786165e+08]
 [7.97552772e+08]
 [7.99230269e+08]
 [7.98978910e+08]
 [8.00616553e+08]
 [8.00880846e+08]
 [7.99043874e+08]
 [7.99173896e+08]
 [7.99021134e+08]
 [7.99719445e+08]
 [7.97812605e+08]
 [8.02067421e+08]
 [8.01201765e+08]
 [8.00690853e+08]
 [8.00576001e+08]
 [7.99811894e+08]
 [7.99590361e+08]
 [7.99490577e+08]
 [7.98515138e+08]
 [7.99508015e+08]
 [7.99673290e+08]
 [7.99162186e+08]
 [7.98994268e+08]
 [7.97828511e+08]
 [7.98399308e+08]
 [8.00531471e+08]
 [7.99364392e+08]
 [8.00110198e+08]
 [8.00877713e+08]
 [7.98373018e+08]
 [7.98944831e+08]
 [8.01476979e+08]
 [7.99512216e+08]
 [7.99171024e+08]
 [7.98497655e+08]
 [7.99789209e+08]
 [7.98797564e+08]
 [8.00130219e+08]
 [8.02405334e+08]
 [7.98671622e+08]
 [7.99648659e+08]
 [7.96275397e+08]
 [7.98159580e+08]
 [7.97929382e+08]
 [8.01492582e+08]
 [8.01520474e+08]
 [7.98449004e+08]
 [7.98773660e+08]
 [7.99114680e+08]
 [8.00743590e+08]
 [7.98212694e+08]
 [8.00853623e+08]
 [7.98336619e+08]
 [7.97850907e+08]
 [8.01205807e+08]
 [7.99983606e+08]
 [7.98625256e+08]
 [7.96885133e+08]
 [7.98933713e+08]
 [8.00306755e+08]
 [7.99081587e+08]
 [7.98651732e+08]
 [8.00373942e+08]
 [7.97904779e+08]
 [7.98175270e+08]
 [8.01756850e+08]
 [7.99693072e+08]
 [7.99990422e+08]
 [8.00827970e+08]
 [7.99013655e+08]
 [7.98146188e+08]
 [7.99079313e+08]
 [7.99168697e+08]
 [7.98361998e+08]
 [7.97592283e+08]
 [8.00182387e+08]
 [7.98564418e+08]
 [7.99661829e+08]
 [8.00770517e+08]
 [7.97974854e+08]
 [7.98719204e+08]
 [8.01672666e+08]
 [7.98695607e+08]
 [8.00548308e+08]
 [8.00021551e+08]
 [7.99407462e+08]
 [7.99320913e+08]
 [7.98485152e+08]
 [7.98484009e+08]
 [8.00688976e+08]
 [7.98693765e+08]
 [7.98739415e+08]
 [7.97907820e+08]
 [8.00235187e+08]
 [7.98474629e+08]
 [7.99549091e+08]
 [8.00326154e+08]
 [7.98597692e+08]
 [8.00663237e+08]
 [8.01458410e+08]
 [7.98936558e+08]
 [7.98585333e+08]
 [8.00554387e+08]
 [8.00932701e+08]
 [8.01184111e+08]
 [7.97641433e+08]
 [7.98997364e+08]
 [7.97824763e+08]
 [7.99765368e+08]
 [8.00044090e+08]
 [7.98859549e+08]
 [7.98858011e+08]
 [8.00573896e+08]
 [8.00359471e+08]
 [7.97674377e+08]
 [7.99782252e+08]
 [7.99400617e+08]
 [8.01535037e+08]
 [8.01967236e+08]
 [8.00887800e+08]
 [7.99863922e+08]
 [7.98944132e+08]
 [7.98441456e+08]
 [8.00735058e+08]
 [7.97542651e+08]
 [7.99032054e+08]
 [8.00649834e+08]
 [8.00927550e+08]
 [7.96795630e+08]
 [7.99782342e+08]
 [7.98590308e+08]
 [8.00143921e+08]
 [7.99525729e+08]
 [7.98442512e+08]
 [8.00326357e+08]
 [7.99284145e+08]
 [7.99509005e+08]
 [7.98772114e+08]
 [7.98491299e+08]
 [7.98779077e+08]
 [8.00810898e+08]
 [7.99394979e+08]
 [7.98054521e+08]
 [7.97144785e+08]
 [7.99431166e+08]
 [7.98476013e+08]
 [7.98037964e+08]
 [8.02276168e+08]
 [8.00505062e+08]
 [7.98748118e+08]
 [7.98755546e+08]
 [7.99270432e+08]
 [8.00930929e+08]
 [7.99668846e+08]
 [7.98990692e+08]
 [7.99234207e+08]
 [7.99833218e+08]
 [7.99207969e+08]
 [8.00898458e+08]
 [7.98628306e+08]
 [8.00157653e+08]
 [8.00900509e+08]
 [7.99877981e+08]
 [7.99919282e+08]
 [7.98281612e+08]
 [7.99450760e+08]
 [7.99642796e+08]
 [8.00397421e+08]
 [7.99380693e+08]
 [7.97298501e+08]
 [7.99658209e+08]
 [7.98697607e+08]
 [8.01948189e+08]
 [8.00527411e+08]
 [7.99098602e+08]
 [8.00282254e+08]
 [7.98138678e+08]
 [7.98146559e+08]
 [8.02257719e+08]
 [7.99561034e+08]
 [8.00117967e+08]
 [8.01130394e+08]
 [7.99485796e+08]] 

Process  {7}  has a local dot of  [[7.99322986e+08]
 [8.00012303e+08]
 [7.98996010e+08]
 [8.01243818e+08]
 [7.98718179e+08]
 [7.99394989e+08]
 [7.97560399e+08]
 [7.99599479e+08]
 [7.99922829e+08]
 [7.99716404e+08]
 [7.99201921e+08]
 [7.99520242e+08]
 [8.01158992e+08]
 [7.99249613e+08]
 [7.98877531e+08]
 [8.00738343e+08]
 [8.00817189e+08]
 [8.01397581e+08]
 [7.99245933e+08]
 [8.00152230e+08]
 [8.01558019e+08]
 [7.98987244e+08]
 [8.01154899e+08]
 [7.99741625e+08]
 [7.99824959e+08]
 [7.97202140e+08]
 [7.98120623e+08]
 [8.02329867e+08]
 [8.00517789e+08]
 [7.99819311e+08]
 [8.01130444e+08]
 [7.98300457e+08]
 [7.97768310e+08]
 [8.00767269e+08]
 [7.99488129e+08]
 [7.99457781e+08]
 [7.99439555e+08]
 [7.96859955e+08]
 [7.97920448e+08]
 [8.00850503e+08]
 [7.98082771e+08]
 [7.98085817e+08]
 [8.01017857e+08]
 [8.02757219e+08]
 [8.00986338e+08]
 [7.99741105e+08]
 [7.98723400e+08]
 [7.99816136e+08]
 [8.00461983e+08]
 [7.99685366e+08]
 [8.00715971e+08]
 [7.98199983e+08]
 [7.99517010e+08]
 [7.99229638e+08]
 [7.98450944e+08]
 [7.98535644e+08]
 [8.01601853e+08]
 [8.00636873e+08]
 [7.97919510e+08]
 [7.97535190e+08]
 [7.98884501e+08]
 [7.99118339e+08]
 [7.98150901e+08]
 [8.00229028e+08]
 [7.99493052e+08]
 [7.99797954e+08]
 [7.98399738e+08]
 [8.00657753e+08]
 [7.98301101e+08]
 [7.98557469e+08]
 [8.01483414e+08]
 [8.02311824e+08]
 [8.00203573e+08]
 [7.98503818e+08]
 [8.00295933e+08]
 [7.99657846e+08]
 [7.99024876e+08]
 [8.00700755e+08]
 [8.00089230e+08]
 [7.99863943e+08]
 [7.99029809e+08]
 [8.00160167e+08]
 [7.99445414e+08]
 [7.98456394e+08]
 [7.99180988e+08]
 [7.99774536e+08]
 [8.00639292e+08]
 [7.99572204e+08]
 [7.99462065e+08]
 [7.99031445e+08]
 [8.00770639e+08]
 [7.99000307e+08]
 [7.97024485e+08]
 [7.99227280e+08]
 [7.99822059e+08]
 [7.98797769e+08]
 [8.02364406e+08]
 [7.99528818e+08]
 [7.99437812e+08]
 [8.00158543e+08]
 [8.00089690e+08]
 [8.00727737e+08]
 [7.99885367e+08]
 [7.99431341e+08]
 [7.98476836e+08]
 [7.96843451e+08]
 [7.98364950e+08]
 [7.99711807e+08]
 [7.99372428e+08]
 [7.97618937e+08]
 [7.98649999e+08]
 [8.00379224e+08]
 [7.98738611e+08]
 [7.99617022e+Process  {2}  has a local dot of  08]
 [8.00588093e+08]
 [7.98565587e+08]
 [8.00990719e+08]
 [8.00059607e+08]
 [7.99358708e+08]
 [7.99566696e+08]
 [7.98385595e+08]
 [8.00916222e+08]
 [8.00491538e+08]
 [8.00969058e+08]
 [8.00496867e+08]
 [8.00727822e+08]
 [7.99817788e+08]
 [7.96016426e+08]
 [7.97456617e+08]
 [7.98515854e+08]
 [8.00584009e+08]
 [8.00379709e+08]
 [8.00311481e+08]
 [8.01825109e+08]
 [7.99466794e+08]
 [7.99662170e+08]
 [7.98988053e+08]
 [8.00411157e+08]
 [7.96198262e+08]
 [8.00077187e+08]
 [8.00886338e+08]
 [7.99706545e+08]
 [7.99572852e+08]
 [8.00834373e+08]
 [7.99592854e+08]
 [7.99930313e+08]
 [7.97282866e+08]
 [7.97350935e+08]
 [8.01292977e+08]
 [7.99317519e+08]
 [7.97875958e+08]
 [7.98152634e+08]
 [7.97808441e+08]
 [7.96853239e+08]
 [7.99968280e+08]
 [8.00958133e+08]
 [8.00427932e+08]
 [7.99205787e+08]
 [7.99282818e+08]
 [7.99802649e+08]
 [7.99546637e+08]
 [7.98197118e+08]
 [8.01230178e+08]
 [7.98709280e+08]
 [7.98903068e+08]
 [7.99426763e+08]
 [8.01527098e+08]
 [7.98865365e+08]
 [7.99363636e+08]
 [7.97714789e+08]
 [7.99920213e+08]
 [7.99236392e+08]
 [7.99055876e+08]
 [7.99269646e+08]
 [7.98337479e+08]
 [7.98180105e+08]
 [8.01092545e+08]
 [8.01136369e+08]
 [7.98227145e+08]
 [7.99585347e+08]
 [7.98800147e+08]
 [7.99112650e+08]
 [7.98393724e+08]
 [8.00480458e+08]
 [7.98261384e+08]
 [8.00062665e+08]
 [7.99599924e+08]
 [7.99040108e+08]
 [7.99396957e+08]
 [8.00234406e+08]
 [8.01495146e+08]
 [8.01168851e+08]
 [7.98782850e+08]
 [7.98609959e+08]
 [8.00753771e+08]
 [7.99493257e+08]
 [8.00365061e+08]
 [7.97718642e+08]
 [8.00159384e+08]
 [7.98412732e+08]
 [8.00143088e+08]
 [7.98783313e+08]
 [7.98951189e+08]
 [7.99115290e+08]
 [8.01678602e+08]
 [7.99267865e+08]
 [8.00022942e+08]
 [8.01594493e+08]
 [8.01372863e+08]
 [7.99157758e+08]
 [8.00277442e+08]
 [8.00073098e+08]
 [7.98005013e+08]
 [7.98581244e+08]
 [7.98054709e+08]
 [7.99522780e+08]
 [7.99849910e+08]
 [8.01191124e+08]
 [7.99433069e+08]
 [8.00750215e+08]
 [7.98434069e+08]
 [8.00754617e+08]
 [8.01811021e+08]
 [7.99024386e+08]
 [8.00144024e+08]
 [7.98366906e+08]
 [8.01300611e+08]
 [7.97729210e+08]
 [8.01076936e+08]
 [8.01845045e+08]
 [7.99843448e+08]
 [7.97891335e+08]
 [7.99278220e+08]
 [7.99477354e+08]
 [7.99314026e+08]
 [7.98524204e+08]
 [8.00173395e+08]
 [7.99031066e+08]
 [8.00607409e+08]
 [8.02035183e+08]
 [7.99151870e+08]
 [7.98398115e+08]
 [7.99183339e+08]
 [8.01927159e+08]
 [7.97811169e+08]
 [8.00198937e+08]
 [7.98224092e+08]
 [8.01452776e+08]
 [7.98720077e+08]
 [7.98404279e+08]
 [7.98075985e+08]
 [7.98027806e+08]
 [7.99445213e+08]
 [7.99828759e+08]
 [8.00378205e+08]
 [7.98542002e+08]
 [7.98792740e+08]
 [7.99801643e+08]
 [7.98617993e+08]
 [7.98507993e+08]
 [8.01145335e+08]
 [7.97635272e+08]
 [7.98729712e+08]
 [8.00716317e+08]
 [8.01227053e+08]
 [7.97149015e+08]
 [7.96395888e+08]
 [7.99937878e+08]
 [7.99643202e+08]
 [8.00385217e+08]
 [8.00598514e+08]
 [7.99762142e+08]
 [7.99201559e+08]
 [8.00734449e+08]
 [8.01304441e+08]
 [8.01429088e+08]
 [7.99788375e+08]
 [8.00111329e+08]
 [8.01290517e+08]
 [8.01045950e+08]
 [7.97710031e+08]
 [8.00918223e+08]
 [7.98408115e+08]
 [8.01800852e+08]
 [8.00731908e+08]
 [7.99125692e+08]
 [7.99953336e+08]
 [8.00006973e+08]
 [8.00212230e+08]
 [7.99020233e+08]
 [8.00509198e+08]
 [7.99140104e+08]
 [8.01441110e+08]
 [7.97021587e+08]
 [8.00758339e+08]
 [7.99396317e+08]
 [7.97683042e+08]
 [7.96374324e+08]
 [7.98951998e+08]
 [7.99495786e+08]
 [7.98139138e+08]
 [7.99021655e+08]
 [8.00875683e+08]
 [7.99828319e+08]
 [8.00667976e+08]
 [8.01214924e+08]
 [7.98505404e+08]
 [7.98838974e+08]
 [8.00410721e+08]
 [8.02398660e+08]
 [8.00121406e+08]
 [7.97994338e+08]
 [8.02756950e+08]
 [8.00530867e+08]
 [7.98277804e+08]
 [8.00958494e+08]
 [8.02667620e+08]
 [7.98814930e+08]
 [7.98466016e+08]
 [7.99282763e+08]
 [7.99834226e+08]
 [8.00723015e+08]
 [7.99898033e+08]
 [7.98242628e+08]
 [7.99113826e+08]
 [7.99816430e+08]
 [8.00470341e+08]
 [8.00336533e+08]
 [7.99766210e+08]
 [7.98064258e+08]
 [7.97944447e+08]
 [7.96505345e+08]
 [7.99824332e+08]
 [8.00235902e+08]
 [7.99285537e+08]
 [8.00199127e+08]
 [7.97699587e+08]
 [7.96356630e+08]
 [7.99223824e+08]
 [7.98000032e+08]
 [7.97415876e+08]
 [7.9[[7.98867855e+08]
 [7.97990580e+08]
 [7.98366561e+08]
 [7.99546752e+08]
 [8.00739387e+08]
 [7.97004044e+08]
 [7.99920616e+08]
 [7.97175314e+08]
 [7.98162959e+08]
 [8.00878149e+08]
 [7.98319793e+08]
 [7.97212864e+08]
 [8.00447831e+08]
 [8.00194891e+08]
 [7.97515918e+08]
 [8.00496682e+08]
 [7.98742859e+08]
 [7.98733992e+08]
 [7.99679044e+08]
 [8.01556842e+08]
 [7.97451716e+08]
 [8.00731417e+08]
 [7.97677450e+08]
 [7.98234206e+08]
 [8.00325004e+08]
 [8.01443272e+08]
 [7.99270348e+08]
 [8.00443733e+08]
 [7.99774799e+08]
 [7.98032299e+08]
 [8.00306519e+08]
 [8.00724280e+08]
 [7.98027309e+08]
 [7.98553677e+08]
 [8.00688737e+08]
 [7.99365413e+08]
 [7.98556422e+08]
 [7.97680530e+08]
 [7.97379487e+08]
 [7.98171093e+08]
 [8.00061807e+08]
 [8.00023043e+08]
 [7.98521582e+08]
 [7.98895444e+08]
 [8.00241930e+08]
 [7.96852538e+08]
 [8.01299968e+08]
 [7.99363910e+08]
 [8.01130892e+08]
 [8.00998850e+08]
 [7.98154982e+08]
 [8.00122262e+08]
 [7.97163372e+08]
 [8.00428769e+08]
 [8.01059243e+08]
 [7.98729450e+08]
 [7.97848485e+08]
 [8.00920183e+08]
 [7.98821901e+08]
 [7.97510275e+08]
 [7.97627222e+08]
 [7.99796243e+08]
 [7.98725362e+08]
 [8.00541636e+08]
 [8.00212595e+08]
 [7.99468822e+08]
 [7.97369642e+08]
 [8.00807076e+08]
 [7.98395913e+08]
 [7.99851750e+08]
 [7.98998956e+08]
 [7.95799160e+08]
 [7.98105038e+08]
 [8.00248730e+08]
 [7.99503641e+08]
 [7.99470250e+08]
 [7.99368604e+08]
 [7.97902661e+08]
 [7.99301575e+08]
 [7.99641915e+08]
 [7.99801870e+08]
 [7.99522756e+08]
 [7.98107075e+08]
 [7.97282199e+08]
 [8.00407877e+08]
 [8.01310439e+08]
 [7.99357815e+08]
 [7.98943249e+08]
 [7.99481664e+08]
 [8.00721709e+08]
 [8.01438725e+08]
 [7.97691001e+08]
 [7.99914005e+08]
 [7.98721939e+08]
 [7.99386637e+08]
 [8.01248366e+08]
 [8.02433230e+08]
 [8.00523691e+08]
 [7.99328997e+08]
 [7.98252930e+08]
 [8.02258614e+08]
 [7.99398727e+08]
 [7.99678717e+08]
 [8.00694908e+08]
 [8.01547694e+08]
 [7.98697656e+08]
 [8.00476294e+08]
 [8.00428136e+08]
 [8.02834589e+08]
 [7.99031170e+08]
 [7.99395605e+08]
 [7.99593183e+08]
 [8.00262709e+08]
 [8.00218412e+08]
 [7.98383891e+08]
 [8.00699423e+08]
 [7.99384549e+08]
 [7.99431256e+08]
 [7.99810133e+08]
 [7.98300727e+08]
 [8.00046173e+08]
 [7.99635255e+08]
 [7.99716004e+08]
 [7.98603211e+08]
 [8.00251288e+08]
 [8.01802966e+08]
 [8.00546900e+08]
 [8.00665888e+08]
 [7.99187504e+08]
 [8.02197771e+08]
 [7.98014859e+08]
 [7.98433747e+08]
 [8.00472670e+08]
 [8.01051813e+08]
 [7.99739859e+08]
 [7.99957215e+08]
 [8.00473709e+08]
 [8.00572983e+08]
 [7.99105906e+08]
 [7.98578058e+08]
 [7.98525698e+08]
 [8.01482719e+08]
 [7.99863586e+08]
 [8.00447230e+08]
 [7.99629845e+08]
 [7.98960989e+08]
 [7.98205471e+08]
 [7.99401206e+08]
 [8.00863153e+08]
 [8.00017234e+08]
 [7.99077112e+08]
 [8.01046911e+08]
 [7.98730527e+08]
 [8.00146825e+08]
 [7.99441485e+08]
 [7.97579162e+08]
 [8.01790237e+08]
 [7.98043379e+08]
 [7.97975290e+08]
 [7.99205866e+08]
 [8.00836602e+08]
 [7.99790372e+08]
 [7.97451975e+08]
 [7.97094709e+08]
 [8.00494023e+08]
 [8.01898528e+08]
 [7.98665368e+08]
 [8.01291795e+08]
 [8.00214775e+08]
 [7.99355677e+08]
 [7.96637632e+08]
 [7.98149795e+08]
 [7.99409515e+08]
 [8.00780017e+08]
 [7.99585430e+08]
 [7.99149141e+08]
 [7.98760060e+08]
 [7.99481025e+08]
 [7.99852246e+08]
 [7.96903677e+08]
 [7.98260614e+08]
 [7.98385735e+08]
 [7.99675042e+08]
 [7.99048326e+08]
 [8.02179578e+08]
 [7.99761324e+08]
 [7.99783370e+08]
 [7.99935021e+08]
 [8.02319537e+08]
 [7.99077331e+08]
 [7.98280674e+08]
 [8.00035356e+08]
 [7.97269312e+08]
 [7.99309240e+08]
 [8.00540706e+08]
 [8.01483949e+08]
 [7.99365549e+08]
 [8.00930571e+08]
 [8.00611034e+08]
 [7.98978306e+08]
 [7.99641614e+08]
 [8.00993142e+08]
 [8.01212637e+08]
 [7.98657207e+08]
 [7.98994046e+08]
 [8.00116001e+08]
 [8.00849327e+08]
 [7.99920339e+08]
 [8.02192711e+08]
 [7.96782124e+08]
 [7.97333392e+08]
 [7.99332850e+08]
 [8.00522126e+08]
 [7.98875839e+08]
 [8.00667753e+08]
 [7.99914172e+08]
 [7.99564327e+08]
 [8.01645166e+08]
 [8.01033790e+08]
 [8.00606032e+08]
 [7.98391709e+08]
 [7.99934479e+08]
 [7.99359841e+08]
 [7.99409141e+08]
 [8.01886951e+08]
 [7.99132509e+08]
 [8.00273953e+08]
 [7.952158862809e+08]
 [8.01148479e+08]
 [7.97515191e+08]
 [7.99988043e+08]
 [7.98531149e+08]
 [7.97534802e+08]
 [7.99361152e+08]
 [7.98399339e+08]
 [8.01172665e+08]
 [8.01398051e+08]
 [7.98792930e+08]
 [7.99177010e+08]
 [7.98715618e+08]
 [7.99323502e+08]
 [7.97785982e+08]
 [8.00441096e+08]
 [8.00696698e+08]
 [8.00162257e+08]
 [7.99360002e+08]
 [7.98311763e+08]
 [7.99688706e+08]
 [8.00430613e+08]
 [7.98125516e+08]
 [8.00340937e+08]
 [8.00598517e+08]
 [7.99411140e+08]
 [7.98440140e+08]
 [7.98459752e+08]
 [7.99547782e+08]
 [7.98931664e+08]
 [7.99259057e+08]
 [7.97526349e+08]
 [7.99442646e+08]
 [8.00595629e+08]
 [7.96590182e+08]
 [7.99252853e+08]
 [7.97892892e+08]
 [8.00961121e+08]
 [7.98315968e+08]
 [7.96264039e+08]
 [8.02727775e+08]
 [7.99448730e+08]
 [7.99265188e+08]
 [8.01651803e+08]
 [7.98995534e+08]
 [7.99330476e+08]
 [7.99564867e+08]
 [7.99670918e+08]
 [7.99868526e+08]
 [7.97362164e+08]
 [7.97827509e+08]
 [8.00326187e+08]
 [7.98000550e+08]
 [7.99965587e+08]
 [8.01019108e+08]
 [8.00435182e+08]
 [7.98240519e+08]
 [7.98940989e+08]
 [7.99575573e+08]
 [7.99588886e+08]
 [8.00333861e+08]
 [7.99429017e+08]
 [7.99025115e+08]
 [7.99904825e+08]
 [8.00054974e+08]
 [8.00149932e+08]
 [8.02165251e+08]
 [7.97989793e+08]
 [8.01275023e+08]
 [7.99411367e+08]
 [8.02571940e+08]
 [8.02094114e+08]
 [7.99712917e+08]
 [7.97926016e+08]
 [7.99397967e+08]
 [7.99675341e+08]
 [8.00747041e+08]
 [7.99121665e+08]
 [8.00105801e+08]
 [7.98915796e+08]
 [7.99557575e+08]
 [7.97742053e+08]
 [7.99152724e+08]
 [7.99557098e+08]
 [7.98409019e+08]
 [8.01739409e+08]
 [7.99691486e+08]
 [7.97748092e+08]
 [7.98557836e+08]
 [7.97974915e+08]
 [7.98556837e+08]
 [7.97766972e+08]
 [8.00006670e+08]
 [8.00060569e+08]
 [7.98756656e+08]
 [8.01361734e+08]
 [7.97742343e+08]
 [7.99723590e+08]
 [8.00759484e+08]
 [7.98523110e+08]
 [7.99522549e+08]
 [7.98502750e+08]
 [8.01219920e+08]
 [7.99376161e+08]
 [7.99330706e+08]
 [7.99672901e+08]
 [8.00293068e+08]
 [7.99027077e+08]
 [8.00358759e+08]
 [7.99895158e+08]
 [7.97966430e+08]
 [7.99505616e+08]
 [7.99173827e+08]
 [8.00108766e+08]
 [7.97532155e+08]
 [7.98999170e+08]
 [7.98189966e+08]
 [7.97676268e+08]
 [8.00001968e+08]
 [7.98969211e+08]
 [8.01460078e+08]
 [7.99780570e+08]
 [8.00648114e+08]
 [7.99898046e+08]
 [7.99281390e+08]
 [7.99094261e+08]
 [7.98461868e+08]
 [7.99109225e+08]
 [8.01877690e+08]
 [8.00451481e+08]
 [7.99556694e+08]
 [8.00861125e+08]
 [8.01116341e+08]
 [7.98211601e+08]
 [8.01192242e+08]
 [7.98401619e+08]
 [7.98447360e+08]
 [7.97336259e+08]
 [7.98926849e+08]
 [8.01055765e+08]
 [8.00258182e+08]
 [7.99385890e+08]
 [8.00972645e+08]
 [7.99918871e+08]
 [7.99249815e+08]
 [8.00905111e+08]
 [7.99795445e+08]
 [7.99152553e+08]
 [7.97755169e+08]
 [7.98619730e+08]
 [7.98968458e+08]
 [7.99898143e+08]
 [7.98076971e+08]
 [8.00976738e+08]
 [7.97941729e+08]
 [7.97311984e+08]
 [7.99387796e+08]
 [7.99622335e+08]
 [8.01578549e+08]] 

660e+08]
 [8.00800631e+08]
 [7.98183044e+08]
 [7.99805506e+08]
 [7.99954182e+08]
 [7.99245548e+08]
 [8.01423113e+08]
 [7.97480439e+08]
 [7.99288314e+08]
 [7.99408493e+08]
 [7.99410860e+08]
 [7.99827965e+08]
 [7.98728009e+08]
 [7.98201298e+08]
 [7.98569836e+08]
 [7.99013196e+08]
 [7.97653125e+08]
 [8.01006310e+08]
 [8.00797771e+08]
 [7.99638434e+08]
 [8.01096316e+08]
 [8.03149457e+08]
 [8.00260864e+08]
 [8.00119020e+08]
 [7.98377216e+08]
 [8.00426608e+08]
 [7.99015994e+08]
 [7.98021145e+08]
 [8.03129881e+08]
 [8.00239169e+08]
 [8.01450766e+08]
 [7.99342404e+08]
 [8.01847892e+08]
 [7.99748323e+08]
 [7.98318392e+08]
 [7.99605273e+08]
 [8.01159802e+08]
 [7.97966673e+08]
 [8.01066407e+08]
 [8.00403606e+08]
 [7.99788827e+08]
 [7.99639820e+08]
 [7.98203833e+08]
 [7.98931821e+08]
 [7.98614945e+08]
 [8.00980045e+08]
 [8.00107989e+08]
 [7.99353773e+08]
 [8.00037467e+08]
 [7.98536933e+08]
 [7.98415354e+08]
 [7.98266031e+08]
 [8.00667260e+08]
 [7.97441166e+08]
 [8.00251250e+08]
 [8.00804149e+08]
 [7.98739940e+08]
 [8.00820422e+08]
 [7.99500147e+08]
 [7.99659499e+08]
 [7.98792233e+08]
 [7.97788715e+08]
 [7.99334881e+08]
 [7.98278797e+08]
 [7.97701187e+08]
 [8.00289370e+08]
 [7.98896322e+08]
 [8.00041927e+08]
 [7.98147946e+08]
 [8.01323102e+08]
 [7.99009163e+08]
 [8.00441790e+08]
 [7.99302641e+08]
 [7.99818892e+08]
 [7.98270840e+08]
 [8.00862973e+08]
 [7.98026368e+08]
 [7.98903083e+08]
 [8.01216079e+08]
 [8.00505003e+08]
 [8.00766691e+08]
 [7.99576835e+08]
 [7.98251705e+08]
 [7.99164470e+08]
 [7.98634338e+08]
 [7.99467992e+08]
 [7.99447052e+08]
 [8.00434081e+08]
 [7.98764386e+08]
 [8.00029236e+08]
 [8.00396789e+08]
 [7.98046580e+08]
 [8.01599961e+08]
 [7.99919137e+08]
 [7.99857568e+08]
 [7.98983311e+08]
 [7.99668949e+08]
 [8.00001683e+08]
 [7.99691052e+08]
 [7.99722072e+08]
 [7.98087987e+08]
 [7.95750420e+08]
 [7.98637172e+08]
 [7.99994058e+08]
 [7.99399039e+08]
 [7.99867082e+08]
 [7.97997560e+08]
 [8.00868345e+08]
 [7.99950990e+08]
 [8.00481426e+08]
 [8.00646543e+08]
 [8.01683552e+08]
 [7.98776133e+08]
 [8.01600312e+08]
 [7.99761983e+08]
 [7.99600991e+08]
 [8.00052832e+08]
 [7.99332135e+08]
 [7.99665723e+08]
 [7.99748681e+08]
 [7.99447992e+08]
 [7.99707593e+08]
 [8.00435917e+08]
 [7.96268870e+08]
 [7.99450927e+08]
 [7.99111159e+08]
 [8.00177568e+08]
 [7.99741901e+08]
 [7.99068990e+08]
 [8.00047467e+08]
 [8.00035813e+08]
 [7.98927112e+08]
 [8.00185319e+08]
 [8.01394268e+08]
 [7.97725754e+08]
 [7.98560060e+08]
 [8.00183647e+08]
 [7.99834908e+08]
 [8.00830924e+08]
 [8.00307621e+08]
 [8.00217939e+08]
 [7.98214205e+08]
 [7.97368238e+08]
 [7.99322787e+08]
 [7.99056037e+08]
 [7.98039428e+08]
 [8.00078626e+08]
 [7.97601376e+08]
 [7.98561760e+08]
 [7.99184348e+08]
 [7.99822829e+08]
 [7.98251590e+08]
 [7.98878781e+08]
 [8.00563921e+08]
 [7.99199222e+08]
 [7.99145153e+08]
 [7.99929234e+08]
 [7.99336388e+08]
 [7.98620291e+08]
 [7.99834160e+08]
 [7.99865607e+08]
 [7.99778699e+08]
 [7.98346940e+08]
 [7.97434497e+08]
 [7.96848098e+08]
 [7.99793959e+08]
 [8.01482401e+08]
 [7.99268374e+08]
 [7.99363410e+08]
 [8.00516727e+08]
 [7.96128100e+08]
 [7.98719620e+08]
 [7.99484102e+08]
 [7.98065377e+08]
 [7.97975122e+08]
 [7.97799314e+08]
 [7.99252941e+08]
 [7.98837675e+08]
 [7.98712707e+08]
 [7.99054380e+08]
 [8.00884654e+08]
 [7.99023761e+08]
 [7.99265006e+08]
 [7.99110282e+08]
 [7.99303978e+08]
 [7.99893776e+08]
 [8.00193976e+08]
 [8.00154369e+08]
 [8.00585344e+08]
 [7.99185839e+08]
 [7.99635777e+08]
 [7.99264313e+08]
 [7.99433443e+08]
 [7.96992294e+08]
 [7.98395476e+08]
 [8.01349684e+08]
 [8.01720583e+08]
 [7.98768193e+08]
 [7.99864521e+08]
 [7.99223186e+08]
 [8.00019495e+08]
 [8.00658054e+08]
 [7.99148756e+08]
 [7.99533486e+08]
 [8.03084287e+08]
 [7.99632372e+08]
 [7.99274857e+08]
 [7.98613458e+08]
 [7.99820375e+08]
 [7.99290276e+08]
 [7.98720781e+08]
 [8.00757068e+08]
 [7.99674300e+08]
 [8.01837267e+08]
 [7.98996026e+08]
 [8.00470987e+08]
 [8.00684199e+08]
 [8.00919430e+08]
 [7.98517307e+08]
 [7.99361754e+08]
 [8.02503540e+08]
 [8.00364450e+08]
 [8.00096030e+08]
 [8.01336850e+08]
 [7.99157277e+08]
 [7.98306884e+08]
 [7.99035725e+08]
 [7.98769084e+08]
 [7.98910326e+08]
 [8.03215498e+08]
 [7.99159640e+08]
 [7.97684597e+08]
 [8.00436661e+08]
 [7.98794145e+08]
 [7.98999319e+08]
 [8.00265576e+08]
 [7.98030076e+08]
 [7.98848909e+08]
 [7.98565450e+08]
 [8.00025476e+08]
 [7.98401330e+08]
 [7.99820160e+08]
 [8.00349894e+08]
 [7.99907909e+08]
 [8.00756902e+08]
 [8.00311843e+08]
 [7.99711694e+08]
 [7.98696971e+08]
 [7.98555176e+08]
 [7.99814298e+08]
 [8.00161705e+08]
 [7.99374001e+08]
 [8.00170614e+08]
 [7.99138906e+08]
 [8.00040554e+08]
 [7.99348231e+08]
 [7.98306150e+08]
 [7.98946203e+08]
 [7.98732449e+08]
 [7.98124509e+08]
 [8.00556351e+08]
 [7.99297788e+08]
 [8.00249767e+08]
 [8.00689309e+08]
 [7.99983786e+08]
 [7.99158951e+08]
 [7.99960175e+08]
 [7.99889724e+08]
 [8.00709460e+08]
 [8.00187045e+08]
 [7.99303535e+08]
 [7.98438767e+08]
 [8.00317901e+08]] 

Process  {5}  has a local dot of  [[7.97530908e+08]
 [7.98768378e+08]
 [8.00115584e+08]
 [8.00847465e+08]
 [7.99560966e+08]
 [7.99681491e+08]
 [8.00323353e+08]
 [7.98753843e+08]
 [7.98932837e+08]
 [8.00766836e+08]
 [7.99166698e+08]
 [7.99276908e+08]
 [8.01351255e+08]
 [8.00114917e+08]
 [8.00033550e+08]
 [8.00215868e+08]
 [7.99762890e+08]
 [8.00775035e+08]
 [8.01311157e+08]
 [7.97658539e+08]
 [7.98434956e+08]
 [8.00634502e+08]
 [7.98594091e+08]
 [7.99353030e+08]
 [7.98968068e+08]
 [8.02049955e+08]
 [8.01198911e+08]
 [7.98287533e+08]
 [8.02453940e+08]
 [7.96776051e+08]
 [7.98967652e+08]
 [7.97374417e+08]
 [7.97883325e+08]
 [8.01130331e+08]
 [8.02018300e+08]
 [8.00911750e+08]
 [7.97259131e+08]
 [8.00629614e+08]
 [7.97897408e+08]
 [8.00258146e+08]
 [7.95934173e+08]
 [7.99685556e+08]
 [8.00378097e+08]
 [7.98801120e+08]
 [8.00832187e+08]
 [8.00387940e+08]
 [7.99194581e+08]
 [8.00134969e+08]
 [7.97991664e+08]
 [7.98406211e+08]
 [7.99631904e+08]
 [7.98865669e+08]
 [7.99875004e+08]
 [7.99164941e+08]
 [7.98890253e+08]
 [7.97805360e+08]
 [7.99739639e+08]
 [8.02583609e+08]
 [7.99533607e+08]
 [7.99259468e+08]
 [7.98440446e+08]
 [7.98565211e+08]
 [7.98097328e+08]
 [7.99505317e+08]
 [8.00282468e+08]
 [7.99519557e+08]
 [7.95863789e+08]
 [7.99567003e+08]
 [7.97867694e+08]
 [8.01531729e+08]
 [7.99205025e+08]
 [8.00560695e+08]
 [7.99969256e+08]
 [8.00152594e+08]
 [8.00081920e+08]
 [8.01495714e+08]
 [7.96671088e+08]
 [7.99364407e+08]
 [7.98033338e+08]
 [8.00449264e+08]
 [8.00306513e+08]
 [7.97413051e+08]
 [7.98209358e+08]
 [7.98889088e+08]
 [7.98376047e+08]
 [7.98848798e+08]
 [7.98370286e+08]
 [7.97410258e+08]
 [7.99733309e+08]
 [7.97913242e+08]
 [8.00223600e+08]
 [8.00551547e+08]
 [8.00210798e+08]
 [8.00000340e+08]
 [7.99978282e+08]
 [7.99089008e+08]
 [8.00248706e+08]
 [7.98915340e+08]
 [7.99757091e+08]
 [8.02393930e+08]
 [8.01718464e+08]
 [7.99854075e+08]
 [7.98936566e+08]
 [7.99602037e+08]
 [7.99301391e+08]
 [7.98954144e+08]
 [7.99499092e+08]
 [8.00289777e+08]
 [7.97554162e+08]
 [7.99312002e+08]
 [7.98420573e+08]
 [7.99625833e+08]
 [7.99391472e+08]
 [7.98976783e+Process  {6}  has a local dot of  [[7.98458702e+08]
 [7.98344210e+08]
 [7.99895433e+08]
 [8.00869924e+08]
 [8.00725764e+08]
 [8.02050069e+08]
 [7.97821735e+08]
 [8.02286285e+08]
 [7.97832442e+08]
 [7.98227311e+08]
 [8.00369690e+08]
 [8.01687616e+08]
 [7.98677650e+08]
 [8.01930138e+08]
 [8.00327209e+08]
 [7.99728681e+08]
 [7.98985333e+08]
 [7.99002366e+08]
 [7.99804734e+08]
 [8.00285190e+08]
 [7.98226402e+08]
 [8.01239292e+08]
 [7.99277928e+08]
 [8.01542183e+08]
 [7.99569816e+08]
 [8.00881616e+08]
 [7.99864799e+08]
 [7.97772581e+08]
 [7.99875389e+08]
 [8.00160848e+08]
 [8.00218669e+08]
 [8.01569412e+08]
 [8.00672978e+08]
 [7.97270417e+08]
 [7.98395936e+08]
 [7.98748150e+08]
 [8.00215332e+08]
 [7.99463579e+08]
 [7.99626429e+08]
 [8.00336560e+08]
 [7.97778500e+08]
 [7.98182757e+08]
 [7.98775546e+08]
 [7.99607361e+08]
 [7.99315855e+08]
 [8.00389148e+08]
 [7.96437842e+08]
 [8.00589240e+08]
 [7.97549174e+08]
 [7.97182676e+08]
 [8.00747877e+08]
 [8.00283710e+08]
 [7.99276037e+08]
 [7.99814682e+08]
 [7.99369951e+08]
 [7.98575407e+08]
 [7.99792970e+08]
 [7.98708026e+08]
 [8.00711016e+08]
 [7.99240035e+08]
 [8.01104638e+08]
 [7.99180777e+08]
 [7.98286467e+08]
 [8.00868125e+08]
 [8.00648528e+08]
 [7.97883927e+08]
 [7.99150512e+08]
 [7.98601529e+08]
 [7.98496285e+08]
 [7.98537327e+08]
 [7.99212990e+08]
 [7.99464121e+08]
 [7.97348095e+08]
 [8.01088876e+08]
 [8.00737523e+08]
 [7.99387568e+08]
 [7.98277420e+08]
 [8.01191791e+08]
 [7.98329867e+08]
 [7.98909050e+08]
 [8.01067523e+08]
 [8.00371879e+08]
 [8.01448005e+08]
 [7.99469911e+08]
 [8.00135986e+08]
 [7.99138980e+08]
 [7.98028017e+08]
 [8.02078140e+08]
 [7.98298433e+08]
 [7.98954696e+08]
 [7.98243833e+08]
 [7.98859976e+08]
 [7.98529362e+08]
 [8.00356012e+08]
 [8.00947834e+08]
 [7.99948249e+08]
 [7.98196042e+08]
 [7.98625184e+08]
 [7.99806748e+08]
 [7.98385033e+08]
 [7.98038636e+08]
 [8.02230088e+08]
 [7.99855773e+08]
 [8.00786552e+08]
 [8.00296223e+08]
 [8.01448344e+08]
 [7.97185991e+08]
 [7.99031350e+08]
 [7.99544706e+08]
 [7.97895520e+08]
 [7.97646535e+08]
 [7.99266124e+08]
 [7.97814597e+08]
 [8.00357550e+08]
 [8.00535912e+08]
 [8.00204494e+08]
 [7.99939790e+08]
 [7.97858967e+08]
 [7.99645920e+08]
 [7.97777399e+08]
 [8.01260971e+08]
 [7.99969924e+08]
 [7.98847643e+08]
 [7.97878913e+08]
 [7.99142132e+08]
 [8.02162153e+08]
 [7.97975481e+08]
 [7.97860578e+08]
 [7.99938106e+08]
 [7.98186872e+08]
 [7.99327255e+08]
 [8.02313353e+08]
 [7.98452141e+08]
 [7.97477461e+08]
 [7.98204170e+08]
 [8.02025371e+08]
 [8.00299549e+08]
 [7.99291732e+08]
 [8.00364783e+08]
 [8.01752273e+08]
 [7.99118636e+08]
 [8.00827263e+08]
 [8.00089060e+08]
 [8.00046377e+08]
 [7.97677497e+08]
 [8.00170144e+08]
 [7.98691224e+08]
 [8.00579386e+08]
 [8.00323382e+08]
 [8.00075752e+08]
 [7.99695015e+08]
 [7.98782563e+08]
 [7.98352779e+08]
 [7.97901355e+08]
 [8.01652055e+08]
 [7.98604025e+08]
 [8.01288366e+08]
 [8.00918738e+08]
 [7.99181053e+08]
 [7.99295953e+08]
 [8.01337663e+08]
 [7.97505792e+08]
 [7.99528599e+08]
 [7.99898563e+08]
 [7.98802237e+08]
 [8.00116286e+08]
 [7.99766085e+08]
 [8.03992004e+08]
 [7.99779270e+08]
 [8.00084842e+08]
 [7.97753573e+08]
 [7.98124552e+08]
 [7.99817718e+08]
 [7.99850890e+08]
 [7.98607166e+08]
 [7.99507323e+08]
 [7.97170515e+08]
 [7.99199815e+08]
 [8.01287698e+08]
 [7.99383741e+08]
 [7.97920899e+08]
 [7.99268429e+08]
 [8.00087772e+08]
 [7.99468872e+08]
 [8.01336258e+08]
 [7.99067829e+08]
 [7.99535715e+08]
 [7.98090387e+08]
 [7.99813171e+08]
 [8.00480671e+08]
 [7.98989076e+08]
 [8.01324784e+08]
 [8.00177174e+08]
 [8.00126438e+08]
 [7.99518736e+08]
 [8.01678379e+08]
 [7.97156818e+08]
 [8.00580476e+08]
 [7.99043983e+08]
 [8.00643735e+08]
 [8.01312041e+08]
 [7.97027703e+08]
 [8.00316118e+08]
 [7.99847003e+08]
 [7.98464612e+08]
 [8.01309966e+08]
 [8.00898303e+08]
 [7.98069569e+08]
 [7.98384081e+08]
 [8.01461070e+08]
 [7.98895407e+08]
 [7.98414809e+08]
 [7.98580252e+08]
 [8.00527225e+08]
 [8.01132352e+08]
 [7.99274103e+08]
 [8.00668333e+08]
 [7.99336405e+08]
 [7.98690381e+08]
 [7.95490230e+08]
 [7.97860372e+08]
 [7.98986181e+08]
 [8.00313042e+08]
 [7.98342458e+08]
 [8.01664581e+08]
 [8.00471139e+08]
 [7.99902588e+08]
 [8.00602057e+08]
 [7.98751247e+08]
 [7.98370121e+08]
 [7.99287590e+08]
 [8.01501479e+08]
 [8.00072680e+08]
 [7.98976787e+08]
 [8.00174990e+08]
 [7.99583135e+08]
 [8.00093599e+08]
 [7.98059553e+08]
 [7.99347969e+08]
 [7.98935836e+08]
 [7.99319860e+08]
 [8.00657939e+08]
 [8.00671363e+08]
 [7.99074585e+08]
 [7.98107131e+08]
 [7.98194123e+08]
 [7.99952547e+08]
 [8.00054090e+08]
 [7.99823193e+08]
 [7.99154031e+08]
 [7.99271085e+08]
 [8.00742968e+08]
 [7.97600975e+08]
 [7.99748124e+08]
 [7.99692930e+08]
 [8.01023714e+08]
 [7.98547703e+08]
 [7.99581371e+08]
 [7.99991881e+08]
 [7.99132700e+08]
 [7.99486714e+08]
 [7.98574575e+08]
 [7.99493556e+08]
 [7.98678652e+08]
 [8.00310067e+08]
 [7.97634734e+08]
 [7.98488449e+08]
 [8.00705025e+08]
 [7.98969193e+08]
 [8.01041587e+08]
 [8.00984732e+08]
 [7.99417607e+08]
 [7.97838798e+08]
 [8.00026997e+08]
 [7.98435472e+08]
 [7.99932088e+08]
 [7.98373828e+08]
 [7.96769277e+08]
 [7.98419743e+08]
 [8.00738246e+08]
 [8.01745345e+08]
 [8.01322191e+08]
 [7.98832148e+08]
 [8.00471281e+08]
 [7.99803844e+08]
 [8.01461426e+08]
 [8.01729134e+08]
 [7.98096230e+08]
 [7.98796567e+08]
 [7.99922061e+08]
 [7.99188544e+08]
 [8.00703660e+08]
 [7.98501068e+08]
 [7.98976049e+08]
 [8.00118119e+08]
 [8.00583963e+08]
 [7.98982154e+08]
 [7.98765576e+08]
 [7.99256686e+08]
 [7.98267346e+08]
 [8.01193508e+08]
 [8.00324526e+08]
 [8.00264254e+08]
 [7.99231370e+08]
 [7.99124715e+08]
 [8.00485387e+08]
 [7.97073178e+08]
 [8.02518855e+08]
 [7.97550704e+08]
 [7.99482106e+08]
 [7.99688151e+08]
 [7.99462501e+08]
 [7.98945168e+08]
 [7.98575764e+08]
 [7.97709403e+08]
 [7.99106506e+08]
 [7.98300766e+08]
 [7.99058236e+08]
 [7.98750685e+08]
 [7.98901466e+08]
 [7.98078009e+08]
 [7.99796446e+08]
 [8.00804928e+08]
 [7.98673943e+08]
 [7.99987149e+08]
 [8.01612252e+08]
 [7.97103002e+08]
 [7.99341275e+08]
 [8.01070051e+08]
 [8.00869446e+08]
 [7.99216312e+08]
 [8.01335284e+08]
 [7.97798671e+08]
 [7.99749767e+08]
 [7.98407199e+08]
 [8.01704925e+08]
 [8.00257329e+08]
 [7.99138085e+08]
 [7.98725302e+08]
 [8.00373267e+08]
 [7.98347424e+08]
 [7.908]
 [8.00073737e+08]
 [7.98593056e+08]
 [7.98361409e+08]
 [7.99968621e+08]
 [7.97366617e+08]
 [7.99578906e+08]
 [7.98184382e+08]
 [7.98386332e+08]
 [8.01238126e+08]
 [8.01600272e+08]
 [7.98806768e+08]
 [8.01096789e+08]
 [7.99690920e+08]
 [8.00367780e+08]
 [7.99231378e+08]
 [7.95931033e+08]
 [7.99240041e+08]
 [8.00717992e+08]
 [8.00021201e+08]
 [8.00984753e+08]
 [8.01677290e+08]
 [7.98774852e+08]
 [7.99407645e+08]
 [7.97002764e+08]
 [8.01387780e+08]
 [7.99305045e+08]
 [7.99288272e+08]
 [7.99856029e+08]
 [8.00962925e+08]
 [7.99432767e+08]
 [7.99672935e+08]
 [7.99099338e+08]
 [7.99617482e+08]
 [8.01242026e+08]
 [7.98236542e+08]
 [8.00802063e+08]
 [7.98474801e+08]
 [8.00817491e+08]
 [8.03110174e+08]
 [8.00153376e+08]
 [7.99810090e+08]
 [7.98116837e+08]
 [7.99238957e+08]
 [8.01801306e+08]
 [7.99461055e+08]
 [8.01384405e+08]
 [8.00247743e+08]
 [7.98333350e+08]
 [7.99741355e+08]
 [7.98771003e+08]
 [7.99981333e+08]
 [8.01472132e+08]
 [7.97935273e+08]
 [7.99670235e+08]
 [7.99176358e+08]
 [8.00028815e+08]
 [7.97385285e+08]
 [8.00224115e+08]
 [7.98876969e+08]
 [7.99399420e+08]
 [8.00060519e+08]
 [8.00220091e+08]
 [8.00396437e+08]
 [7.99274416e+08]
 [8.00423331e+08]
 [8.01595490e+08]
 [8.00335401e+08]
 [7.96604792e+08]
 [8.00133379e+08]
 [7.99358129e+08]
 [7.99481962e+08]
 [7.99641073e+08]
 [7.99394516e+08]
 [7.99141096e+08]
 [7.99002699e+08]
 [7.98963059e+08]
 [7.97890188e+08]
 [7.98979307e+08]
 [7.98584777e+08]
 [7.99630507e+08]
 [7.98975633e+08]
 [7.98159244e+08]
 [8.00749677e+08]
 [7.98337104e+08]
 [7.99550609e+08]
 [7.99577344e+08]
 [7.99546985e+08]
 [7.99743819e+08]
 [8.00673971e+08]
 [7.99461998e+08]
 [8.00279306e+08]
 [8.00526005e+08]
 [8.00437360e+08]
 [7.99087200e+08]
 [8.00549215e+08]
 [8.00405104e+08]
 [7.98354782e+08]
 [7.98587094e+08]
 [7.98210004e+08]
 [7.99193608e+08]
 [7.99699145e+08]
 [7.97940252e+08]
 [7.99942809e+08]
 [8.00284760e+08]
 [7.99200170e+08]
 [8.00781300e+08]
 [8.01074823e+08]
 [8.00249197e+08]
 [7.97613628e+08]
 [8.01069043e+08]
 [7.98690257e+08]
 [8.01252502e+08]
 [7.99426717e+08]
 [7.99966615e+08]
 [8.00315054e+08]
 [7.99287823e+08]
 [8.02224422e+08]
 [7.99440631e+08]
 [7.99401197e+08]
 [7.99967834e+08]
 [7.99270443e+08]
 [7.97552164e+08]
 [7.98727481e+08]
 [8.00952041e+08]
 [8.00529296e+08]
 [8.01332025e+08]
 [7.98941978e+08]
 [7.97860348e+08]
 [7.98803496e+08]
 [7.99863821e+08]
 [8.00127891e+08]
 [7.97584203e+08]
 [7.98969832e+08]
 [7.99387453e+08]
 [7.98799796e+08]
 [7.98463353e+08]
 [7.99494902e+08]
 [7.98780245e+08]
 [8.00269889e+08]
 [7.98797234e+08]
 [7.99730023e+08]
 [8.00328941e+08]
 [7.99107240e+08]
 [7.97716812e+08]
 [7.98708217e+08]
 [8.00550160e+08]
 [7.99933601e+08]
 [8.01715720e+08]
 [8.00671794e+08]
 [8.00042354e+08]
 [7.99497777e+08]
 [7.99332223e+08]
 [7.98423426e+08]
 [7.99417647e+08]
 [7.98605869e+08]
 [7.98396308e+08]
 [7.99718673e+08]
 [8.01128288e+08]
 [8.00219682e+08]
 [7.99864820e+08]
 [7.99310229e+08]
 [8.00603765e+08]
 [7.97989687e+08]
 [7.99005681e+08]
 [7.99673623e+08]
 [8.01840326e+08]
 [8.01395896e+08]
 [8.00370343e+08]
 [7.99576310e+08]
 [7.98210345e+08]
 [7.99845774e+08]
 [7.99731526e+08]
 [7.98394655e+08]
 [8.01132340e+08]
 [8.00142514e+08]
 [8.00131804e+08]
 [7.98491225e+08]
 [8.02302899e+08]
 [7.99559726e+08]
 [7.98989265e+08]
 [8.01261569e+08]
 [8.00078445e+08]
 [7.97987781e+08]
 [7.99951853e+08]
 [7.99522281e+08]
 [7.96677970e+08]
 [7.99230844e+08]
 [7.98576045e+08]
 [7.97573513e+08]
 [7.97651973e+08]
 [7.98990415e+08]
 [7.99051785e+08]
 [7.99771823e+08]
 [8.00634536e+08]
 [8.00015475e+08]
 [7.99631111e+08]
 [7.97192371e+08]
 [7.99373272e+08]
 [7.99777698e+08]
 [8.00730481e+08]
 [8.01139741e+08]
 [8.00512396e+08]
 [7.98196291e+08]
 [7.98477411e+08]
 [7.98806733e+08]
 [7.99916397e+08]
 [7.99816445e+08]
 [7.98220468e+08]
 [8.00141386e+08]
 [7.96561096e+08]
 [8.01337634e+08]
 [7.99528162e+08]
 [7.99802050e+08]
 [7.98369460e+08]
 [7.98233557e+08]
 [7.98024961e+08]
 [8.00142218e+08]
 [7.99837825e+08]
 [7.99626069e+08]
 [8.00041572e+08]
 [8.00843542e+08]
 [7.98751069e+08]
 [8.02332464e+08]
 [8.01096790e+08]
 [7.99554250e+08]
 [8.00369731e+08]
 [7.99339261e+08]
 [8.0Process  {3}  has a local dot of  [[7.99739842e+08]
 [7.99658845e+08]
 [8.00393102e+08]
 [7.99252653e+08]
 [7.98823307e+08]
 [7.99878597e+08]
 [7.96691654e+08]
 [7.99173767e+08]
 [8.00600483e+08]
 [7.98297878e+08]
 [7.97852823e+08]
 [7.96213072e+08]
 [7.99900277e+08]
 [7.97751552e+08]
 [8.00479206e+08]
 [7.99019403e+08]
 [8.01502088e+08]
 [8.01430174e+08]
 [7.99829456e+08]
 [7.96701384e+08]
 [8.00658155e+08]
 [8.00020971e+08]
 [8.01230823e+08]
 [7.98855284e+08]
 [8.00458608e+08]
 [7.99666505e+08]
 [8.00564074e+08]
 [7.99575150e+08]
 [8.00474246e+08]
 [8.03000974e+08]
 [8.01052518e+08]
 [7.99429611e+08]
 [8.00765480e+08]
 [8.00411187e+08]
 [7.97986935e+08]
 [7.99432175e+08]
 [8.01154475e+08]
 [8.00268439e+08]
 [7.97305630e+08]
 [7.98455591e+08]
 [7.99018052e+08]
 [7.97986908e+08]
 [7.98386199e+08]
 [7.99699507e+08]
 [8.00473595e+08]
 [7.99367671e+08]
 [7.99754487e+08]
 [8.01278066e+08]
 [7.99620034e+08]
 [7.98851028e+08]
 [8.01108294e+08]
 [7.97463129e+08]
 [8.00543097e+08]
 [7.98793938e+08]
 [7.99039690e+08]
 [7.99269579e+08]
 [7.98129720e+08]
 [7.99694407e+08]
 [7.98433081e+08]
 [7.99186444e+08]
 [7.99021179e+08]
 [7.97382265e+08]
 [7.98340931e+08]
 [8.01356361e+08]
 [7.97898597e+08]
 [8.00632692e+08]
 [7.99424257e+08]
 [7.99218408e+08]
 [8.00526622e+08]
 [7.99209568e+08]
 [7.98292083e+08]
 [8.02396853e+08]
 [8.01944479e+08]
 [8.00252698e+08]
 [7.99360950e+08]
 [7.97417552e+08]
 [8.00675983e+08]
 [8.00154371e+08]
 [7.99161332e+08]
 [7.97857524e+08]
 [7.98415031e+08]
 [7.99590870e+08]
 [7.99840069e+08]
 [8.00072737e+08]
 [7.99795061e+08]
 [8.00081967e+08]
 [8.00078844e+08]
 [8.00538270e+08]
 [8.01990787e+08]
 [7.98993461e+08]
 [8.01607731e+08]
 [7.99007399e+08]
 [7.96655143e+08]
 [7.97528452e+08]
 [8.00150934e+08]
 [7.99370196e+08]
 [8.00880690e+08]
 [8.00415176e+08]
 [7.99483255e+08]
 [8.00591385e+08]
 [8.00007904e+08]
 [8.00670218e+08]
 [7.98420202e+08]
 [8.02313527e+08]
 [7.99950299e+08]
 [7.99644881e+08]
 [7.98445854e+08]
 [7.97945525e+08]
 [7.98871619e+08]
 [7.98126656e+08]
 [8.00607798e+08]
 [7.99001056e+08]
 [7.97841607e+08]
 [7.98944176e+8226635e+08]
 [8.01190639e+08]
 [7.99631590e+08]
 [7.99489982e+08]
 [7.98130368e+08]
 [8.00711291e+08]
 [8.00241243e+08]
 [7.98134748e+08]
 [8.00276312e+08]
 [7.99752884e+08]
 [7.97941059e+08]
 [8.00521703e+08]
 [8.00091249e+08]
 [8.01058265e+08]
 [7.98187300e+08]
 [7.99601610e+08]
 [7.99747781e+08]
 [8.00295768e+08]
 [7.98956629e+08]
 [7.98127577e+08]
 [7.97768410e+08]
 [8.00218747e+08]
 [7.99775687e+08]
 [8.01231756e+08]
 [8.01602023e+08]
 [7.98859683e+08]
 [7.99757022e+08]
 [7.99930486e+08]
 [7.99474929e+08]
 [7.99949228e+08]
 [8.01373223e+08]
 [7.99023287e+08]
 [8.01137480e+08]
 [8.00253285e+08]
 [7.98820827e+08]
 [7.99212631e+08]
 [7.98556545e+08]
 [7.97536243e+08]
 [7.98244377e+08]
 [7.99311314e+08]
 [7.97229345e+08]
 [7.99257674e+08]
 [8.00969946e+08]
 [7.97119586e+08]
 [8.00657005e+08]
 [8.01071099e+08]
 [7.99302235e+08]
 [7.99526916e+08]
 [8.01455853e+08]
 [7.97755319e+08]
 [8.00552309e+08]
 [7.99791243e+08]
 [7.99900777e+08]
 [7.97735926e+08]
 [7.99045990e+08]
 [7.98496708e+08]
 [8.01077843e+08]
 [8.00294908e+08]
 [7.99769870e+08]
 [7.99692328e+08]
 [8.00212690e+08]
 [7.98622986e+08]
 [7.99009111e+08]
 [8.00048883e+08]
 [7.98118940e+08]
 [7.99123348e+08]
 [7.99304508e+08]
 [7.99449853e+08]
 [7.99127338e+08]
 [8.01218058e+08]
 [8.00058118e+08]
 [7.99346651e+08]
 [8.00099902e+08]
 [7.99442775e+08]
 [8.01314466e+08]
 [7.99474243e+08]
 [8.02002002e+08]
 [7.98209541e+08]
 [8.00533439e+08]
 [7.98333674e+08]
 [7.99976144e+08]
 [8.01835304e+08]
 [8.01183422e+08]
 [8.00563994e+08]
 [7.98303721e+08]
 [8.00527501e+08]
 [8.00980185e+08]
 [7.98961085e+08]
 [7.98701443e+08]
 [8.00912514e+08]
 [8.00550824e+08]
 [8.01071406e+08]
 [7.99776938e+08]
 [7.99009463e+08]
 [7.99360863e+08]
 [8.00094969e+08]
 [7.99041174e+08]
 [8.00648422e+08]
 [7.99867112e+08]
 [7.99331932e+08]
 [7.98210550e+08]
 [7.99584774e+08]
 [8.01091129e+08]
 [8.00406424e+08]
 [7.99587031e+08]
 [7.98609116e+08]
 [7.98085151e+08]
 [8.00919842e+08]
 [8.00847016e+08]
 [7.98974430e+08]
 [7.98381569e+08]
 [7.99623693e+08]
 [8.02238740e+08]
 [7.97782731e+08]
 [7.97899258e+08]
 [7.98113244e+08]
 [7.99822858e+08]
 [7.99179291e+08]
 [7.98985295e+08]
 [7.98710856e+08]
 [7.98856920e+08]
 [7.98665768e+08]
 [7.97393927e+08]
 [7.99186105e+08]
 [7.98884282e+08]
 [7.99777282e+08]
 [7.99548980e+08]
 [7.99855280e+08]
 [7.99018097e+08]
 [7.98818003e+08]
 [8.00383175e+08]
 [7.99123898e+08]
 [7.99199815e+08]
 [7.98873261e+08]
 [8.00048606e+08]
 [7.98626370e+08]
 [7.99931723e+08]
 [7.97788710e+08]
 [7.97897655e+08]
 [7.99737059e+08]
 [8.00762479e+08]
 [7.99253618e+08]
 [7.98219725e+08]
 [7.99971779e+08]
 [7.98724704e+08]
 [7.99437494e+08]
 [7.97425837e+08]
 [8.01350585e+08]
 [8.00240734e+08]
 [7.97043808e+08]
 [7.97374981e+08]
 [7.98345233e+08]
 [8.00616407e+08]
 [8.00575796e+08]
 [8.00534473e+08]
 [7.99387360e+08]
 [8.03099013e+08]
 [7.99339130e+08]
 [7.99411454e+08]] 

08]
 [7.98319273e+08]
 [7.98234017e+08]
 [8.00527153e+08]
 [7.98828418e+08]
 [8.00608082e+08]
 [7.99348219e+08]
 [7.98958592e+08]
 [7.99364542e+08]
 [7.98839794e+08]
 [7.98849827e+08]
 [8.01163661e+08]
 [7.99171647e+08]
 [7.99859685e+08]
 [7.98667002e+08]
 [8.00922507e+08]
 [7.99149261e+08]
 [7.98840432e+08]
 [7.96367431e+08]
 [7.99558184e+08]
 [7.99069541e+08]
 [7.98377691e+08]
 [7.98826674e+08]
 [8.00828388e+08]
 [7.99566749e+08]
 [8.00644662e+08]
 [7.99917981e+08]
 [8.01589924e+08]
 [7.98630730e+08]
 [8.00473080e+08]
 [7.99257527e+08]
 [7.99997913e+08]
 [8.01367722e+08]
 [7.97668764e+08]
 [8.01180034e+08]
 [7.99089756e+08]
 [7.98626837e+08]
 [8.00120933e+08]
 [7.97999922e+08]
 [8.00178436e+08]
 [7.97872049e+08]
 [7.99842745e+08]
 [8.00008023e+08]
 [8.00094816e+08]
 [7.99008949e+08]
 [7.97999218e+08]
 [8.00421684e+08]
 [8.01300875e+08]
 [7.98004510e+08]
 [8.00629095e+08]
 [7.98923629e+08]
 [7.99809482e+08]
 [7.98447964e+08]
 [8.00938256e+08]
 [7.99374214e+08]
 [7.99875130e+08]
 [7.99752618e+08]
 [7.97507179e+08]
 [7.99245138e+08]
 [7.99209017e+08]
 [7.99900700e+08]
 [7.98445742e+08]
 [7.99966079e+08]
 [7.97879537e+08]
 [8.01871384e+08]
 [7.98896344e+08]
 [8.00904796e+08]
 [8.01018924e+08]
 [8.00106530e+08]
 [7.97725075e+08]
 [8.00883754e+08]
 [8.01749510e+08]
 [8.00446503e+08]
 [7.99852969e+08]
 [8.01254226e+08]
 [7.99330775e+08]
 [7.99948678e+08]
 [8.00124887e+08]
 [8.01490615e+08]
 [8.00175111e+08]
 [7.99099925e+08]
 [7.98817894e+08]
 [8.00228447e+08]
 [7.99316213e+08]
 [7.99867194e+08]
 [7.98037346e+08]
 [8.01765153e+08]
 [8.00016585e+08]
 [7.99764891e+08]
 [7.98439769e+08]
 [7.99251169e+08]
 [7.98332975e+08]
 [7.98973040e+08]
 [8.01850284e+08]
 [7.99944544e+08]
 [7.98940996e+08]
 [7.97085387e+08]
 [8.00568214e+08]
 [7.98731620e+08]
 [7.99848324e+08]
 [7.99795963e+08]
 [7.99486603e+08]
 [7.99524695e+08]
 [8.00605595e+08]
 [8.00812101e+08]
 [7.99332788e+08]
 [7.98325066e+08]
 [8.00696708e+08]
 [8.01235843e+08]
 [8.00938128e+08]
 [7.98899627e+08]
 [8.00160115e+08]
 [7.99149807e+08]
 [8.00308742e+08]
 [7.98789424e+08]
 [8.00777139e+08]
 [7.99143938e+08]
 [7.99454367e+08]
 [7.98355835e+08]
 [8.00260951e+08]
 [7.99168145e+08]
 [7.99586403e+08]
 [8.01152774e+08]
 [7.97672323e+08]
 [7.98195961e+08]
 [7.98485533e+08]
 [7.98650890e+08]
 [8.00242307e+08]
 [7.99623542e+08]
 [7.97906883e+08]
 [7.99373534e+08]
 [8.00765110e+08]
 [7.99748852e+08]
 [7.99265771e+08]
 [8.00505954e+08]
 [7.98681185e+08]
 [7.98210819e+08]
 [7.99485705e+08]
 [7.96494663e+08]
 [8.02260854e+08]
 [7.98521595e+08]
 [7.98521484e+08]
 [7.99654200e+08]
 [8.00356564e+08]
 [8.00132650e+08]
 [7.99464671e+08]
 [7.98978942e+08]
 [8.00774926e+08]
 [7.98973083e+08]
 [8.00907822e+08]
 [8.00133844e+08]
 [7.99781761e+08]
 [7.98047917e+08]
 [8.00177376e+08]
 [7.97665009e+08]
 [8.02558682e+08]
 [8.00057925e+08]
 [7.99828093e+08]
 [7.96719581e+08]
 [7.98431598e+08]
 [8.00705005e+08]
 [7.99399539e+08]
 [7.98926744e+08]
 [8.00046290e+08]
 [7.99491468e+08]
 [7.99778429e+08]
 [8.00416579e+08]
 [8.00856512e+08]
 [8.00897501e+08]
 [7.98580490e+08]
 [7.99777816e+08]
 [8.00509077e+08]
 [8.01088155e+08]
 [7.99141553e+08]
 [8.00552979e+08]
 [7.98873021e+08]
 [7.98756850e+08]
 [7.99377688e+08]
 [7.97208353e+08]
 [7.98843179e+08]
 [7.98168706e+08]
 [7.97690641e+08]
 [8.00153296e+08]
 [8.00836277e+08]
 [8.01396396e+08]
 [8.01529235e+08]
 [7.99603500e+08]
 [8.01331428e+08]
 [7.97784648e+08]
 [8.00217223e+08]
 [7.99321336e+08]
 [7.96874813e+08]
 [7.99027528e+08]
 [7.99437025e+08]
 [7.99108300e+08]
 [8.00392659e+08]
 [8.00599935e+08]
 [8.01040580e+08]
 [7.98769785e+08]
 [8.00080894e+08]
 [7.99761219e+08]
 [8.00528700e+08]
 [7.99827710e+08]
 [8.00087406e+08]
 [8.02243874e+08]
 [8.00422084e+08]
 [7.99516654e+08]
 [7.97611555e+08]
 [7.99692428e+08]
 [8.00268304e+08]
 [8.00098424e+08]
 [7.98875128e+08]
 [7.99200303e+08]
 [7.98839372e+08]
 [7.97649511e+08]
 [7.99735915e+08]
 [7.99707004e+08]
 [8.00432411e+08]
 [7.98653492e+08]
 [7.99573381e+08]
 [7.99362286e+08]
 [8.00043860e+08]
 [7.99773602e+08]
 [7.98625842e+08]
 [7.99047460e+08]
 [8.01312277e+08]
 [7.99435310e+08]
 [7.99679657e+08]
 [8.00694292e+08]
 [7.98129426e+08]
 [7.98542979e+08]
 [7.98523919e+08]
 [8.01028190e+08]
 [7.97860081e+08]
 [8.02046792e+08]
 [7.99924182e+08]
 [8.01692301e+08]
 [7.98352763e+08]
 [8.00429059e+08]
 [7.99557878e+08]
 [7.98905178e+08]
 [8.01287530e+08]
 [8.00736528e+08]
 [7.99855115e+08]
 [7.98930562e+08]
 [7.98603177e+08]
 [8.00471305e+08]
 [7.98945185e+08]
 [8.00115889e+08]
 [7.99953688e+08]
 [8.01469907e+08]
 [8.00577835e+08]
 [8.00770749e+08]
 [7.98895955e+08]
 [7.98783050e+08]
 [7.99037790e+08]
 [8.00794617e+08]
 [8.02425772e+08]
 [7.97426739e+08]
 [7.99015727e+08]
 [7.99288257e+08]
 [8.03162079e+08]
 [7.98794371e+08]
 [8.00324720e+08]
 [7.98630600e+08]
 [7.97986878e+08]
 [8.01183077e+08]
 [7.99896008e+08]
 [7.98610111e+08]
 [8.00809053e+08]
 [7.98664120e+08]
 [7.99106084e+08]
 [7.99525940e+08]
 [7.96705147e+08]
 [7.98458658e+08]
 [7.99351648e+08]
 [7.98502489e+08]
 [7.99370289e+08]
 [8.00210689e+08]
 [7.99516935e+08]
 [7.98175980e+08]
 [7.99402823e+08]
 [8.00147044e+08]
 [7.98910855e+08]
 [7.97048306e+08]
 [7.98345470e+08]
 [7.99221010e+08]
 [7.99051059e+08]
 [8.01698840e+08]
 [7.98471091e+08]
 [8.00133760e+08]
 [8.00514841e+08]
 [7.99919193e+08]
 [7.99279487e+08]
 [8.02445267e+08]
 [7.98218681e+08]
 [8.00381486e+08]
 [7.98233228e+08]
 [7.99949214e+08]
 [7.99327845e+08]
 [7.99516010e+08]
 [7.99643090e+08]
 [7.99559689e+08]
 [7.99832799e+08]
 [7.98747682e+08]
 [7.99999129e+08]
 [8.00067769e+08]
 [8.02517828e+08]
 [8.00341346e+08]
 [7.99415719e+08]
 [8.03078935e+08]
 [7.98863240e+08]
 [7.98234070e+08]
 [7.99097935e+08]
 [8.01307896e+08]
 [8.00216312e+08]
 [7.99455176e+08]
 [7.99161964e+08]
 [7.99778356e+08]
 [7.99894420e+08]
 [8.00135231e+08]
 [7.99941986e+08]
 [8.00945424e+08]
 [7.98457632e+08]
 [7.99717990e+08]
 [7.98312892e+08]
 [7.98354133e+08]
 [7.97465546e+08]
 [7.99574861e+08]
 [7.99120106e+08]
 [7.98142374e+08]
 [7.99988342e+08]
 [7.97954861e+08]
 [7.99330965e+08]
 [7.99544651e+08]
 [8.00482910e+08]
 [7.98933677e+08]
 [7.98883278e+08]
 [7.97873673e+08]
 [7.96317767e+08]
 [7.97661730e+08]
 [8.01514232e+08]
 [7.97858350e+08]
 [8.00063427e+08]
 [7.99791302e+08]
 [8.00782549e+08]
 [7.99049924e+08]
 [7.98532737e+08]
 [7.98441122e+08]
 [7.98334837e+08]
 [8.00629946e+08]
 [8.00808109e+08]
 [7.98908860e+08]
 [7.99975913e+08]
 [7.99272839e+08]
 [7.99812735e+08]
 [7.99888728e+08]
 [7.97579116e+08]
 [8.00555026e+08]
 [8.00919044e+08]
 [8.00694631e+08]
 [7.98938817e+08]
 [7.97829869e+08]
 [7.99834624e+08]
 [7.98453755e+08]
 [7.97040594e+08]
 [8.01921999e+08]
 [7.98900917e+08]
 [8.02542920e+08]
 [7.99043019e+08]
 [8.01528147e+08]
 [7.99810974e+08]
 [7.99729836e+08]
 [8.02388913e+08]
 [7.98832537e+08]
 [7.98464826e+08]
 [7.98268259e+08]
 [7.98620633e+08]
 [8.01103779e+08]
 [7.98516865e+08]
 [7.98350399e+08]
 [8.00006760e+08]
 [8.00324685e+08]
 [7.99976134e+08]
 [8.00199136e+08]
 [8.01399611e+08]
 [8.00550505e+08]] 

0443610e+08]
 [7.98089000e+08]
 [7.99287389e+08]
 [7.98242260e+08]
 [7.98815259e+08]
 [8.00860104e+08]
 [8.02043615e+08]
 [8.02129797e+08]
 [7.98350896e+08]
 [8.00871959e+08]
 [7.99886068e+08]
 [7.99851612e+08]
 [7.99359073e+08]
 [8.00750455e+08]
 [8.02114867e+08]
 [7.99858167e+08]
 [7.99369840e+08]
 [8.01867388e+08]
 [8.00843883e+08]
 [8.00651685e+08]
 [7.99684903e+08]
 [7.99255562e+08]
 [7.99910250e+08]
 [7.98362605e+08]
 [8.00512806e+08]
 [7.99683657e+08]
 [7.98599994e+08]
 [7.99419296e+08]
 [8.00881034e+08]
 [7.98788845e+08]
 [7.99178258e+08]
 [8.00128261e+08]
 [7.99266567e+08]
 [7.98698688e+08]
 [7.99183997e+08]
 [7.96792232e+08]
 [8.01201733e+08]
 [8.01135814e+08]
 [8.00994806e+08]
 [7.97868870e+08]
 [8.01386975e+08]
 [7.97808590e+08]
 [7.97734632e+08]
 [7.99507929e+08]
 [8.01366730e+08]
 [7.99671646e+08]
 [7.97834174e+08]
 [8.02020098e+08]
 [8.00196013e+08]
 [7.99988165e+08]
 [8.00419633e+08]
 [7.99030302e+08]
 [7.99512679e+08]
 [8.01087773e+08]
 [7.99259796e+08]
 [7.98191384e+08]
 [8.00622003e+08]
 [7.96778355e+08]
 [7.97402644e+08]
 [7.98929814e+08]
 [8.00891365e+08]
 [8.00191238e+08]
 [7.98367466e+08]
 [8.02036052e+08]
 [7.98417535e+08]
 [8.00984665e+08]
 [7.98133145e+08]
 [7.99792793e+08]
 [8.01582956e+08]
 [7.98991995e+08]
 [8.00131224e+08]
 [8.00107198e+08]
 [8.00572000e+08]
 [7.98819863e+08]
 [8.00046775e+08]
 [7.98812905e+08]
 [7.98419596e+08]
 [7.98415980e+08]
 [7.96649195e+08]
 [7.97880271e+08]
 [8.00220088e+08]
 [7.98533929e+08]
 [8.00222522e+08]
 [8.01715815e+08]
 [7.99022759e+08]
 [8.01372652e+08]
 [7.99899546e+08]
 [8.00041316e+08]
 [7.99450585e+08]
 [8.02208720e+08]
 [7.97620664e+08]
 [8.00737194e+08]
 [7.98769017e+08]
 [7.98296380e+08]
 [7.99427983e+08]
 [7.99597921e+08]
 [8.01185143e+08]
 [7.97751329e+08]
 [8.01273777e+08]
 [8.02058947e+08]
 [7.99161789e+08]
 [7.99369661e+08]
 [7.99219728e+08]
 [7.98590185e+08]
 [7.99090047e+08]
 [7.99925616e+08]
 [7.99402882e+08]
 [8.00021253e+08]
 [7.99174213e+08]
 [7.97163480e+08]
 [8.01103974e+08]
 [8.01673250e+08]
 [8.00096389e+08]
 [7.97688333e+08]
 [8.00506178e+08]
 [7.97571578e+08]
 [7.97666888e+08]
 [8.00344410e+08]
 [7.98260767e+08]
 [7.99696445e+08]
 [7.99417471e+08]
 [8.00669679e+08]
 [8.01710024e+08]
 [8.00668237e+08]
 [7.97642907e+08]
 [7.96701589e+08]
 [7.99952799e+08]
 [8.00772110e+08]
 [8.00773415e+08]
 [7.99023744e+08]
 [7.99373252e+08]
 [7.99078112e+08]
 [8.00193966e+08]
 [8.00008638e+08]
 [7.98219461e+08]
 [7.99339256e+08]
 [8.00561561e+08]
 [7.97322542e+08]
 [7.99192857e+08]
 [8.01213473e+08]
 [8.01551103e+08]
 [8.00159458e+08]
 [8.01228533e+08]
 [8.00049916e+08]
 [7.99319600e+08]
 [8.00279866e+08]
 [7.98070896e+08]
 [8.00150958e+08]
 [8.01549708e+08]
 [7.98851835e+08]
 [7.99846451e+08]
 [7.97981536e+08]
 [8.00612493e+08]
 [7.99348593e+08]
 [7.97319482e+08]
 [7.99441841e+08]
 [7.98720470e+08]
 [8.00627739e+08]
 [7.99164248e+08]] 

Process  {4}  has a local dot of  [[8.01594678e+08]
 [8.00554630e+08]
 [8.00440944e+08]
 [8.01871690e+08]
 [8.02820782e+08]
 [8.01331303e+08]
 [7.99031129e+08]
 [8.01337789e+08]
 [8.00167675e+08]
 [7.99436590e+08]
 [7.99982249e+08]
 [7.98703468e+08]
 [7.99049031e+08]
 [8.00188182e+08]
 [8.01647701e+08]
 [8.00220458e+08]
 [8.00310478e+08]
 [7.99275396e+08]
 [7.99386832e+08]
 [7.99010420e+08]
 [8.00735189e+08]
 [7.99773150e+08]
 [8.00562480e+08]
 [7.97343710e+08]
 [7.99015228e+08]
 [7.99936942e+08]
 [7.98504737e+08]
 [8.00078034e+08]
 [8.00233591e+08]
 [8.01041949e+08]
 [8.00941560e+08]
 [7.98238339e+08]
 [8.01003466e+08]
 [8.00362421e+08]
 [8.00796783e+08]
 [7.99821516e+08]
 [7.99726584e+08]
 [8.01087233e+08]
 [7.97812797e+08]
 [7.99319173e+08]
 [7.99186346e+08]
 [7.99052162e+08]
 [8.00190424e+08]
 [8.00120354e+08]
 [7.98044303e+08]
 [8.00436023e+08]
 [7.97607923e+08]
 [7.98478677e+08]
 [8.00320415e+08]
 [7.99035628e+08]
 [7.99360926e+08]
 [7.99314614e+08]
 [7.99052265e+08]
 [7.97382619e+08]
 [8.01370307e+08]
 [7.98703411e+08]
 [7.99494573e+08]
 [7.99328645e+08]
 [7.99786451e+08]
 [8.00334645e+08]
 [8.02110852e+08]
 [8.00804759e+08]
 [8.02071927e+08]
 [8.01528441e+08]
 [7.97829823e+08]
 [8.02114218e+08]
 [7.96538605e+08]
 [7.99119168e+08]
 [7.99496075e+08]
 [7.96409558e+08]
 [7.99301770e+08]
 [7.99175648e+08]
 [7.97454643e+08]
 [7.98135257e+08]
 [7.99651007e+08]
 [7.96995543e+08]
 [7.98155659e+08]
 [7.98296868e+08]
 [7.98356765e+08]
 [7.97185885e+08]
 [7.98196308e+08]
 [7.99990555e+08]
 [7.96894418e+08]
 [8.00769071e+08]
 [7.99434102e+08]
 [8.00244657e+08]
 [8.00982914e+08]
 [8.00535325e+08]
 [7.97869648e+08]
 [7.98571296e+08]
 [7.99457956e+08]
 [8.00781235e+08]
 [7.98207885e+08]
 [7.98676969e+08]
 [7.97164348e+08]
 [7.98541618e+08]
 [7.97948668e+08]
 [8.00787664e+08]
 [8.00105627e+08]
 [8.00047607e+08]
 [7.99475895e+08]
 [7.97904692e+08]
 [8.00097679e+08]
 [8.01169882e+08]
 [7.98395030e+08]
 [7.99193859e+08]
 [7.99092826e+08]
 [8.01806879e+08]
 [7.99076786e+08]
 [7.99384806e+08]
 [7.99444722e+08]
 [7.99511764e+08]
 [7.99170104e+08]
 [8.01881776e+08]
 [7.99068828e+08]
 [8.01271443e+08]
 [7.99172928e+08]
 [8.00804165e+08]
 [8.00961660e+08]
 [8.00608060e+08]
 [8.01310780e+08]
 [7.97852208e+08]
 [7.99953857e+08]
 [7.99959377e+08]
 [7.99972758e+08]
 [7.98494762e+08]
 [7.99498789e+08]
 [7.99579032e+08]
 [8.00333072e+08]
 [7.99883900e+08]
 [7.99904886e+08]
 [7.97599813e+08]
 [7.98686948e+08]
 [7.99443721e+08]
 [7.99135707e+08]
 [7.99867247e+08]
 [7.97792334e+08]
 [7.96690727e+08]
 [7.97801567e+08]
 [7.98216933e+08]
 [7.99248790e+08]
 [7.99713535e+08]
 [7.97670881e+08]
 [8.03022960e+08]
 [8.01062213e+08]
 [8.01430218e+08]
 [7.99480481e+08]
 [7.98213010e+08]
 [7.97955178e+08]
 [7.98063633e+08]
 [7.99670044e+08]
 [8.00484320e+08]
 [7.98953597e+08]
 [8.00205669e+08]
 [7.98555820e+08]
 [7.97572221e+08]
 [7.99874030e+08]
 [7.98558360e+08]
 [7.98258050e+08]
 [7.98397502e+08]
 [7.97028602e+08]
 [8.00542674e+08]
 [8.00386354e+08]
 [7.99044160e+08]
 [7.99063932e+08]
 [7.98379947e+08]
 [8.00227470e+08]
 [8.00702389e+08]
 [7.97663182e+08]
 [8.01635890e+08]
 [7.98903793e+08]
 [8.00583116e+08]
 [8.00875279e+08]
 [8.02080501e+08]
 [8.00140816e+08]
 [7.99660154e+08]
 [7.98068380e+08]
 [7.99311063e+08]
 [8.00432682e+08]
 [8.02093317e+08]
 [7.97910072e+08]
 [7.98375509e+08]
 [8.00497846e+08]
 [8.00012934e+08]
 [7.98957120e+08]
 [8.01239023e+08]
 [8.00146756e+08]
 [8.00047823e+08]
 [7.99444156e+08]
 [7.99442520e+08]
 [7.98530175e+08]
 [7.99196212e+08]
 [8.00619460e+08]
 [7.99708068e+08]
 [7.98903019e+08]
 [8.00439673e+08]
 [8.00854099e+08]
 [8.00993151e+08]
 [8.00454218e+08]
 [7.99930078e+08]
 [7.99463423e+08]
 [8.00340194e+08]
 [7.99409600e+08]
 [8.00978661e+08]
 [8.01486687e+08]
 [8.00475828e+08]
 [8.02047444e+08]
 [7.99335396e+08]
 [7.97690614e+08]
 [8.00213892e+08]
 [7.96533597e+08]
 [7.99512510e+08]
 [7.98975711e+08]
 [8.00561530e+08]
 [7.98418225e+08]
 [7.99271442e+08]
 [7.97400654e+08]
 [7.98724979e+08]
 [8.00943954e+08]
 [8.00343895e+08]
 [7.99667330e+08]
 [8.00736441e+08]
 [7.99310230e+08]
 [7.98689682e+08]
 [8.02648299e+08]
 [7.99784207e+08]
 [8.02519675e+08]
 [8.00020459e+08]
 [8.00083092e+08]
 [7.99186301e+08]
 [7.99870288e+08]
 [7.99593546e+08]
 [7.98997275e+08]
 [7.98518696e+08]
 [7.96222949e+08]
 [7.99894431e+08]
 [7.98730352e+08]
 [8.00719542e+08]
 [8.01075049e+08]
 [7.98425795e+08]
 [7.99073779e+08]
 [7.97780397e+08]
 [7.99552443e+08]
 [8.00176480e+08]
 [8.00237863e+08]
 [7.98031758e+08]
 [7.98691544e+08]
 [7.99732286e+08]
 [7.97788686e+08]
 [7.98200756e+08]
 [7.98757622e+08]
 [7.99151294e+08]
 [8.00343747e+08]
 [7.99023493e+08]
 [8.01779828e+08]
 [8.00661001e+08]
 [7.99908030e+08]
 [8.00135437e+08]
 [8.01497338e+08]
 [7.97969923e+08]
 [8.00620374e+08]
 [7.97905703e+08]
 [7.98162295e+08]
 [8.00053451e+08]
 [7.98740854e+08]
 [8.00309733e+08]
 [7.98109081e+08]
 [8.01734658e+08]
 [8.00081194e+08]
 [8.00703675e+08]
 [8.00464271e+08]
 [8.00494684e+08]
 [7.99187386e+08]
 [8.00854939e+08]
 [8.00107636e+08]
 [8.01527553e+08]
 [7.99676930e+08]
 [7.98886529e+08]
 [7.99963487e+08]
 [7.99921553e+08]
 [7.96981829e+08]
 [8.02449526e+08]
 [8.01961492e+08]
 [8.00599654e+08]
 [7.98594644e+08]
 [7.97934480e+08]
 [7.98267565e+08]
 [7.98086572e+08]
 [7.99130900e+08]
 [7.98171651e+08]
 [7.98825428e+08]
 [7.98888799e+08]
 [8.00571568e+08]
 [7.98870284e+08]
 [7.97817002e+08]
 [7.99574343e+08]
 [7.98350423e+08]
 [8.03565087e+08]
 [7.98479345e+08]
 [7.98194015e+08]
 [7.97826113e+08]
 [7.99055218e+08]
 [7.99927865e+08]
 [7.98441757e+08]
 [7.98660138e+08]
 [7.97983802e+08]
 [8.00332082e+08]
 [8.00439133e+08]
 [7.98563837e+08]
 [8.01597579e+08]
 [7.99244322e+08]
 [7.99070506e+08]
 [7.99698423e+08]
 [7.99722544e+08]
 [7.99138078e+08]
 [7.99496035e+08]
 [8.00084405e+08]
 [7.98450561e+08]
 [7.99393159e+08]
 [7.99057457e+08]
 [8.00107821e+08]
 [8.00138918e+08]
 [8.01290799e+08]
 [8.01302273e+08]
 [8.01213557e+08]
 [7.97373610e+08]
 [8.00565111e+08]
 [8.02388784e+08]
 [7.97709245e+08]
 [8.00584028e+08]
 [7.99418446e+08]
 [8.01816121e+08]
 [8.02035042e+08]
 [7.98530770e+08]
 [7.99848324e+08]
 [7.99508659e+08]
 [7.97893451e+08]
 [7.96562352e+08]
 [7.97145975e+08]
 [8.00976226e+08]
 [7.99321701e+08]
 [7.99736305e+08]
 [7.99060188e+08]
 [7.98557112e+08]
 [8.02902577e+08]
 [7.98448661e+08]
 [7.98676888e+08]
 [8.00573532e+08]
 [8.00054859e+08]
 [7.98171239e+08]
 [7.98786496e+08]
 [7.99781321e+08]
 [8.00529377e+08]
 [7.99905244e+08]
 [7.97451797e+08]
 [7.98428590e+08]
 [8.00075073e+08]
 [8.00070688e+08]
 [7.98851530e+08]
 [7.99647122e+08]
 [7.98608251e+08]
 [7.99710253e+08]
 [7.99236160e+08]
 [8.02074497e+08]
 [7.99891364e+08]
 [7.99916688e+08]
 [7.99609606e+08]
 [7.99084090e+08]
 [7.99519341e+08]
 [7.99164045e+08]
 [8.01063684e+08]
 [7.98535807e+08]
 [8.00591449e+08]
 [8.01202956e+08]
 [7.99958482e+08]
 [7.97884489e+08]
 [7.98863842e+08]
 [7.99751518e+08]
 [8.01602201e+08]
 [7.98437667e+08]
 [8.00910587e+08]
 [7.97297122e+08]
 [7.99303002e+08]
 [7.99244905e+08]
 [7.97493977e+08]
 [7.99622961e+08]
 [7.99294451e+08]
 [7.98208853e+08]
 [8.00737389e+08]
 [7.99138844e+08]
 [8.00234124e+08]
 [8.01120212e+08]
 [7.98940519e+08]
 [7.98205743e+08]
 [7.97365025e+08]
 [7.98728947e+08]
 [8.01845373e+08]
 [7.97606207e+08]
 [7.98535798e+08]
 [7.96267612e+08]
 [7.98784929e+08]
 [8.01036331e+08]
 [7.99226810e+08]
 [7.98438904e+08]
 [8.00266462e+08]
 [8.01592327e+08]
 [8.00163291e+08]
 [7.98087297e+08]
 [8.00611823e+08]
 [7.98922457e+08]
 [8.00732859e+08]
 [7.98045277e+08]
 [8.00850236e+08]
 [8.00853708e+08]
 [7.99032830e+08]
 [7.97782649e+08]
 [7.98629785e+08]
 [7.97488914e+08]
 [7.98787523e+08]
 [8.00684604e+08]
 [7.99851787e+08]
 [7.99426544e+08]
 [8.00637968e+08]
 [7.98697816e+08]
 [8.01173663e+08]
 [7.97989824e+08]
 [7.98470596e+08]
 [8.00378845e+08]
 [7.99674466e+08]
 [8.00294172e+08]
 [7.99401449e+08]
 [7.97033983e+08]
 [7.98886774e+08]
 [7.99794748e+08]
 [7.99977968e+08]
 [8.00575349e+08]
 [7.98463208e+08]
 [8.00031444e+08]
 [7.99525683e+08]
 [7.98820067e+08]
 [8.00349471e+08]
 [7.99802091e+08]
 [7.98608838e+08]
 [7.99849485e+08]
 [7.99083907e+08]
 [7.99264441e+08]
 [7.98259078e+08]
 [7.97836425e+08]
 [7.99970014e+08]
 [7.99466499e+08]
 [8.01399523e+08]
 [7.98619021e+08]
 [7.96304445e+08]
 [7.99808835e+08]
 [7.99152774e+08]
 [8.02110060e+08]
 [8.00331441e+08]
 [7.97834509e+08]
 [8.01214915e+08]
 [7.99047619e+08]
 [7.99390318e+08]
 [7.99705323e+08]
 [7.98054973e+08]
 [7.98597547e+08]
 [7.97109200e+08]
 [7.97659445e+08]
 [8.01763356e+08]
 [8.01273646e+08]
 [7.98962515e+08]
 [7.97950289e+08]
 [7.98240831e+08]
 [8.00972763e+08]
 [8.00054000e+08]
 [8.00225402e+08]
 [7.97214053e+08]
 [7.99614535e+08]
 [7.98712980e+08]
 [7.98748926e+08]
 [7.99346242e+08]
 [8.00738496e+08]
 [7.98025781e+08]
 [7.98899913e+08]
 [8.01661412e+08]
 [7.99385963e+08]
 [8.00204406e+08]
 [8.01432478e+08]
 [8.00612920e+08]
 [7.99150973e+08]
 [7.98294835e+08]
 [8.00470807e+08]
 [8.00044734e+08]
 [7.98942932e+08]
 [8.02126195e+08]
 [8.01346392e+08]
 [7.99392674e+08]
 [7.98997782e+08]
 [8.00455970e+08]
 [7.99189378e+08]
 [7.99297080e+08]
 [7.98580638e+08]] 

MPI Elapsed time: 0.21270465850830078
Length of local dots:  8
Error Norm: 0.0
