HELLO WORLD from process 1 of 8 on hal0027.amarel.rutgers.edu, running on CPU 16, Processor: x86_64
HELLO WORLD from process 4 of 8 on hal0027.amarel.rutgers.edu, running on CPU 19, Processor: x86_64
HELLO WORLD from process 5 of 8 on hal0027.amarel.rutgers.edu, running on CPU 20, Processor: x86_64
HELLO WORLD from process 3 of 8 on hal0027.amarel.rutgers.edu, running on CPU 18, Processor: x86_64
HELLO WORLD from process 6 of 8 on hal0027.amarel.rutgers.edu, running on CPU 21, Processor: x86_64
HELLO WORLD from process 7 of 8 on hal0027.amarel.rutgers.edu, running on CPU 22, Processor: x86_64
HELLO WORLD from process 0 of 8 on hal0027.amarel.rutgers.edu, running on CPU 12, Processor: x86_64
HELLO WORLD from process 2 of 8 on hal0027.amarel.rutgers.edu, running on CPU 17, Processor: x86_64
Validation mean: [500.29587887 501.88352706 500.95402039 ... 502.38158492 498.29681661
 503.45491515]
Validation shape: (1600,)
Process  {1}  has received a subblock of shape (200, 1600) 

Process  {2}  has received a subblock of shape (200, 1600) 

Process  {1}  has a local mean of  [501.28303962 499.97286648 498.22915595 497.90054641 500.55639884
 493.69475484 500.89296002 499.79157186 499.92429935 500.19290983
 501.85650948 501.46275743 500.63215499 501.24336369 500.77928906
 498.94849212 503.43644603 502.01291194 499.50414342 498.08817034
 498.52575308 499.81064293 499.93486805 501.66490919 498.73648108
 501.37964294 499.87939359 502.35477051 500.32716209 502.87336276
 495.5762367  499.75615743 502.8261386  498.89286048 497.29095708
 503.34108973 501.26300552 498.10205133 501.46972855 505.64978532
 500.56888975 501.20434559 499.09041487 503.66561755 500.48705428
 497.70646831 499.55211224 494.40317403 501.48854213 498.80314483
 505.07671883 496.02517202 494.67021319 498.92405076 499.24669737
 500.33729281 499.32795929 499.02741757 498.97615695 497.84343278
 500.73470939 502.14143623 503.07711761 498.78599718 502.12398295
 500.45723515 497.83520458 502.59287615 501.11210175 501.09294804
 500.20257541 498.18235072 497.55428023 501.90219975 502.07104351
 498.97472919 500.05009631 498.73836894 499.14646174 498.4447287
 499.86055667 502.60806199 504.16083661 499.62489656 504.73302267
 498.47846941 501.21652913 502.87894001 502.83142657 500.72744197
 498.76082024 499.50210098 496.39832564 498.40275464 501.69159985
 500.70913372 495.03376729 500.72451659 497.48298109 495.64805479
 501.53608679 498.09802536 502.30522988 497.82333275 495.80724985
 499.70875996 500.90330028 501.77244422 498.46477492 500.10787121
 502.90799605 503.9603614  498.75805383 502.71405434 502.70990504
 503.08516193 500.58594341 499.84736714 507.55671019 501.18258954
 499.56297016 498.95240123 498.59600815 500.10149438 502.15695785
 498.38590256 503.15694928 498.94678074 505.48427698 498.4594382
 499.43853211 499.24673509 504.23911311 502.70040055 500.42304463
 501.91769022 502.21426678 497.82186792 502.39834426 499.51196265
 498.04331044 504.33155061 498.88979754 497.17228271 495.2453102
 497.94815204 498.40205627 496.769474   498.91395598 500.23938978
 501.36188816 495.0621815  502.67475942 500.1522965  505.19197167
 498.1525761  498.75176628 499.62479601 502.81335098 495.8443434
 500.46536379 501.7015543  503.44006962 498.82940815 506.71818654
 503.36625657 496.87602226 501.32261309 501.30080263 500.82836918
 499.45494428 498.78737937 503.04793963 501.16262482 493.69023465
 497.06818203 498.6631055  494.82659267 498.95287851 499.40185767
 502.46374865 498.10302225 499.81350838 501.6163399  499.23901917
 503.08210209 503.64814055 502.3960923  497.37884874 498.29417498
 495.97100731 499.14123612 499.15056632 496.04613708 498.11448007
 501.45351843 499.56235674 497.57754377 501.9340124  498.09285795] 

Process  {2}  has a local mean of  [497.09745665 504.34675802 499.50417491 500.2310644  501.4918568
 500.97430336 504.35262025 503.04544933 499.43740747 500.17373563
 498.97745809 501.54090054 500.25880997 500.11222909 501.049874
 500.97241031 498.98136702 497.39001722 499.53955082 498.6056653
 499.9278482  497.2065825  498.56195703 496.58306198 495.27338014
 496.94936784 498.08655525 502.27748307 500.39873661 503.06689963
 498.29580221 498.60497221 500.29929025 494.84568384 499.55954751
 499.52489051 497.50957114 498.57015843 499.56522346 502.21949394
 503.64689257 498.07282654 499.75246196 500.85509459 499.51463982
 494.18977346 502.88122568 499.53702988 497.94578972 498.26051444
 499.21250022 498.36958739 501.19523592 499.17404918 498.94630946
 497.75944016 496.84831707 498.29838534 497.01446319 501.77304343
 505.19252256 498.715363   499.77628335 501.85780101 500.88874336
 499.66694001 502.00738078 499.76045776 501.6031813  496.49246532
 500.83962567 496.50179293 497.78490148 499.81869223 499.01626427
 502.01733687 498.95582231 494.46548742 498.58423199 499.07335919
 500.3651627  501.50447758 497.80322041 502.18809169 501.00242776
 498.79877732 502.05765274 497.70214452 493.15628952 498.27885601
 493.38393312 495.85710807 501.01181636 503.27043463 503.37061759
 498.80653191 499.3771471  502.43709729 500.0276899  501.56936815
 501.6344682  499.15591804 499.29480834 500.60474331 496.7670529
 498.4608134  499.7236584  498.7893365  502.9321879  501.3757807
 497.88536027 495.13734261 506.31519862 501.7160751  500.72081931
 499.8636679  498.56142312 501.25074053 503.45161835 497.7973361
 497.93193412 495.67285564 498.37683449 498.1199394  503.47603319
 497.01194737 501.10343566 503.54185637 499.21439262 498.68412854
 502.04987395 500.39102864 500.47510581 499.6774354  495.58412596
 499.30019144 498.84126897 500.2813734  498.21160365 501.07184759
 496.74532431 498.50235512 501.91434193 497.06813176 498.52477545
 500.11128317 496.88080993 504.29923964 501.54876778 499.72272369
 499.6606864  499.34800293 499.42722403 499.3497256  500.84566239
 500.45282783 503.94932889 505.45965567 497.80981789 499.63976113
 499.8544533  502.47553324 507.09945627 502.78897176 499.08405053
 496.83633553 501.82590297 498.21550819 499.91082661 494.96055178
 501.04049924 495.646903   495.1281613  498.28970734 496.96666263
 496.0145842  499.65723975 497.37918661 497.33829604 492.0602209
 500.6460707  497.76222743 502.9896839  498.06371568 496.33038758
 501.88461176 503.78367801 499.34508116 496.51180573 503.80097507
 500.17177017 499.13348916 503.41978978 496.52131808 499.60918779
 501.46061995 498.32545987 494.46435875 499.25128638 498.80810991] 

Process  {3}  has received a subblock of shape (200, 1600) 

Process  {3}  has a local mean of  [499.90543856 503.67286521 500.51008158 497.6233682  500.22047416
 499.57106988 499.09253213 497.07458955 498.41894731 498.26858969
 504.08832584 504.65498105 501.56074934 500.43532095 501.38193684
 498.23921513 502.15839029 503.68908338 498.74190592 499.65003284
 500.471497   498.28375106 503.39109327 499.92942249 501.95789651
 498.05975214 498.26715526 503.94068618 499.3134975  499.37023381
 501.539718   498.2699669  500.79828309 502.08645264 495.82867665
 498.91644764 499.18692098 499.7192997  502.22270755 502.02035249
 501.62364561 502.79129296 502.25867176 498.08593198 502.49996429
 501.13064323 495.73810593 500.83990532 504.27003058 498.67516062
 498.07654725 498.7788485  500.52068617 504.42041489 504.02487013
 498.12538686 501.53371594 502.90644621 497.46249465 499.77219049
 496.44317791 495.37366607 499.56096688 497.3621556  505.22834268
 503.78501478 505.07315977 501.71585746 498.82115913 496.41986019
 503.36629623 497.3913744  499.00745564 498.09872877 495.82667786
 499.73936265 495.48692561 500.05092026 498.43851097 499.12507796
 498.88136171 498.0127883  501.55148672 498.4361284  495.65487751
 501.28370967 497.24965233 499.7378499  501.51768832 500.16894556
 499.83867785 496.86938306 499.70703958 500.39593057 500.61074324
 497.85912393 499.10117761 497.76122634 504.08371597 502.14056325
 501.14630932 499.64471343 494.8053944  495.78710807 499.12929742
 500.3391099  498.60212948 499.36664867 500.01230525 503.02816754
 502.29175471 499.14421615 502.14151203 505.02564055 497.8144071
 501.06933987 501.17740011 501.28908422 498.63675456 501.78888972
 499.29530074 501.12559315 498.98536949 500.70679836 499.39414786
 504.59200652 502.38643202 499.44990122 501.85155717 498.60251615
 499.5088254  497.33676717 498.86817239 498.27826759 503.06914189
 500.59043733 501.6408137  498.53422634 501.09336649 507.73039207
 497.70200003 498.52308223 499.13070304 497.91951709 498.73054108
 501.77643675 499.0289498  498.84290213 500.53691124 505.84596065
 499.02943663 498.87418923 498.89816607 500.47566078 501.12893515
 501.15856017 496.28763891 498.58586534 500.62026408 504.11485653
 504.48636884 502.76163422 499.60279669 498.05208345 499.82351798
 498.43809991 503.3098574  499.36375051 497.90853572 501.83169261
 497.99937055 497.98033406 498.86940699 501.59736611 499.62237725
 497.29797631 500.53066516 500.99431611 498.44133168 496.44668973
 497.8000176  501.39266333 501.14451363 501.63696483 503.73611179
 496.85193855 496.12805685 498.67979462 500.93507201 499.86544031
 502.97871827 501.2037471  498.67756095 501.02137568 500.74101173
 496.58842707 499.17457362 501.10326747 507.44591809 502.98867531] 

Process  {4}  has received a subblock of shape (200, 1600) 

Process  {4}  has a local mean of  [499.60533832 497.97299849 502.31350881 499.92768303 501.21135709
 497.77710821 495.34703486 504.30911083 501.53679738 499.38605516
 499.56080376 499.11208327 499.9339482  496.81855848 497.43722829
 499.65506693 503.07147763 501.02056191 497.33092047 500.61602653
 500.1026656  498.23858098 500.70556235 501.32678281 499.02356932
 496.06316954 499.71208156 499.77877748 500.0262819  499.08702121
 508.64720989 503.69178427 502.9749949  500.27564187 501.40894997
 499.91255323 501.10364198 497.42416445 503.85554571 496.49402818
 500.37314401 499.65628316 497.83076498 501.75843072 498.51258096
 500.61183287 503.0199413  502.03456927 501.59727831 501.37414307
 496.34294822 502.26500988 497.54436633 497.84719467 498.22670048
 499.93705599 503.93380495 500.95979941 499.64646138 499.87791385
 498.94201633 502.42568281 499.11926591 500.57935588 499.77879239
 499.21656581 497.15454836 497.93685934 493.93668933 504.90894418
 499.15263014 499.47177065 502.41756351 496.30930858 501.89439022
 501.29292358 500.13796869 499.63587684 500.01092933 499.53690244
 500.4040767  497.1960897  497.65390525 504.39769879 497.90015173
 506.86423665 502.11614989 500.36116756 495.45321147 500.51300505
 502.34920549 503.32945611 505.24467716 500.16359206 499.8969837
 503.7295219  498.91439052 499.69326743 495.23332443 502.52189721
 500.40916719 498.16806766 497.7960607  501.22074768 498.58219561
 495.72062309 504.27374429 500.36767547 492.1869401  502.06270182
 496.01309294 500.43105071 502.40278906 501.4673775  501.13652643
 500.22498935 503.72071782 499.20112304 497.68823818 496.68752889
 502.48953477 502.2323961  496.91283443 501.43055182 496.18887685
 501.08040727 501.07579362 499.62892439 496.92382185 500.14925856
 501.03411745 500.23784888 500.72053778 495.57642167 496.34267224
 503.34798425 501.36551279 503.22707274 496.5782429  497.74020901
 499.95417077 503.28548231 498.66440891 499.06011672 501.69385022
 498.45597678 502.37146561 501.24015465 498.30225389 499.7412612
 496.85764073 501.2930329  500.26807363 497.79325128 499.21523195
 498.07908956 499.48837892 500.76340194 497.67516014 498.71956934
 497.93124607 501.59299643 497.94863563 500.24984408 502.70971731
 500.31020578 500.44019174 499.15202154 501.46481772 497.99609485
 496.78075651 495.73091607 497.64008192 497.68827392 499.50932226
 499.92606178 496.48324436 500.1246296  496.11150258 495.19157064
 499.30695582 498.4687272  503.34398262 500.72743153 499.89425281
 501.67184932 503.11789398 499.98022433 506.71713352 502.90245981
 499.25215435 504.02543581 497.96990668 497.83046591 499.58479181
 501.87290715 495.53691922 500.24488355 496.62814797 500.08793671] 

Process  {5}  has received a subblock of shape (200, 1600) 

Process  {5}  has a local mean of  [500.05193139 500.14098028 501.46773688 501.22763904 503.96723813
 498.78082058 501.97453658 499.05189732 498.48026455 495.5803208
 506.79843311 501.37633072 498.74832135 498.48336957 497.50511104
 499.72517387 496.46321137 501.99378208 502.97901074 501.6889832
 500.73453825 500.94235727 500.04276598 496.66065577 496.79723483
 500.75906578 503.61806537 502.36613854 499.86384064 496.62446525
 498.77837205 499.48837828 498.708997   500.27275078 498.90478922
 504.01694393 499.74022023 501.16118669 502.0206885  499.25212998
 497.83310312 499.42351705 503.50638641 500.15879496 501.49175362
 498.58863397 498.91348962 494.48029111 498.67471074 498.18830857
 500.46908389 498.67294815 500.71396654 501.80445802 503.06871031
 499.75291763 503.06249678 497.88644538 495.56011007 498.77000537
 502.44585971 504.08787456 499.62203024 498.97664084 502.71714036
 503.75999818 499.64913264 501.91673566 503.88713353 500.36615574
 502.94691496 502.04476259 501.99486423 499.09413773 496.35519314
 498.23745581 498.86410709 500.14648924 502.54367351 497.43955773
 498.94336555 501.6456772  502.50206475 496.31360457 499.17372842
 494.80269762 500.70133039 503.92950989 498.99130965 497.08371427
 499.77565964 498.82300249 500.92361513 496.62820154 499.64883229
 495.95334714 496.78474203 501.51927987 497.80692545 498.94551926
 503.52778814 503.05668269 500.7029369  500.55015806 500.89142342
 498.08360357 497.94200943 497.15788144 498.5872075  494.50202577
 500.70946171 498.0878065  499.49009304 499.06960198 498.53949079
 498.49306194 499.58804346 499.7064725  499.34507178 497.07545725
 501.59091001 497.52317925 499.67703378 500.02953074 498.85053003
 498.47293828 500.62011373 496.71226649 500.1310352  505.13614333
 497.64168948 504.86609652 504.86084373 501.60783463 499.18257033
 499.75834626 500.54301096 500.55355454 500.64561743 495.22130118
 501.54809972 498.74967036 500.8951239  501.06900917 496.91865118
 495.92361174 500.15361843 500.30994239 500.81569206 499.54317673
 500.00908775 499.2854368  497.99266015 504.06833679 497.88303896
 498.47714366 498.93279724 496.09482749 497.02991462 499.65225528
 498.9833992  496.3251746  494.22672242 497.89997592 499.88681537
 495.55979949 497.97126884 498.05840809 500.54575099 497.47290529
 499.13944354 500.26922248 501.03934959 496.17200585 503.91034808
 501.64184326 499.41300795 499.76539842 501.98632289 497.58292461
 499.05809415 502.83285574 499.78960641 503.27695646 499.84429081
 502.44328725 500.88023705 503.02943509 501.09495508 502.80581851
 501.76172973 500.38797001 500.03714744 501.77101506 507.34652627
 504.64095106 498.4589761  505.77383994 499.41311009 497.75399964] 

Process  {6}  has received a subblock of shape (200, 1600) 

Process  {6}  has a local mean of  [499.12334304 499.60753426 498.57645318 500.01935884 499.20680948
 500.67219881 503.2857667  498.93358567 503.97753843 505.97767186
 497.9004866  503.88985537 499.80407788 502.66206329 504.31599545
 496.14618333 496.91650724 498.50599843 501.6783912  499.28695213
 497.51376917 496.16091801 500.35932153 499.38021401 496.57064539
 502.07409185 500.92677653 504.10755629 499.79681478 498.36708757
 498.17356426 502.14784726 498.36194468 503.79455696 497.3507257
 498.26437612 504.38144771 500.87743344 505.53292976 500.44557596
 502.56439282 496.52728227 497.81791816 500.83519492 496.66425202
 498.00440451 503.73527067 499.10754841 499.58953648 499.19363737
 504.53884191 496.66470502 498.64550939 498.56092523 498.62391599
 501.49633603 501.15429669 497.93276429 497.96702438 496.20306224
 498.70163904 492.10949747 497.21602845 495.91959636 503.6157678
 505.16208083 500.03023396 495.72960791 495.12833986 498.70811778
 505.25168105 499.11431716 500.07378554 501.66578058 500.88249068
 500.08433021 495.71243463 498.71686224 497.7893762  498.49355507
 497.69282657 499.68039623 502.02728132 499.65090296 502.1276314
 500.27748029 501.1575611  496.92641688 501.64831868 503.539734
 497.97237347 498.03831637 502.07405961 506.01388308 498.75951935
 498.18289763 503.38790835 497.81799641 499.21782997 500.32396701
 499.36273228 503.8107291  500.87487622 498.41982512 501.09153271
 501.97696592 499.16600202 498.83271897 500.35385519 499.74315143
 501.41773497 499.04948864 501.04241122 499.80994666 499.70847409
 498.71443613 501.01986814 496.41230907 502.8051025  494.12240392
 504.54764061 498.84667283 502.2633612  500.41656249 497.31775524
 501.67774571 502.94571515 499.26493795 500.61353253 499.80774155
 501.32788105 500.4095848  500.04128426 504.75060884 497.27901333
 497.17730505 500.45132874 502.65449092 495.2256412  495.96771156
 496.63728081 503.61650134 498.64564974 498.41360175 504.13862255
 502.58623069 497.22604266 503.39847048 501.20019053 499.12461237
 496.89677518 499.50307161 501.32071759 499.65006176 501.24147719
 498.70455562 498.84415506 503.48957538 500.43840461 497.96365368
 500.79322687 500.16016454 495.57895644 498.38622789 501.58586315
 495.94601542 499.77251069 494.43465236 503.18641105 503.60595806
 500.28904812 500.60054427 496.99759021 499.41940548 500.80465094
 496.14434034 497.66538159 503.59514394 498.00986265 499.1996249
 505.60785164 500.29234515 496.24544652 503.48145091 498.3838743
 500.87408763 502.11866409 494.33866757 499.72454164 498.39035997
 498.79102555 499.7942364  499.83368964 496.42630548 500.76758152
 501.54841793 500.37534456 499.43864525 501.88211936 505.08778707] 

Process  {7}  has received a subblock of shape (200, 1600) 

Process  {0}  has received a subblock of shape (200, 1600) 

Process  {7}  has a local mean of  [501.46781731 500.2768335  498.81645073 502.21003877 500.74565929
 497.89271098 498.8784265  500.14578391 501.01090727 501.55451799
 505.95748427 500.8840248  500.97924847 497.52322711 503.25912779
 499.935374   501.5836247  501.45198456 505.2331216  496.71907563
 502.14491606 497.51652148 500.54631129 498.2638647  502.87803695
 495.81452048 503.99161321 498.00385321 497.35201632 500.99140081
 496.57992247 497.71276813 499.89479079 495.30454733 502.57204881
 499.13999046 500.25143732 499.45583642 503.04264758 499.05853963
 500.25448707 493.55911557 502.00182739 499.7073369  497.93392388
 499.32925542 495.9571987  500.1086763  494.64536641 501.65224515
 501.72311103 495.16856685 499.33996278 500.71838934 499.64442246
 504.26727051 496.90369941 497.272138   500.23932072 498.82919941
 503.62535056 498.53823956 502.3661134  502.80745546 501.44152364
 497.81229039 498.00559992 503.31655191 496.16923689 501.11152724
 498.99568602 502.57215691 500.27062646 497.27950199 503.02631208
 498.46327067 492.13843112 501.17972251 501.07128139 499.7121052
 499.58621585 499.03337523 499.11445548 498.71952201 501.10604107
 500.84311168 501.4529993  498.80900024 499.2723347  502.07706247
 498.1635661  497.75566633 502.55829341 498.95597833 503.50878997
 501.35788657 496.226354   500.83640989 502.23067543 500.25196695
 497.45370218 500.99613169 498.69747522 500.12500897 500.64114138
 500.04114035 494.82534532 499.05242295 496.15969665 499.17416598
 502.27935708 499.36486374 498.49567901 501.92040787 497.60658049
 503.15405773 498.50192526 499.10442269 499.94834577 498.58536053
 500.18665922 497.9970441  499.64484906 503.88864105 500.45705012
 500.64402321 500.55770007 500.48438902 497.20988045 495.87688421
 500.22059949 501.72212703 498.73262625 498.77104363 502.82263116
 496.39182797 496.79280443 500.12266475 501.4106285  497.81260719
 500.12637418 504.28828865 498.63697579 497.421998   500.49788168
 498.20575812 500.9201071  497.71344791 497.82337505 499.38283362
 502.52353816 498.3340426  502.23003864 497.85599775 497.29842509
 496.91540483 500.36245761 502.62662324 498.5804781  501.4109248
 499.89498859 499.24095279 503.51974855 500.94344005 499.45269952
 495.93684338 495.82791431 501.18340603 500.51181229 501.44308119
 500.65236013 502.24271714 496.83549169 500.77706988 498.90597092
 498.07337249 495.42616582 500.9148169  502.5851326  503.21922107
 502.03103722 499.6387456  497.39975314 499.51706604 502.16263567
 499.53632662 503.50635188 496.84740863 503.52872354 501.93637365
 501.25969068 496.07361664 497.5580709  500.058174   498.76347319
 505.85812222 500.8455211  502.38158492 498.29681661 503.45491515] 

Process  {0}  has a local mean of  [500.29587887 501.88352706 500.95402039 494.06354629 493.61119213
 498.27300898 503.17462321 494.88383608 503.20535595 500.5936374
 500.08944217 499.5153235  496.45920919 500.52987659 498.91068109
 501.00139673 501.32753735 501.31065945 501.03637892 502.21974229
 500.34003933 501.94999785 501.16264087 498.98155245 498.99053542
 502.09386197 500.16646146 500.82000336 500.06022486 497.18432478
 497.33436997 503.84206605 504.10989083 499.86813259 502.68684478
 500.73681846 501.05735019 503.49772935 503.07180798 502.18159661
 495.74520803 499.35229929 499.2619825  499.95745426 500.85465879
 501.54936581 499.01293951 501.33556956 496.7415543  496.51563097
 501.42253243 495.90162077 498.83845066 500.29804595 499.97460396
 499.2039091  498.98121878 500.80604676 500.43017305 497.48851025
 501.38526062 499.35158709 497.54397911 503.77202214 496.53076837
 498.03515918 499.74544157 501.37506377 498.45602169 502.26029552
 498.37136672 500.07424644 498.39190869 501.32934795 497.7516047
 502.98373598 499.04006358 499.49986019 500.41014338 499.6366052
 499.06649133 496.96956451 500.95507862 497.93231442 499.45921607
 496.657275   499.20408932 501.34830432 501.37479971 500.98759129
 500.83006905 499.54097289 501.03179066 499.40952149 502.19295973
 499.03384372 495.11543812 493.48453948 499.94751428 497.54747131
 499.22981399 499.5461406  498.14429361 497.27462252 501.98932038
 500.86000154 502.23042185 500.28453862 498.43272785 501.3943744
 498.82425736 500.83529369 498.08107885 498.68590336 501.19042459
 496.68975848 504.16929105 500.50370014 500.75188999 503.28850049
 498.66860734 500.76251023 500.53818903 499.30885961 503.36391479
 501.10905973 499.5539969  499.31215576 497.37563429 504.6425827
 499.65081462 501.9391763  493.31610262 503.51782293 499.63500412
 501.56211974 499.61599187 497.34512036 497.65061929 497.68339871
 503.71369122 498.68851731 494.40865669 502.29139182 500.24273039
 499.95621526 501.44416638 500.30203094 499.02588276 496.42309005
 500.12950964 498.55160922 499.61655051 501.20797459 497.92013239
 497.70204529 504.34817642 499.19052992 496.28944322 500.50226217
 504.69146266 499.00630596 499.40785487 499.13035138 495.58033577
 502.46734885 501.90558415 498.45917956 499.29219738 502.17637768
 498.73819803 502.63488776 499.96620687 499.33723645 498.50342116
 500.38034291 496.48392486 496.9574398  495.22067691 495.82852013
 499.99501658 497.55486925 504.4841395  500.19592832 498.4232473
 500.10567538 497.67951182 503.91987985 495.73889748 501.11577148
 501.00147655 499.75320252 501.4046645  498.7504154  497.74154486
 497.34685928 498.21619669 499.82341937 502.23266478 497.85061653] 

Global mean: [499.72797358 500.07647978 499.55108689 500.10593118 499.88027416
 499.902923   499.90431381 499.8366486 ]
Global shape: (8,)
