HELLO WORLD from process 1 of 10 on hal0063.amarel.rutgers.edu, running on CPU 19, Processor: x86_64
HELLO WORLD from process 6 of 10 on hal0063.amarel.rutgers.edu, running on CPU 24, Processor: x86_64
HELLO WORLD from process 4 of 10 on hal0063.amarel.rutgers.edu, running on CPU 22, Processor: x86_64
HELLO WORLD from process 8 of 10 on hal0063.amarel.rutgers.edu, running on CPU 26, Processor: x86_64
HELLO WORLD from process 0 of 10 on hal0063.amarel.rutgers.edu, running on CPU 11, Processor: x86_64
Size of matrix A: (rows=2000, cols=2000), Size of submatrix: (rows=200, cols=2000)
HELLO WORLD from process 2 of 10 on hal0063.amarel.rutgers.edu, running on CPU 20, Processor: x86_64
HELLO WORLD from process 3 of 10 on hal0063.amarel.rutgers.edu, running on CPU 21, Processor: x86_64
HELLO WORLD from process 5 of 10 on hal0063.amarel.rutgers.edu, running on CPU 23, Processor: x86_64
HELLO WORLD from process 7 of 10 on hal0063.amarel.rutgers.edu, running on CPU 25, Processor: x86_64
HELLO WORLD from process 9 of 10 on hal0063.amarel.rutgers.edu, running on CPU 27, Processor: x86_64
Time to invert matrix: 0.96371 seconds
Validation test elapsed time: 28.60610 seconds
Time to scatter subblock A of shape (200, 2000) to process 1: 29.54225 seconds
Time to scatter subblock A of shape (200, 2000) to process 2: 29.54215 seconds
Time to scatter subblock A of shape (200, 2000) to process 3: 29.54768 seconds
Time to scatter subblock A of shape (200, 2000) to process 4: 29.55033 seconds
Time to scatter subblock A of shape (200, 2000) to process 5: 29.54971 seconds
Time to scatter subblock A of shape (200, 2000) to process 6: 29.55608 seconds
Time to scatter subblock A of shape (200, 2000) to process 7: 29.55763 seconds
Time to scatter subblock A of shape (200, 2000) to process 8: 29.56004 seconds
Time to scatter subblock A of shape (200, 2000) to process 9: 29.56253 seconds
Time to scatter subblock A of shape (200, 2000) to process 0: 0.02531 seconds
Process  {0}  has received b of shape (2000,)
Process  {1}  has received b of shape (2000,)
Process  {5}  has received b of shape (2000,)
Process  {2}  has received b of shape (2000,)
Process  {9}  has received b of shape (2000,)
Process  {3}  has received b of shape (2000,)
Process  {6}  has received b of shape (2000,)
Process  {7}  has received b of shape (2000,)
Process  {8}  has received b of shape (2000,)
Process  {4}  has received b of shape (2000,)
Process  {0}  has received x of shape (2000,)
Process  {9}  has received x of shape (2000,)
Process  {6}  has received x of shape (2000,)
Process  {7}  has received x of shape (2000,)
Process  {1}  has received x of shape (2000,)
Process  {5}  has received x of shape (2000,)
Process  {2}  has received x of shape (2000,)
Process  {8}  has received x of shape (2000,)
Process  {3}  has received x of shape (2000,)
Process  {9}  has received z of shape (2000,)
Process  {0}  has received z of shape (2000,)
Process  {4}  has received x of shape (2000,)
Process  {3}  has received z of shape (2000,)
Process  {6}  has received z of shape (2000,)
Process  {7}  has received z of shape (2000,)
Process  {1}  has received z of shape (2000,)
Process  {5}  has received z of shape (2000,)
Process  {2}  has received z of shape (2000,)
Process  {8}  has received z of shape (2000,)
Process  {4}  has received z of shape (2000,)
Process  {0}  has received y of shape (2000,)
Process  {9}  has received y of shape (2000,)
Process  {8}  has received y of shape (2000,)
Process  {3}  has received y of shape (2000,)
Process  {6}  has received y of shape (2000,)
Process  {7}  has received y of shape (2000,)
Process  {1}  has received y of shape (2000,)
Process  {5}  has received y of shape (2000,)
Process  {2}  has received y of shape (2000,)
Process  {4}  has received y of shape (2000,)
