HELLO WORLD from process 8 of 10 on hal0080.amarel.rutgers.edu, running on CPU 10, Processor: x86_64
HELLO WORLD from process 0 of 10 on hal0080.amarel.rutgers.edu, running on CPU 2, Processor: x86_64
Size of matrix A: (rows=1000, cols=2000), Size of submatrix: (rows=100, cols=2000)
HELLO WORLD from process 1 of 10 on hal0080.amarel.rutgers.edu, running on CPU 3, Processor: x86_64
HELLO WORLD from process 2 of 10 on hal0080.amarel.rutgers.edu, running on CPU 4, Processor: x86_64
HELLO WORLD from process 5 of 10 on hal0080.amarel.rutgers.edu, running on CPU 7, Processor: x86_64
HELLO WORLD from process 6 of 10 on hal0080.amarel.rutgers.edu, running on CPU 8, Processor: x86_64
HELLO WORLD from process 7 of 10 on hal0080.amarel.rutgers.edu, running on CPU 9, Processor: x86_64
HELLO WORLD from process 9 of 10 on hal0080.amarel.rutgers.edu, running on CPU 11, Processor: x86_64
HELLO WORLD from process 4 of 10 on hal0080.amarel.rutgers.edu, running on CPU 6, Processor: x86_64
HELLO WORLD from process 3 of 10 on hal0080.amarel.rutgers.edu, running on CPU 5, Processor: x86_64
Time to invert matrix: 1.02449 seconds
Validation test elapsed time: 7.40229 seconds.
Time to scatter subblock A of shape (100, 2000) to process 1: 8.48724 seconds
Time to scatter subblock A of shape (100, 2000) to process 2: 8.48707 seconds
Time to scatter subblock A of shape (100, 2000) to process 3: 8.48457 seconds
Time to scatter subblock A of shape (100, 2000) to process 4: 8.48568 seconds
Time to scatter subblock A of shape (100, 2000) to process 5: 8.49154 seconds
Time to scatter subblock A of shape (100, 2000) to process 6: 8.49292 seconds
Time to scatter subblock A of shape (100, 2000) to process 7: 8.49327 seconds
Time to scatter subblock A of shape (100, 2000) to process 8: 8.49567 seconds
Time to scatter subblock A of shape (100, 2000) to process 0: 0.01094 seconds
Time to scatter subblock A of shape (100, 2000) to process 9: 8.49616 seconds
Process  {1}  has received b of shape (100,)
Process  {2}  has received b of shape (100,)
Process  {4}  has received b of shape (100,)
Process  {5}  has received b of shape (100,)
Process  {6}  has received b of shape (100,)
Process  {7}  has received b of shape (100,)
Process  {8}  has received b of shape (100,)
Process  {3}  has received b of shape (100,)
Process  {0}  has received b of shape (100,)
Process  {9}  has received b of shape (100,)
Process  {0}  has received x of shape (2000,)
Process  {9}  has received x of shape (2000,)
Process  {1}  has received x of shape (2000,)
Process  {7}  has received x of shape (2000,)
Process  {8}  has received x of shape (2000,)
Process  {3}  has received x of shape (2000,)
Process  {4}  has received x of shape (2000,)
Process  {5}  has received x of shape (2000,)
Process  {6}  has received x of shape (2000,)
Process  {2}  has received x of shape (2000,)
Process  {1}  has received z of shape (2000,)
Process  {7}  has received z of shape (2000,)
Process  {0}  has received z of shape (2000,)
Process  {6}  has received z of shape (2000,)
Process  {4}  has received z of shape (2000,)
Process  {2}  has received z of shape (2000,)
Process  {5}  has received z of shape (2000,)
Process  {9}  has received z of shape (2000,)
Process  {8}  has received z of shape (2000,)
Process  {3}  has received z of shape (2000,)
Process  {5}  has received y of shape (2000,)
Process  {4}  has received y of shape (2000,)
Process  {1}  has received y of shape (2000,)
Process  {9}  has received y of shape (2000,)
Process  {7}  has received y of shape (2000,)
Process  {0}  has received y of shape (2000,)
Process  {8}  has received y of shape (2000,)
Process  {6}  has received y of shape (2000,)
Process  {3}  has received y of shape (2000,)
Process  {2}  has received y of shape (2000,)
Time to invert matrix (A.T * A + rho * I): 0.69912 seconds
Time to invert matrix (A.T * A + rho * I): 0.72596 seconds
Time to invert matrix (A.T * A + rho * I): 0.72658 seconds
Time to invert matrix (A.T * A + rho * I): 0.72939 seconds
Time to invert matrix (A.T * A + rho * I): 0.73234 seconds
Time to invert matrix (A.T * A + rho * I): 0.73234 seconds
Time to invert matrix (A.T * A + rho * I): 0.73200 seconds
Time to invert matrix (A.T * A + rho * I): 0.73213 seconds
Time to invert matrix (A.T * A + rho * I): 0.73472 seconds
Time to invert matrix (A.T * A + rho * I): 0.73528 seconds
MPI test elapsed time for process 5: 12.92780 seconds
MPI test elapsed time for process 3: 12.92780 seconds
MPI test elapsed time for process 6: 12.92780 seconds
MPI test elapsed time for process 8: 12.92780 seconds
MPI test elapsed time for process 1: 12.92780 seconds
MPI test elapsed time for process 4: 12.92780 seconds
MPI test elapsed time for process 7: 12.92780 seconds
MPI test elapsed time for process 2: 12.92768 seconds
MPI test elapsed time for process 9: 12.92780 seconds
MPI test elapsed time for process 0: 12.92895 seconds
