HELLO WORLD from process 1 of 10 on slepner085.amarel.rutgers.edu, running on CPU 17, Processor: x86_64
HELLO WORLD from process 0 of 10 on slepner085.amarel.rutgers.edu, running on CPU 16, Processor: x86_64
HELLO WORLD from process 7 of 10 on slepner085.amarel.rutgers.edu, running on CPU 22, Processor: x86_64
HELLO WORLD from process 9 of 10 on slepner085.amarel.rutgers.edu, running on CPU 24, Processor: x86_64
HELLO WORLD from process 6 of 10 on slepner085.amarel.rutgers.edu, running on CPU 21, Processor: x86_64
HELLO WORLD from process 2 of 10 on slepner085.amarel.rutgers.edu, running on CPU 8, Processor: x86_64
HELLO WORLD from process 4 of 10 on slepner085.amarel.rutgers.edu, running on CPU 12, Processor: x86_64
HELLO WORLD from process 3 of 10 on slepner085.amarel.rutgers.edu, running on CPU 9, Processor: x86_64
HELLO WORLD from process 8 of 10 on slepner085.amarel.rutgers.edu, running on CPU 23, Processor: x86_64
HELLO WORLD from process 5 of 10 on slepner085.amarel.rutgers.edu, running on CPU 13, Processor: x86_64
Validation dot: [1.99624363e+09 1.99862923e+09 1.99823258e+09 ... 2.00078132e+09
 2.00195322e+09 1.99905563e+09]
Validation shape: (15000,)
Validation Elapsed time: 0.11367082595825195
Process  {1}  has received a subblock of shape (1500, 10000) 

Process  {2}  has received a subblock of shape (1500, 10000) 

Process  {3}  has received a subblock of shape (1500, 10000) 

Process  {4}  has received a subblock of shape (1500, 10000) 

Process  {5}  has received a subblock of shape (1500, 10000) 

Process  {6}  has received a subblock of shape (1500, 10000) 

Process  {7}  has received a subblock of shape (1500, 10000) 

Process  {8}  has received a subblock of shape (1500, 10000) 

Process  {9}  has received a subblock of shape (1500, 10000) 

Process  {0}  has received a subblock of shape (1500, 10000) 

Process  {9}  has received x of shape (10000,) 

Process  {0}  has received x of shape (10000,) 

Process 0 has received a subblock of shape (1500, 10000)
Process 0 has received x of shape (10000,)
Process 9 has received a subblock of shape (1500, 10000)
Process 9 has received x of shape (10000,)
Time to scatter and broadcast: 1.6474 seconds
Process  {1}  has received x of shape (10000,) 

Time to scatter and broadcast: 8.3949 seconds
Process  {3}  has received x of shape (10000,) 

Process  {7}  has received x of shape (10000,) 

Process  {8}  has received x of shape (10000,) 

Process  {4}  has received x of shape (10000,) 

Process  {2}  has received x of shape (10000,) 

Process 2 has received a subblock of shape (1500, 10000)
Process  {6}  has received x of shape (10000,) 

Process 6 has received a subblock of shape (1500, 10000)
Process 6 has received x of shape (10000,)
Process 1 has received a subblock of shape (1500, 10000)
Process 1 has received x of shape (10000,)
Time to scatter and broadcast: 8.4019 seconds
Process 3 has received a subblock of shape (1500, 10000)
Process 3 has received x of shape (10000,)
Time to scatter and broadcast: 8.3940 seconds
Process 7 has received a subblock of shape (1500, 10000)
Process 7 has received x of shape (10000,)
Time to scatter and broadcast: 8.3950 seconds
Process 8 has received a subblock of shape (1500, 10000)
Process 8 has received x of shape (10000,)
Time to scatter and broadcast: 8.3938 seconds
Process 4 has received a subblock of shape (1500, 10000)
Process 4 has received x of shape (10000,)
Time to scatter and broadcast: 8.3940 seconds
Process 2 has received x of shape (10000,)
Time to scatter and broadcast: 8.3942 seconds
Time to scatter and broadcast: 8.3944 seconds
Process  {5}  has received x of shape (10000,) 

Process 5 has received a subblock of shape (1500, 10000)
Process 5 has received x of shape (10000,)
Time to scatter and broadcast: 8.3937 seconds
Process 0 has finished the dot product in 0.0163 seconds.
Process 1 has finished the dot product in 0.0245 seconds.
Process 7 has finished the dot product in 0.0281 seconds.
Process 2 has finished the dot product in 0.0288 seconds.
Time to gather: 0.0002 seconds
Process 6 has finished the dot product in 0.0285 seconds.
Time to gather: 0.0006 seconds
Process 9 has finished the dot product in 0.0286 seconds.
Time to gather: 0.0007 seconds
Process 5 has finished the dot product in 0.0281 seconds.
Time to gather: 0.0005 seconds
Time to gather: 0.0131 seconds
Length of local dots:  10
Error Norm: 0.0
Process 3 has finished the dot product in 0.0287 seconds.
Time to gather: 0.0003 seconds
Time to gather: 0.0046 seconds
Process 8 has finished the dot product in 0.0285 seconds.
Time to gather: 0.0007 seconds
Process 4 has finished the dot product in 0.0287 seconds.
Time to gather: 0.0004 seconds
Time to gather: 0.0009 seconds
