HELLO WORLD from process 7 of 10 on slepner085.amarel.rutgers.edu, running on CPU 10, Processor: x86_64
HELLO WORLD from process 8 of 10 on slepner085.amarel.rutgers.edu, running on CPU 11, Processor: x86_64
HELLO WORLD from process 0 of 10 on slepner085.amarel.rutgers.edu, running on CPU 0, Processor: x86_64
HELLO WORLD from process 2 of 10 on slepner085.amarel.rutgers.edu, running on CPU 3, Processor: x86_64
Size of matrix A: (rows=2000, cols=2000), Size of submatrix: (rows=200, cols=2000)
HELLO WORLD from process 1 of 10 on slepner085.amarel.rutgers.edu, running on CPU 1, Processor: x86_64
HELLO WORLD from process 9 of 10 on slepner085.amarel.rutgers.edu, running on CPU 26, Processor: x86_64
HELLO WORLD from process 3 of 10 on slepner085.amarel.rutgers.edu, running on CPU 14, Processor: x86_64
HELLO WORLD from process 4 of 10 on slepner085.amarel.rutgers.edu, running on CPU 15, Processor: x86_64
HELLO WORLD from process 5 of 10 on slepner085.amarel.rutgers.edu, running on CPU 18, Processor: x86_64
HELLO WORLD from process 6 of 10 on slepner085.amarel.rutgers.edu, running on CPU 20, Processor: x86_64
Time to scatter subblock A of shape (200, 2000) to process 1: 0.21510 seconds
Time to scatter subblock A of shape (200, 2000) to process 2: 0.21938 seconds
Time to scatter subblock A of shape (200, 2000) to process 3: 0.21900 seconds
Time to scatter subblock A of shape (200, 2000) to process 4: 0.22059 seconds
Time to scatter subblock A of shape (200, 2000) to process 5: 0.22315 seconds
Time to scatter subblock A of shape (200, 2000) to process 6: 0.22464 seconds
Time to scatter subblock A of shape (200, 2000) to process 7: 0.23068 seconds
Time to scatter subblock A of shape (200, 2000) to process 8: 0.23255 seconds
Time to scatter subblock A of shape (200, 2000) to process 9: 0.23208 seconds
Time to scatter subblock A of shape (200, 2000) to process 0: 0.02056 seconds
Process  {0}  has received b of shape (2000,)
Process  {9}  has received b of shape (2000,)
Process  {6}  has received b of shape (2000,)
Process  {7}  has received b of shape (2000,)
Process  {8}  has received b of shape (2000,)
Process  {2}  has received b of shape (2000,)
Process  {1}  has received b of shape (2000,)
Process  {3}  has received b of shape (2000,)
Process  {4}  has received b of shape (2000,)
Process  {5}  has received b of shape (2000,)
Process  {6}  has received x of shape (2000,)
Process  {0}  has received x of shape (2000,)
Process  {2}  has received x of shape (2000,)
Process  {7}  has received x of shape (2000,)
Process  {8}  has received x of shape (2000,)
Process  {1}  has received x of shape (2000,)
Process  {3}  has received x of shape (2000,)
Process  {9}  has received x of shape (2000,)
Process  {4}  has received x of shape (2000,)
Process  {5}  has received x of shape (2000,)
Process  {4}  has received z of shape (2000,)
Process  {6}  has received z of shape (2000,)
Process  {0}  has received z of shape (2000,)
Process  {2}  has received z of shape (2000,)
Process  {7}  has received z of shape (2000,)
Process  {8}  has received z of shape (2000,)
Process  {1}  has received z of shape (2000,)
Process  {3}  has received z of shape (2000,)
Process  {9}  has received z of shape (2000,)
Process  {5}  has received z of shape (2000,)
Process  {9}  has received y of shape (2000,)
Process  {4}  has received y of shape (2000,)
Process  {6}  has received y of shape (2000,)
Process  {0}  has received y of shape (2000,)
Process  {2}  has received y of shape (2000,)
Process  {7}  has received y of shape (2000,)
Process  {8}  has received y of shape (2000,)
Process  {1}  has received y of shape (2000,)
Process  {3}  has received y of shape (2000,)
Process  {5}  has received y of shape (2000,)
Time to invert matrix: 0.75903 seconds
Time to invert matrix: 0.76128 seconds
Time to invert matrix: 0.76260 seconds
Time to invert matrix: 0.78345 seconds
Time to invert matrix: 0.78719 seconds
Time to invert matrix: 0.78731 seconds
Time to invert matrix: 0.78920 seconds
Time to invert matrix: 0.79015 seconds
Time to invert matrix: 0.78755 seconds
Shape of cached_inv (2000, 2000)
Shape of A.T (2000, 200)
Shape of b (2000,)
Shape of z (2000,)
Shape of y (2000,)
Time to invert matrix: 0.79082 seconds
