HELLO WORLD from process 9 of 10 on hal0029.amarel.rutgers.edu, running on CPU 16, Processor: x86_64
HELLO WORLD from process 8 of 10 on hal0029.amarel.rutgers.edu, running on CPU 15, Processor: x86_64
HELLO WORLD from process 1 of 10 on hal0029.amarel.rutgers.edu, running on CPU 7, Processor: x86_64
HELLO WORLD from process 4 of 10 on hal0029.amarel.rutgers.edu, running on CPU 10, Processor: x86_64
HELLO WORLD from process 6 of 10 on hal0029.amarel.rutgers.edu, running on CPU 12, Processor: x86_64
HELLO WORLD from process 3 of 10 on hal0029.amarel.rutgers.edu, running on CPU 9, Processor: x86_64
HELLO WORLD from process 2 of 10 on hal0029.amarel.rutgers.edu, running on CPU 8, Processor: x86_64
HELLO WORLD from process 0 of 10 on hal0029.amarel.rutgers.edu, running on CPU 6, Processor: x86_64
HELLO WORLD from process 7 of 10 on hal0029.amarel.rutgers.edu, running on CPU 13, Processor: x86_64
HELLO WORLD from process 5 of 10 on hal0029.amarel.rutgers.edu, running on CPU 11, Processor: x86_64
Validation dot: [2.00099815e+09 1.99684799e+09 1.99971601e+09 ... 2.00119308e+09
 1.99738119e+09 1.99824745e+09]
Validation shape: (14000,)
Validation Elapsed time: 0.1760854721069336
Process  {1}  has received a subblock of shape (1400, 10000)
Time to scatter subblock A of shape (1400, 10000) to process 1: 8.50413 seconds
Process  {2}  has received a subblock of shape (1400, 10000)
Time to scatter subblock A of shape (1400, 10000) to process 2: 8.59463 seconds
Process  {3}  has received a subblock of shape (1400, 10000)
Time to scatter subblock A of shape (1400, 10000) to process 3: 8.68669 seconds
Process  {4}  has received a subblock of shape (1400, 10000)
Time to scatter subblock A of shape (1400, 10000) to process 4: 8.77924 seconds
Process  {5}  has received a subblock of shape (1400, 10000)
Time to scatter subblock A of shape (1400, 10000) to process 5: 8.86780 seconds
Process  {6}  has received a subblock of shape (1400, 10000)
Time to scatter subblock A of shape (1400, 10000) to process 6: 8.96114 seconds
Process  {7}  has received a subblock of shape (1400, 10000)
Time to scatter subblock A of shape (1400, 10000) to process 7: 9.05342 seconds
Process  {8}  has received a subblock of shape (1400, 10000)
Time to scatter subblock A of shape (1400, 10000) to process 8: 9.07839 seconds
Process  {9}  has received a subblock of shape (1400, 10000)
Time to scatter subblock A of shape (1400, 10000) to process 9: 9.15036 seconds
Process  {0}  has received a subblock of shape (1400, 10000)
Time to scatter subblock A of shape (1400, 10000) to process 0: 2.65194 seconds
Process  {1}  has received x of shape (10000,)
Time to broadcast vector x of shape (10000,) to process 1: 0.75275 seconds
Process  {7}  has received x of shape (10000,)
Time to broadcast vector x of shape (10000,) to process 7: 0.20209 seconds
Process  {2}  has received x of shape (10000,)
Time to broadcast vector x of shape (10000,) to process 2: 0.66173 seconds
Process  {5}  has received x of shape (10000,)
Time to broadcast vector x of shape (10000,) to process 5: 0.38711 seconds
Process  {9}  has received x of shape (10000,)
Time to broadcast vector x of shape (10000,) to process 9: 0.11205 seconds
Process  {6}  has received x of shape (10000,)
Time to broadcast vector x of shape (10000,) to process 6: 0.29569 seconds
Process  {3}  has received x of shape (10000,)
Time to broadcast vector x of shape (10000,) to process 3: 0.57001 seconds
Process  {4}  has received x of shape (10000,)
Time to broadcast vector x of shape (10000,) to process 4: 0.47754 seconds
Process  {8}  has received x of shape (10000,)
Time to broadcast vector x of shape (10000,) to process 8: 0.18360 seconds
Process  {0}  has received x of shape (10000,)
Time to broadcast vector x of shape (10000,) to process 0: 0.00079 seconds
Process 9 has finished the dot product in 0.0250 seconds.
Process 8 has finished the dot product in 0.0266 seconds.
Process 0 has finished the dot product in 0.0305 seconds.
Process 4 has finished the dot product in 0.0381 seconds.
Process 3 has finished the dot product in 0.0382 seconds.
Process 6 has finished the dot product in 0.0382 seconds.
Process 2 has finished the dot product in 0.0383 seconds.
Process 7 has finished the dot product in 0.0383 seconds.
Process 5 has finished the dot product in 0.0384 seconds.
Process 1 has finished the dot product in 0.0385 seconds.
Time to gather: 0.0002 seconds
Time to gather: 0.0004 seconds
Time to gather: 0.0006 seconds
Time to gather: 0.0006 seconds
Time to gather: 0.0004 seconds
Time to gather: 0.0006 seconds
Time to gather: 0.0005 seconds
Time to gather: 0.0122 seconds
Time to gather: 0.0139 seconds
Time to gather: 0.0086 seconds
Length of local dots:  10
Error Norm: 0.0
