HELLO WORLD from process 0 of 10 on slepner085.amarel.rutgers.edu, running on CPU 16, Processor: x86_64
HELLO WORLD from process 1 of 10 on slepner085.amarel.rutgers.edu, running on CPU 17, Processor: x86_64
HELLO WORLD from process 3 of 10 on slepner085.amarel.rutgers.edu, running on CPU 9, Processor: x86_64
HELLO WORLD from process 4 of 10 on slepner085.amarel.rutgers.edu, running on CPU 12, Processor: x86_64
HELLO WORLD from process 8 of 10 on slepner085.amarel.rutgers.edu, running on CPU 23, Processor: x86_64
HELLO WORLD from process 9 of 10 on slepner085.amarel.rutgers.edu, running on CPU 24, Processor: x86_64
HELLO WORLD from process 5 of 10 on slepner085.amarel.rutgers.edu, running on CPU 13, Processor: x86_64
HELLO WORLD from process 7 of 10 on slepner085.amarel.rutgers.edu, running on CPU 22, Processor: x86_64
HELLO WORLD from process 6 of 10 on slepner085.amarel.rutgers.edu, running on CPU 21, Processor: x86_64
HELLO WORLD from process 2 of 10 on slepner085.amarel.rutgers.edu, running on CPU 8, Processor: x86_64
Validation dot: [2.00250089e+09 1.99668542e+09 2.00164468e+09 ... 1.99772536e+09
 2.00052140e+09 2.00571427e+09]
Validation shape: (15000,)
Validation Elapsed time: 0.11870741844177246
Process  {1}  has received a subblock of shape (1500, 10000)
Process  {2}  has received a subblock of shape (1500, 10000)
Process  {3}  has received a subblock of shape (1500, 10000)
Process  {4}  has received a subblock of shape (1500, 10000)
Process  {5}  has received a subblock of shape (1500, 10000)
Process  {6}  has received a subblock of shape (1500, 10000)
Process  {7}  has received a subblock of shape (1500, 10000)
Process  {8}  has received a subblock of shape (1500, 10000)
Process  {9}  has received a subblock of shape (1500, 10000)
Process  {0}  has received a subblock of shape (1500, 10000)
Process  {9}  has received x of shape (10000,)
Process  {0}  has received x of shape (10000,)
Process 9 has received a subblock of shape (1500, 10000)
Process 9 has received x of shape (10000,)
Time to scatter and broadcast: 8.3320 seconds
Process 0 has received a subblock of shape (1500, 10000)
Process 0 has received x of shape (10000,)
Time to scatter and broadcast: 1.6602 seconds
Process  {5}  has received x of shape (10000,)
Process  {8}  has received x of shape (10000,)
Process  {7}  has received x of shape (10000,)
Process 5 has received a subblock of shape (1500, 10000)
Process 5 has received x of shape (10000,)
Process  {1}  has received x of shape (10000,)
Process 1 has received a subblock of shape (1500, 10000)
Process 1 has received x of shape (10000,)
Process  {2}  has received x of shape (10000,)
Process 2 has received a subblock of shape (1500, 10000)
Process 2 has received x of shape (10000,)
Time to scatter and broadcast: 8.3313 seconds
Process 7 has received a subblock of shape (1500, 10000)
Process 7 has received x of shape (10000,)
Time to scatter and broadcast: 8.3320 seconds
Process  {4}  has received x of shape (10000,)
Process 4 has received a subblock of shape (1500, 10000)
Process 4 has received x of shape (10000,)
Time to scatter and broadcast: 8.3322 seconds
Process  {3}  has received x of shape (10000,)
Process 3 has received a subblock of shape (1500, 10000)
Process 3 has received x of shape (10000,)
Time to scatter and broadcast: 8.3322 seconds
Process 8 has received a subblock of shape (1500, 10000)
Process 8 has received x of shape (10000,)
Time to scatter and broadcast: 8.3321 seconds
Time to scatter and broadcast: 8.3320 seconds
Time to scatter and broadcast: 8.3372 seconds
Process  {6}  has received x of shape (10000,)
Process 6 has received a subblock of shape (1500, 10000)
Process 6 has received x of shape (10000,)
Time to scatter and broadcast: 8.3319 seconds
Process 0 has finished the dot product in 0.0147 seconds.
Process 1 has finished the dot product in 0.0223 seconds.
Process 2 has finished the dot product in 0.0264 seconds.
Process 7 has finished the dot product in 0.0264 seconds.
Process 8 has finished the dot product in 0.0268 seconds.
Time to gather: 0.0008 seconds
Process 6 has finished the dot product in 0.0263 seconds.
Time to gather: 0.0010 seconds
Process 9 has finished the dot product in 0.0269 seconds.
Time to gather: 0.0009 seconds
Process 5 has finished the dot product in 0.0272 seconds.
Time to gather: 0.0004 seconds
Time to gather: 0.0052 seconds
Time to gather: 0.0132 seconds
Length of local dots:  10
Error Norm: 0.0
Time to gather: 0.0011 seconds
Process 4 has finished the dot product in 0.0273 seconds.
Time to gather: 0.0003 seconds
Process 3 has finished the dot product in 0.0273 seconds.
Time to gather: 0.0003 seconds
Time to gather: 0.0012 seconds
