HELLO WORLD from process 19 of 20 on hal0033.amarel.rutgers.edu, running on CPU 20, Processor: x86_64
HELLO WORLD from process 13 of 20 on hal0033.amarel.rutgers.edu, running on CPU 6, Processor: x86_64
HELLO WORLD from process 14 of 20 on hal0033.amarel.rutgers.edu, running on CPU 7, Processor: x86_64
HELLO WORLD from process 15 of 20 on hal0033.amarel.rutgers.edu, running on CPU 8, Processor: x86_64
HELLO WORLD from process 16 of 20 on hal0033.amarel.rutgers.edu, running on CPU 9, Processor: x86_64
HELLO WORLD from process 17 of 20 on hal0033.amarel.rutgers.edu, running on CPU 12, Processor: x86_64
HELLO WORLD from process 18 of 20 on hal0033.amarel.rutgers.edu, running on CPU 13, Processor: x86_64
HELLO WORLD from process 0 of 20 on hal0030.amarel.rutgers.edu, running on CPU 25, Processor: x86_64
HELLO WORLD from process 1 of 20 on hal0030.amarel.rutgers.edu, running on CPU 26, Processor: x86_64
HELLO WORLD from process 2 of 20 on hal0030.amarel.rutgers.edu, running on CPU 27, Processor: x86_64
HELLO WORLD from process 3 of 20 on hal0031.amarel.rutgers.edu, running on CPU 1, Processor: x86_64
HELLO WORLD from process 4 of 20 on hal0031.amarel.rutgers.edu, running on CPU 2, Processor: x86_64
HELLO WORLD from process 6 of 20 on hal0031.amarel.rutgers.edu, running on CPU 4, Processor: x86_64
HELLO WORLD from process 11 of 20 on hal0031.amarel.rutgers.edu, running on CPU 11, Processor: x86_64
HELLO WORLD from process 8 of 20 on hal0031.amarel.rutgers.edu, running on CPU 6, Processor: x86_64
HELLO WORLD from process 10 of 20 on hal0031.amarel.rutgers.edu, running on CPU 8, Processor: x86_64
HELLO WORLD from process 7 of 20 on hal0031.amarel.rutgers.edu, running on CPU 5, Processor: x86_64
HELLO WORLD from process 9 of 20 on hal0031.amarel.rutgers.edu, running on CPU 7, Processor: x86_64
HELLO WORLD from process 12 of 20 on hal0031.amarel.rutgers.edu, running on CPU 12, Processor: x86_64
HELLO WORLD from process 5 of 20 on hal0031.amarel.rutgers.edu, running on CPU 3, Processor: x86_64
Validation dot: [1.99894758e+09 2.00259953e+09 1.99838641e+09 ... 1.99967124e+09
 1.99675668e+09 2.00010280e+09]
Validation shape: (15000,)
Validation Elapsed time: 0.2928736209869385
Process  {1}  has received a subblock of shape (750, 10000)
Time to scatter subblock A of shape (750, 10000) to process 1: 10.42821 seconds
