HELLO WORLD from process 2 of 8 on hal0027.amarel.rutgers.edu, running on CPU 17, Processor: x86_64
HELLO WORLD from process 3 of 8 on hal0027.amarel.rutgers.edu, running on CPU 18, Processor: x86_64
HELLO WORLD from process 6 of 8 on hal0027.amarel.rutgers.edu, running on CPU 21, Processor: x86_64
HELLO WORLD from process 0 of 8 on hal0027.amarel.rutgers.edu, running on CPU 12, Processor: x86_64
HELLO WORLD from process 1 of 8 on hal0027.amarel.rutgers.edu, running on CPU 16, Processor: x86_64
HELLO WORLD from process 4 of 8 on hal0027.amarel.rutgers.edu, running on CPU 19, Processor: x86_64
HELLO WORLD from process 5 of 8 on hal0027.amarel.rutgers.edu, running on CPU 20, Processor: x86_64
HELLO WORLD from process 7 of 8 on hal0027.amarel.rutgers.edu, running on CPU 22, Processor: x86_64
Validation mean: [ 0.02576636 -0.02742875 -0.02769628 ...  0.01173868 -0.01744712
  0.0535331 ]
Process  {1}  has received a subblock of shape (200, 1600) 

Process  {2}  has received a subblock of shape (200, 1600) 

Process  {1}  has a local mean of  [-0.02079494  0.0516558   0.01326592 -0.03697915 -0.00332895  0.00191289
 -0.01037294 -0.04635096  0.01319904 -0.00751154  0.01269365  0.02182785
  0.03814279 -0.02221198  0.01162945 -0.00963477  0.03497669  0.00977805
  0.01275014 -0.05425756  0.0273549  -0.00692747  0.01413199 -0.03328457
 -0.01164302  0.00296434  0.00795539  0.01940178  0.03165608 -0.02544324
  0.01092712 -0.02021068  0.02554976 -0.01497586 -0.01335347 -0.01190702
 -0.00857092  0.04547981 -0.00654683  0.02285059  0.03932637  0.03207652
  0.03237757 -0.00942773  0.04041769 -0.00597928  0.00045501 -0.01831358
  0.014377    0.02423886 -0.05202436  0.02059923 -0.01051683 -0.01128686
 -0.03803935 -0.02803996 -0.02771495 -0.00386383  0.02351564 -0.01674094
 -0.00022079  0.07927245 -0.04792715 -0.01855335 -0.01224259 -0.05111136
  0.04010527  0.03358229  0.00409561  0.03917513  0.00219413  0.01529594
 -0.04433311 -0.00674867 -0.01471439  0.03678244  0.01846716 -0.02680025
  0.02976395 -0.02603302 -0.05495298 -0.014336    0.044773   -0.00362034
  0.00287673 -0.01958262 -0.0184919   0.0085991  -0.01172779 -0.03181621
  0.01416309 -0.03602441 -0.05192462  0.03596666  0.0126758  -0.05316756
 -0.038165    0.05741757  0.01575657 -0.02250011  0.01554992  0.04105513
  0.01818119 -0.01434621  0.02198132 -0.01979492  0.00729888 -0.01372644
 -0.01158394  0.043422   -0.02253915 -0.0176236  -0.01044657  0.00532452
 -0.00345413 -0.02287914 -0.00518073  0.00968881 -0.00205231  0.05569074
 -0.00872838 -0.01763816 -0.00079555 -0.01084845 -0.00137285  0.03007208
  0.03399473 -0.04900443  0.01380777  0.01093615  0.01114715  0.01430558
 -0.00553594 -0.00361624  0.00514094 -0.01995114  0.04435104 -0.02592855
 -0.03912855  0.03596388 -0.00971369  0.03913383 -0.01535018 -0.0084476
  0.00141489 -0.03627136 -0.0031351  -0.00055475  0.00794277  0.0014788
 -0.00485785  0.07003865  0.01521034  0.01915662  0.03651121  0.0365996
  0.0102382  -0.05501101  0.03574156  0.01223374  0.01977526  0.02177689
  0.05309867  0.00056146  0.04342467 -0.00365411 -0.00664461 -0.02992702
 -0.0106592  -0.03731786 -0.00718984 -0.04722038 -0.01251298 -0.00733689
 -0.00728799 -0.03544185  0.03552169 -0.04661328 -0.03673773  0.02850772
  0.02546626  0.01226732  0.04944017  0.05486702  0.01482943  0.02525057
  0.01584137  0.02374691  0.01886487  0.02257893 -0.03716497  0.00287134
  0.01609431  0.02420895 -0.0197563  -0.00370332  0.05813128 -0.0071843
  0.02963876  0.00951582] 

Process  {2}  has a local mean of  [ 0.00157059  0.022558   -0.01266458 -0.01632306  0.00131392 -0.02845317
  0.03821978  0.01829502 -0.01270182  0.00150409  0.00177116 -0.02848904
  0.01825495 -0.00841167 -0.0069946   0.01744708  0.02051187  0.01936916
 -0.02304397  0.00202953  0.04274622 -0.02677684 -0.01088878  0.01933436
  0.0114144   0.06919564  0.02410194 -0.05659829  0.03235183  0.01594883
 -0.02431745 -0.0215331   0.04442535 -0.00569957 -0.00840769  0.00601713
  0.01121566  0.0166772   0.00676815 -0.01859773  0.00103212  0.03651354
 -0.02083562  0.00279041 -0.03038123 -0.04570371 -0.01127456  0.01154962
  0.0357772   0.0342392  -0.02013131  0.00240901  0.03834106  0.00548542
 -0.06960508 -0.02351906 -0.0180469   0.0146619   0.02673128 -0.01688567
 -0.0367228  -0.04513233 -0.00265688 -0.01502123  0.04672709 -0.02153891
 -0.02959983 -0.01612988 -0.00226321 -0.00969659 -0.01026474 -0.02774476
 -0.02881427 -0.04211247  0.01972607  0.01169539  0.00457211  0.04287668
  0.04104756 -0.02746115 -0.01668198  0.04587214  0.00696561  0.00549625
  0.02417895 -0.00778715  0.06345707 -0.00069652  0.01498703 -0.01193405
 -0.0163011  -0.00612708  0.00637537  0.00484777 -0.01108149 -0.01114659
 -0.01502311 -0.0090289  -0.01314708 -0.03116244  0.00526418  0.0025475
 -0.01834128  0.01679653 -0.0300077  -0.02425179  0.01078108 -0.01432319
  0.03171943 -0.0210176  -0.02387091 -0.04093805 -0.00193918  0.01136119
 -0.01955284  0.00220241 -0.03872977  0.01521919 -0.00585374 -0.02569767
  0.00375521  0.00382707 -0.03026101  0.0008598   0.00653973  0.00897278
  0.02158908 -0.03312295  0.02021604  0.01364051 -0.01910373  0.03867847
 -0.05513477  0.0184686   0.05673783 -0.04210754  0.01314745 -0.02373538
  0.00771802 -0.00363153  0.02705555 -0.01842596 -0.02811862 -0.01957672
  0.01258038  0.03916011  0.01945775 -0.00218666 -0.0028935  -0.0002576
  0.03709185 -0.00606717 -0.02924595  0.01141356  0.01691906  0.00263904
 -0.01428538 -0.00045155 -0.00505677  0.00320133 -0.00146714  0.0031616
 -0.02882277 -0.01454679 -0.01941846 -0.03409349 -0.00132233  0.01998073
 -0.01448603  0.02287206 -0.02515926  0.00295574  0.03397706  0.02027761
  0.02311896  0.01480912  0.02184187  0.01334405  0.01704023  0.00103057
  0.04103764 -0.02721613  0.01924773 -0.03447889 -0.04018451  0.00546513
 -0.04290631  0.0561643  -0.01966217 -0.00666883 -0.03064754 -0.02732041
  0.03554313 -0.03564559  0.03131389  0.0157212  -0.02057409  0.00950099
 -0.01210272  0.03811804] 

Process  {3}  has received a subblock of shape (200, 1600) 

Process  {4}  has received a subblock of shape (200, 1600) 

Process  {3}  has a local mean of  [ 5.25305810e-03  2.61247347e-02  1.71875087e-02  1.39325260e-02
  5.69426562e-02 -4.01518137e-02  1.04779355e-02  4.35579886e-02
 -2.46602785e-02  1.66368117e-03  1.76561870e-03  2.16904253e-02
 -7.04876889e-03 -1.70541686e-02 -5.13026359e-02 -2.48258301e-02
 -3.71903514e-02  2.82731308e-02  4.99732845e-03  6.37640457e-02
 -4.38730349e-02 -2.37348472e-02  1.76835460e-02 -5.93973269e-03
 -1.95428682e-03  2.43803273e-03  5.13300014e-03 -2.76909046e-02
  3.40323893e-02  2.69454525e-02 -8.60714047e-03 -9.20642894e-03
 -3.10205993e-02  1.67183853e-02 -1.38839463e-02 -1.63788859e-02
 -2.96873495e-02 -1.73215510e-02  7.77609375e-03  7.65772199e-03
  5.29161885e-03 -5.77639966e-03  6.60904522e-03 -2.24894704e-02
 -3.62530732e-03  4.08325579e-02  5.75353369e-03  2.52202420e-02
 -2.61535452e-03  6.03200397e-02 -2.22309881e-02  2.72694320e-02
  5.19812246e-02 -1.64120984e-02  3.03005886e-02 -1.01522132e-02
  6.69927935e-03 -3.84696370e-03  1.86278007e-02 -4.33861103e-02
 -2.45973098e-02 -2.44052515e-02 -2.25569892e-03  7.94011156e-04
  6.68457428e-03 -2.91961094e-02 -6.57170769e-02  4.70927431e-02
  1.51124520e-02 -2.01537565e-02 -4.43641645e-02 -7.48787895e-03
  8.19535095e-03  3.47924514e-03  2.22700065e-02  1.30485237e-02
 -1.28121092e-02 -2.69960683e-03  3.36802056e-02  1.41900119e-02
  1.68783739e-02  4.66951593e-03  2.39055697e-02  8.98901348e-03
 -3.29326225e-03  6.70759213e-03  2.33721985e-02 -2.26643511e-02
 -2.04812464e-02  5.76612676e-02  2.23330933e-02  4.10717021e-02
 -1.09478481e-02 -2.78783488e-02 -2.13634571e-02  1.42392654e-02
 -3.84659122e-02  1.42296724e-03  8.87700854e-03  1.08970951e-02
  1.71871894e-02 -1.13631611e-02  4.23132533e-03  5.21377332e-06
  5.01828923e-02 -2.78322943e-02 -2.87199555e-03  2.98840987e-03
  2.61898047e-02  1.65665342e-02 -3.03031398e-02 -2.57054235e-03
 -3.95568271e-02  5.37438840e-02  8.32851251e-03 -2.36233163e-02
 -1.05615852e-02  2.17989274e-02  1.10181102e-02  8.83725435e-03
  2.39452926e-02  3.76119583e-03  4.56401860e-02  3.64682813e-03
  3.29315386e-02  1.71913386e-02  8.79435742e-03 -3.68310628e-02
 -1.24090259e-02 -3.76730180e-02  1.33664381e-02 -1.58463129e-02
 -1.39992960e-02 -2.51508914e-02  1.41238537e-02 -3.04567184e-02
 -2.29664860e-02 -7.93678503e-03  1.92510217e-02 -2.16451937e-02
 -1.51343280e-02  1.18791122e-02  3.95948669e-02  2.52898458e-02
 -6.54470201e-02  2.02938460e-02  8.18942550e-03 -2.74197798e-03
 -1.88444889e-02  3.00115195e-02  1.43948776e-02  2.11744472e-02
 -3.06654196e-03  7.28014560e-03 -1.04456889e-02 -8.96565804e-03
  6.47223203e-02  2.65166491e-02 -5.98441264e-02 -2.72445518e-02
  3.97408702e-02  6.07881478e-02 -4.08606536e-02  1.70813494e-02
  2.14905645e-03 -7.86620355e-03 -4.04066785e-02  2.85213348e-02
 -2.07708480e-02  1.11463798e-02  1.05740143e-02 -3.29168523e-03
 -1.30322835e-02  2.11743008e-02  1.22477399e-04  3.66021917e-03
 -1.86384528e-02 -9.07212929e-03 -7.99614636e-03 -1.26501179e-03
  1.87277666e-02 -6.54727267e-03  2.27183058e-02 -3.79693223e-02
 -1.43234557e-02  5.22661711e-02  1.65580427e-02 -1.84839558e-02
 -6.67231247e-03  4.79153930e-02 -9.14896296e-03 -4.46560195e-03
 -3.32325214e-02 -8.66570791e-03  2.59424013e-02 -2.01717208e-02
 -1.91147512e-03  2.08652855e-02 -5.56937066e-03  2.90886848e-03] 

Process  {4}  has a local mean of  [-1.14422956e-02  6.78934150e-03  1.10206132e-02 -8.19727378e-03
 -8.48221852e-03 -1.07093226e-02  4.53573910e-03  2.79280591e-02
 -2.04202834e-02 -1.35285531e-02 -4.17125971e-02  2.34194366e-02
 -8.11012451e-03 -2.54382922e-02 -5.05083247e-03 -1.33467719e-02
  1.93936338e-02 -1.67311057e-02  1.96708790e-03  2.13974421e-03
 -3.28062807e-02 -1.06971846e-02 -4.75720747e-02  1.53955657e-02
 -3.02321863e-02  3.59650147e-02  3.84399762e-03 -9.90431468e-03
  1.39186651e-02  1.62209125e-02  3.16324279e-03  6.05568077e-02
  4.07222771e-02  8.81549613e-03  2.39525973e-02  2.02302964e-02
  1.08005318e-02 -3.29502893e-02  1.27455507e-02 -2.79989686e-04
  1.42170799e-02  1.43226058e-02  1.38408396e-02  2.81763940e-02
 -2.78438976e-02 -9.51949105e-03 -2.87924804e-02  3.73094108e-02
  7.83189279e-04  2.06609033e-02  1.71121622e-02  1.46897901e-02
  2.30712842e-02 -2.35321934e-02  3.12360376e-03  1.02440327e-02
 -1.24488462e-02  2.08431642e-03 -5.02476414e-03  2.55451457e-02
 -1.12592599e-02 -1.13953206e-02  5.47605869e-03 -2.23211471e-02
  3.47591437e-02  1.98886695e-03  2.41942799e-02 -4.33630458e-02
 -2.03643475e-02 -5.18040471e-03 -2.30850117e-02 -5.15753392e-03
  1.00542707e-02 -9.26302329e-03  2.86083087e-02 -7.26922289e-03
  5.93772133e-02  1.20903613e-02  8.54698063e-03  1.25562653e-03
 -6.44991479e-03 -2.34053644e-02  5.83782493e-03  2.00312080e-02
 -3.37968896e-02  5.50812793e-02  4.54598728e-03 -3.81308995e-02
 -1.30805840e-02 -2.97765909e-02 -2.65809924e-02 -2.04125284e-02
  1.54614155e-02 -3.23423561e-02  2.47044508e-02 -9.07820833e-03
 -2.32165131e-02 -1.16093578e-03  8.34648209e-03  1.74019807e-02
  8.89374057e-03  2.87019731e-02 -1.40681577e-02 -8.82996165e-03
 -3.22374923e-02 -3.76183953e-02 -5.75871568e-03  4.38759098e-02
  1.24877377e-02 -9.65545079e-04 -8.19695719e-03 -4.83538239e-03
 -2.19184622e-02  1.33048230e-02 -1.33700494e-02 -1.73715072e-02
  1.91493662e-02 -1.21896240e-02  1.67679324e-02  2.79549758e-02
 -2.28067341e-02  3.29187063e-02  1.86452141e-02 -1.08756929e-02
  1.74041273e-02 -3.34565308e-02  2.43185619e-02 -4.75398120e-02
 -3.01143056e-02  3.77232241e-02 -2.07563080e-02  3.57623537e-02
 -1.20965905e-02 -3.01325656e-03 -2.24054776e-02  2.09341239e-04
  5.71696857e-03  3.77182853e-02 -9.01264537e-03 -1.43639381e-02
  2.46024835e-02 -3.67072387e-02 -8.27022005e-05  2.08687800e-02
 -1.83692162e-02  1.97298169e-02 -9.05097936e-03 -2.32523068e-02
 -2.20587623e-02 -2.23483145e-02 -2.87451818e-02  1.37991369e-02
 -5.09438943e-02 -1.94982438e-02  4.41987495e-02 -2.59999106e-02
  1.33547659e-02  3.69660193e-02 -8.30211713e-04 -3.15485208e-02
  2.03136549e-02 -9.63360520e-03 -9.76296807e-03  6.78529171e-03
  2.08354730e-02  2.95750134e-02 -6.69289198e-02  2.29358678e-03
 -2.44717110e-02 -4.83667503e-02 -1.07212201e-02 -3.57632549e-02
 -8.39193909e-03  7.79722136e-03 -9.39810227e-03 -3.98963451e-02
 -2.05534478e-02 -2.60940254e-02  1.32112914e-03 -3.17626140e-02
 -9.23003670e-03  5.25703598e-02  1.15702624e-02 -2.69861313e-03
 -5.74998101e-02 -1.28649930e-02  1.39700473e-02 -1.78523808e-02
 -1.42354852e-02  6.64408911e-03  1.51505270e-02  2.35694229e-02
 -6.36467372e-03  8.96534801e-02  1.60584356e-02  9.76518351e-03
 -4.88532051e-02 -1.62048312e-02  1.83754393e-02 -2.34830850e-02] 
Process  {5}  has received a subblock of shape (200, 1600) 


Process  {6}  has received a subblock of shape (200, 1600) 

Process  {5}  has a local mean of  [-0.01717693 -0.02766906 -0.0148989  -0.0004817  -0.01502651 -0.00520877
 -0.02323686  0.02634468  0.0243569   0.00130009  0.00259815  0.02539704
 -0.03529136  0.02154623  0.00724537  0.00900924  0.01949029 -0.00128592
  0.01124517  0.01136235 -0.03182597  0.01488716 -0.00013119  0.02190678
 -0.00024107 -0.00624406 -0.00389956 -0.01705382 -0.02927076 -0.02377254
  0.00715186  0.0057861   0.01224951  0.0098014  -0.00436371  0.01178547
 -0.00375938  0.02362779  0.02867154 -0.01920686 -0.01982564  0.01585749
 -0.01779994 -0.03254317 -0.04375544 -0.01575871  0.02704672 -0.01893434
  0.00433548  0.02227205  0.00024842 -0.00614018 -0.03492498 -0.0292504
 -0.00482404 -0.01066381 -0.0279233  -0.00058753 -0.01506329  0.01092773
 -0.04106289  0.04923799 -0.04827344 -0.03302674 -0.01434597 -0.02096529
  0.03597427  0.05330679  0.00380345  0.01795156  0.00575297 -0.02377361
 -0.00103822 -0.0024839   0.00551982 -0.02903086  0.02402982 -0.00992037
 -0.04306011  0.04189484  0.02436237 -0.02686142 -0.00930126  0.02779235
  0.02686007  0.0117334   0.00181562  0.01310568  0.02641733  0.01224164
 -0.00317621  0.00604742  0.00188228  0.00313575 -0.04336515 -0.01842437
 -0.02797836  0.00133301  0.0065793   0.03030505  0.03028742  0.00360811
 -0.00349925 -0.01054152  0.01478058  0.01269017 -0.04940254 -0.00997098
  0.0140075  -0.00171295  0.02728154  0.02606249  0.03518034 -0.01065963
 -0.00876306  0.03136933  0.00293918  0.00513347  0.02546402  0.00037257
  0.00457677  0.01882733  0.03765929 -0.00212157 -0.02122598 -0.02174573
 -0.00746759  0.00528098  0.00353748  0.03350211  0.01386123  0.0002692
  0.00237702 -0.00740687  0.02734311  0.02915459  0.05150535 -0.00786808
 -0.0291006   0.05477906 -0.02401453  0.0285796  -0.00961963 -0.02042892
  0.01566356  0.01092822  0.03129081 -0.04228515 -0.00021485  0.00375678
  0.01062639 -0.00231669  0.00097283  0.01329964 -0.02723407 -0.01271235
  0.02004911 -0.0292799  -0.01212667 -0.00604437 -0.01269744  0.02536626
 -0.02577075 -0.00926507 -0.00971853 -0.00066508  0.00279214 -0.04198669
  0.01093211  0.06003534 -0.01005175 -0.01617342 -0.00597678  0.03309619
  0.02945317 -0.02371361  0.01600376  0.00579748 -0.04445865  0.00040791
  0.03515263 -0.0011923   0.00496343  0.00353547 -0.01766412 -0.03429283
  0.02101587  0.0433914  -0.0312338  -0.02268009  0.01927358  0.02609161
  0.00644592 -0.01578714 -0.00716716  0.02475211  0.0575405   0.00976153
  0.03619536 -0.00521421] 

Process  {6}  has a local mean of  [-0.02868306 -0.00998608 -0.03010199 -0.01205052  0.02626007  0.02669869
 -0.01875186 -0.0006877   0.0561567  -0.01103355 -0.00787573  0.00426512
  0.01183347 -0.04749263 -0.00138108  0.01103301  0.0242095  -0.03308274
  0.01018178  0.02629077  0.02553354  0.01912809  0.00539415 -0.02350484
 -0.00593957 -0.04844602 -0.0311112  -0.02001793 -0.01653848  0.01917826
 -0.02517066 -0.03570737  0.00088475  0.02136723  0.0291902  -0.00108588
  0.01476682 -0.02422648 -0.02638061  0.01012284 -0.03952881  0.0418727
 -0.00860278  0.040713    0.00198988 -0.01577059 -0.03152894 -0.02896436
  0.02250436 -0.021854   -0.01989613 -0.00771977 -0.02060506  0.02591716
 -0.00921487 -0.01593837 -0.01050141 -0.01358931 -0.02793157  0.02793491
  0.05029896 -0.04059594 -0.06494327 -0.01605986  0.00096243 -0.00781761
  0.00839494  0.01192587  0.01327465 -0.03172797 -0.01713578  0.02023399
 -0.00445914 -0.0130511  -0.03261879 -0.02017575  0.0239589   0.00343095
  0.03043209 -0.02161935  0.01653722  0.01903179  0.00194354  0.04155603
  0.00237763 -0.02974244  0.0135798   0.02383111 -0.05873557 -0.03078941
  0.01463794 -0.02358046 -0.03481198  0.00213723 -0.02733276  0.00278449
 -0.03553812  0.03991533 -0.03477864  0.00262673 -0.01475923  0.00867475
  0.0021144   0.00502229  0.01657647  0.05038799 -0.01216119  0.01648235
 -0.02458322 -0.01567721  0.0368115  -0.05040274  0.00890825  0.04975906
  0.03159223  0.00457897  0.00833208 -0.0238472   0.03816769 -0.01674282
  0.00648667  0.01952723  0.01103697  0.00345297 -0.07948136 -0.02535894
 -0.01925272  0.02103215  0.02031384 -0.02619744  0.04073704  0.00791095
 -0.01779903  0.01293672 -0.00435793  0.01306086 -0.0307734   0.00319362
 -0.02349059 -0.00118711 -0.0263001  -0.02767764 -0.02087454 -0.00035852
 -0.03200991  0.0028548   0.02635379 -0.03852372 -0.00990964  0.02388694
  0.00417624  0.0485754  -0.02706785  0.04145654 -0.00554475  0.04150266
  0.00688602 -0.00782848 -0.00326608 -0.00267001 -0.03756576  0.01059042
  0.01049408  0.00465791  0.01168549  0.03641686  0.03315216 -0.02217798
  0.00308464  0.00486135 -0.01226316  0.00926422  0.0153228   0.00150241
 -0.02442877  0.0309764  -0.02233571 -0.01637885 -0.01743456  0.00893138
  0.0278425  -0.02131775  0.01410014  0.07288413  0.00753215 -0.01286573
 -0.02354585  0.00714769 -0.01700515 -0.01674561  0.00622147 -0.02271031
  0.02696644 -0.02296025  0.01275918  0.02576896 -0.00010924  0.00476827
 -0.04617672 -0.00215958] 

Process  {7}  has received a subblock of shape (200, 1600) 

Process  {0}  has received a subblock of shape (200, 1600) 

Process  {7}  has a local mean of  [-2.07102836e-03  2.06656071e-02 -4.93870326e-02  3.72858264e-02
 -1.86057382e-02 -2.62188537e-02  5.03018346e-03 -1.36137232e-02
 -7.00077613e-03  4.90176178e-02  1.41055663e-02  2.11818614e-02
 -1.41362115e-02  1.75507786e-02  5.84508990e-04  5.81131029e-03
  1.14647160e-02  7.80373407e-04 -1.60369159e-02  1.79053526e-03
 -2.61218266e-02  3.31316988e-02 -4.66615772e-04  9.86563621e-03
 -5.29591232e-02 -9.82323018e-03  3.84587305e-03 -1.54156266e-03
  1.70550863e-02  1.28897734e-02  2.89968560e-02 -1.04734050e-02
 -1.19450923e-04 -5.48809157e-03 -2.86809869e-02 -1.77803552e-03
 -4.60517403e-03 -1.83587736e-02  4.21791652e-03  1.31880318e-02
 -1.44665272e-02 -7.75246327e-03 -2.93641858e-02  7.24525565e-03
  5.90251127e-02  3.26493244e-03 -5.49747858e-03  1.31630482e-02
  1.46437722e-02 -1.65261236e-02 -2.30279409e-03 -4.02197150e-02
 -3.10885986e-02 -5.86448175e-02 -4.02559377e-02  2.08313712e-02
  7.37826499e-03 -2.47073937e-02 -4.78595821e-04  3.58896878e-02
 -1.86086616e-02 -1.31644413e-02  3.20538521e-02  3.56933055e-02
  1.64496424e-02 -1.09231299e-02  2.36145776e-02  5.40300629e-03
  5.40529613e-03 -1.99041535e-03 -1.83849303e-02 -2.20444700e-02
 -6.28943877e-03  4.73737585e-02 -9.30058110e-03 -3.06413047e-02
 -2.63724395e-02  2.24656776e-02  7.05086384e-03 -5.91820430e-03
  1.13445258e-02 -1.25013280e-02 -2.90719518e-02  7.30680202e-03
  2.17848611e-02  1.20490223e-02  3.29782108e-02  3.83074997e-02
 -2.35598058e-02 -1.68033490e-02  3.47261832e-03 -4.26528384e-02
  1.05613334e-02 -3.26275335e-02 -2.56638315e-02 -6.29630570e-02
 -4.04649380e-02 -3.52881876e-02 -8.23880889e-04  7.37610681e-03
 -1.04441443e-02 -4.31472875e-02  3.57453185e-02 -1.86925265e-02
 -2.17367093e-02  1.16388412e-02 -7.07858448e-03 -2.44971892e-02
 -3.79509204e-02 -2.84902893e-02  5.60792498e-03 -1.72439859e-02
  1.61160266e-02  4.01947399e-02  1.14493655e-02 -1.61595136e-02
 -5.00387104e-02 -2.19827004e-02  2.35379975e-02  1.39113162e-02
  4.04738834e-02 -5.92046739e-04  1.77144814e-02 -6.05076526e-03
 -5.16792413e-03 -6.33146720e-04 -2.87907271e-02  2.01508619e-02
  2.44885634e-02  7.80775229e-02 -2.94445268e-02  2.38493221e-03
 -1.34293774e-02  7.11623532e-03 -3.13829318e-02 -4.33257078e-02
 -2.40684534e-02  3.06521249e-02  4.35240449e-03 -5.64668152e-02
 -2.56396042e-02  5.96299854e-02  3.47963784e-02 -2.37810182e-03
 -1.33014427e-02  3.44903289e-02  2.58558849e-03  1.89175394e-02
  4.51399316e-02  8.27640516e-03 -5.91970014e-03  1.71475960e-02
 -3.52808334e-02 -6.31462792e-04 -9.84268627e-03 -3.00217898e-02
 -1.62631151e-02  2.57618838e-02  6.23952307e-05 -2.09694079e-02
 -2.33249241e-02  1.92435996e-02  1.32994455e-02 -5.91934447e-03
 -1.32012669e-02  8.50188532e-03 -1.64488344e-02 -6.59208000e-02
 -1.15606491e-02  1.56406311e-03  3.15938269e-02 -7.13638211e-03
  1.02001946e-02 -1.90203232e-03 -9.45650009e-03 -2.44804769e-02
  1.90890184e-02 -1.36089772e-02  2.24910854e-02  2.27409959e-02
 -3.32997062e-02  6.44914046e-03  4.98992557e-04 -1.17005261e-02
  2.25335257e-02 -6.56474129e-02 -1.33082508e-02 -1.52612998e-02
 -5.71051262e-05 -3.71451160e-02  2.01685115e-02  1.82307785e-02
  4.06785839e-02 -2.65264844e-02 -5.19874677e-03  1.36983567e-02
 -8.72719521e-03  1.17386847e-02 -1.74471200e-02  5.35331027e-02] 

Process  {0}  has a local mean of  [ 2.57663633e-02 -2.74287493e-02 -2.76962775e-02 -1.83260379e-02
  1.34868748e-03  1.90264058e-02  9.36791185e-03  9.76197931e-03
  2.53984197e-02  5.28817034e-02  1.83748058e-02  1.76015083e-02
  1.26664397e-03  1.97949771e-03 -4.48976114e-02 -1.21670203e-02
 -1.37882162e-02 -4.51457850e-03 -4.09841590e-02 -7.99971136e-03
 -1.95818522e-02  1.75361607e-02  3.32897040e-02 -2.43211980e-02
 -3.07350637e-02 -4.92916560e-02  4.15047472e-02  2.06586157e-02
 -4.83923762e-03 -7.28195571e-03 -3.12459387e-02 -6.27314061e-02
 -6.21717137e-03  8.05721236e-03  3.54269559e-02  1.95234173e-03
  2.94377670e-02 -1.33471812e-02 -2.11440571e-02  2.90458167e-02
 -1.46245008e-02  4.29864732e-03  7.55400789e-03 -8.97366529e-05
  1.37510936e-02 -1.69831872e-02  2.28601981e-02 -4.49452887e-02
  3.44296810e-02 -8.33785051e-03  2.56430306e-03  2.01868459e-02
  4.22045010e-02  1.08561241e-02  2.98742609e-03  1.67942082e-02
  2.34910388e-02 -3.96340579e-02  6.71539159e-03 -5.23297633e-03
 -1.16501904e-02  9.34632525e-03 -8.30096305e-03  1.16990372e-02
  1.21089503e-02 -6.19901022e-03 -8.77629497e-03 -2.04128770e-03
 -3.19950347e-02 -1.31765588e-02  2.35673186e-02 -3.00278406e-02
  2.48212857e-02  2.33399320e-02  1.18532450e-02  7.37631842e-04
 -1.34334655e-02 -1.57975062e-02  2.93482542e-03 -4.33978176e-02
  3.23723957e-02  9.45527730e-03  3.23410853e-02  7.72681780e-03
  8.83365732e-04  2.56655664e-02  4.33390893e-03 -5.71858669e-02
 -3.58930782e-02  1.21883739e-02  1.28745415e-02 -9.59303924e-04
 -4.44538996e-03 -1.10450217e-02  3.58602253e-02  4.53791001e-03
 -2.27671032e-02  3.68528159e-02  3.91031545e-02  8.00104789e-04
 -1.16144705e-02 -2.31373015e-02  7.81314792e-03 -1.64534877e-02
 -8.09471900e-03  4.86334791e-03  8.78248659e-03  3.43692173e-02
 -9.19508180e-03 -2.60182385e-02 -2.01396867e-02 -2.28336172e-02
 -1.70448318e-02 -6.54417679e-03 -4.16710656e-02  2.76566387e-02
  1.58463994e-02  5.37774649e-03  5.77112953e-03 -1.62707614e-02
  2.39983089e-02  7.25506427e-03 -1.29723236e-02  5.06823058e-03
  6.23636517e-02  1.30123335e-02 -9.33432668e-03 -2.16419061e-02
  1.74048695e-02  1.40562573e-02  4.17784082e-02  1.23719780e-02
  5.70658471e-03  1.11196112e-02  4.50347494e-02  1.49997880e-02
 -5.84483475e-02  3.11060258e-03 -1.08724952e-02 -2.49045181e-02
 -1.28155390e-03  1.96438018e-02  2.12439562e-02  4.37431749e-02
 -1.85532847e-02  2.10779989e-02 -1.46504389e-02  1.71925518e-02
  1.52000700e-02 -1.12280570e-02 -1.52401182e-02 -3.80686148e-02
  2.41479908e-02  1.59656897e-02  6.03647137e-03 -3.02587445e-02
  4.63867277e-03 -1.81216206e-02  3.57141781e-02 -1.77077187e-02
 -3.88323859e-03  8.75207679e-03  3.12306621e-02 -1.47276746e-02
  4.18599815e-02  1.34915082e-02  1.64470681e-03 -1.47101688e-02
 -1.06795104e-02 -2.32210870e-02 -2.08737368e-02 -3.36978098e-02
  1.16378656e-02  7.46713464e-03 -2.90519974e-02 -1.41839058e-02
 -2.48588214e-02  3.16164882e-02  5.02359012e-03 -3.00459176e-02
 -4.11826556e-02  3.62486726e-02 -7.72175339e-03 -6.93573107e-04
  5.40063557e-03  2.88732407e-03  2.39306127e-02  7.81400047e-03
  3.61812717e-02  2.45756838e-02 -1.89240740e-02 -4.36505784e-02
 -3.23151308e-03 -1.08621621e-02  4.41715963e-03 -3.94052950e-02
 -9.85681314e-03 -2.75793029e-02 -7.11377626e-03  6.97649663e-03] 

Global mean: [ 0.00014683  0.00225613 -0.00064495  0.00158943 -0.00143672  0.00129477
 -0.00167841 -0.00205963]
