HELLO WORLD from process 6 of 8 on slepner085.amarel.rutgers.edu, running on CPU 23, Processor: x86_64
HELLO WORLD from process 0 of 8 on slepner085.amarel.rutgers.edu, running on CPU 8, Processor: x86_64
HELLO WORLD from process 1 of 8 on slepner085.amarel.rutgers.edu, running on CPU 9, Processor: x86_64
HELLO WORLD from process 2 of 8 on slepner085.amarel.rutgers.edu, running on CPU 12, Processor: x86_64
HELLO WORLD from process 3 of 8 on slepner085.amarel.rutgers.edu, running on CPU 13, Processor: x86_64
HELLO WORLD from process 4 of 8 on slepner085.amarel.rutgers.edu, running on CPU 21, Processor: x86_64
HELLO WORLD from process 5 of 8 on slepner085.amarel.rutgers.edu, running on CPU 22, Processor: x86_64
HELLO WORLD from process 7 of 8 on slepner085.amarel.rutgers.edu, running on CPU 24, Processor: x86_64
Validation dot: [2.01041443e+08 2.01044920e+08 2.00714974e+08 ... 2.01997345e+08
 2.01233666e+08 2.00942067e+08]
Validation shape: (14000,)
Validation Elapsed time: 0.03567767143249512
Process  {1}  has received a subblock of shape (1750, 1000) 

Process  {2}  has received a subblock of shape (1750, 1000) 

Process  {3}  has received a subblock of shape (1750, 1000) 

Process  {4}  has received a subblock of shape (1750, 1000) 

Process  {5}  has received a subblock of shape (1750, 1000) 

Process  {6}  has received a subblock of shape (1750, 1000) 

Process  {0}  has received a subblock of shape (1750, 1000) 

Process  {7}  has received a subblock of shape (1750, 1000) 

Process  {6}  has received x of shape (1000,) 

Process  {2}  has received x of shape (1000,) 

Process  {5}  has received x of shape (1000,) 

Process 2 has received a subblock of shape (1750, 1000)
Process 6 has received a subblock of shape (1750, 1000)
Process 6 has received x of shape (1000,)
Time to scatter and broadcast: 0.9407 seconds
Process 5 has received a subblock of shape (1750, 1000)
Process 5 has received x of shape (1000,)
Time to scatter and broadcast: 0.9400 seconds
Process 2 has received x of shape (1000,)
Time to scatter and broadcast: 0.9400 seconds
Process  {0}  has received x of shape (1000,) 

Process 0 has received a subblock of shape (1750, 1000)
Process 0 has received x of shape (1000,)
Process  {7}  has received x of shape (1000,) 

Time to scatter and broadcast: 0.1550 seconds
Process 7 has received a subblock of shape (1750, 1000)
Process 7 has received x of shape (1000,)
Process  {4}  has received x of shape (1000,) 

Time to scatter and broadcast: 0.9403 seconds
Process  {3}  has received x of shape (1000,) 

Process 3 has received a subblock of shape (1750, 1000)
Process 3 has received x of shape (1000,)
Process 4 has received a subblock of shape (1750, 1000)
Time to scatter and broadcast: 0.9400 seconds
Process 4 has received x of shape (1000,)
Time to scatter and broadcast: 0.9406 seconds
Process  {1}  has received x of shape (1000,) 

Process 1 has received a subblock of shape (1750, 1000)
Process 1 has received x of shape (1000,)
Time to scatter and broadcast: 0.9401 seconds
Length of local dots:  8
Error Norm: 0.0
