HELLO WORLD from process 1 of 10 on slepner085.amarel.rutgers.edu, running on CPU 17, Processor: x86_64
HELLO WORLD from process 0 of 10 on slepner085.amarel.rutgers.edu, running on CPU 16, Processor: x86_64
HELLO WORLD from process 4 of 10 on slepner085.amarel.rutgers.edu, running on CPU 12, Processor: x86_64
HELLO WORLD from process 5 of 10 on slepner085.amarel.rutgers.edu, running on CPU 13, Processor: x86_64
HELLO WORLD from process 7 of 10 on slepner085.amarel.rutgers.edu, running on CPU 22, Processor: x86_64
HELLO WORLD from process 9 of 10 on slepner085.amarel.rutgers.edu, running on CPU 24, Processor: x86_64
HELLO WORLD from process 8 of 10 on slepner085.amarel.rutgers.edu, running on CPU 23, Processor: x86_64
HELLO WORLD from process 3 of 10 on slepner085.amarel.rutgers.edu, running on CPU 9, Processor: x86_64
HELLO WORLD from process 2 of 10 on slepner085.amarel.rutgers.edu, running on CPU 8, Processor: x86_64
HELLO WORLD from process 6 of 10 on slepner085.amarel.rutgers.edu, running on CPU 21, Processor: x86_64
Validation dot: [1.98763889e+08 2.00218773e+08 1.99899928e+08 ... 1.99744085e+08
 2.00787809e+08 2.01056283e+08]
Validation shape: (14000,)
Validation Elapsed time: 0.1221466064453125
Process  {1}  has received a subblock of shape (1400, 1000) 

Process  {2}  has received a subblock of shape (1400, 1000) 

Process  {3}  has received a subblock of shape (1400, 1000) 

Process  {4}  has received a subblock of shape (1400, 1000) 

Process  {5}  has received a subblock of shape (1400, 1000) 

Process  {6}  has received a subblock of shape (1400, 1000) 

Process  {7}  has received a subblock of shape (1400, 1000) 

Process  {8}  has received a subblock of shape (1400, 1000) 

Process  {9}  has received a subblock of shape (1400, 1000) 

Process  {0}  has received a subblock of shape (1400, 1000) 

Process  {9}  has received x of shape (1000,) 

Process  {0}  has received x of shape (1000,) 

Process 0 has received a subblock of shape (1400, 1000)
Process 0 has received x of shape (1000,)
Process 9 has received a subblock of shape (1400, 1000)
Process 9 has received x of shape (1000,)
Time to scatter and broadcast: 0.9576 seconds
Process  {7}  has received x of shape (1000,) 

Process  {3}  has received x of shape (1000,) 

Process  {4}  has received x of shape (1000,) 

Process  {8}  has received x of shape (1000,) 

Time to scatter and broadcast: 0.1643 seconds
Process 8 has received a subblock of shape (1400, 1000)
Process 8 has received x of shape (1000,)
Time to scatter and broadcast: 0.9573 seconds
Process  {2}  has received x of shape (1000,) 

Process 2 has received a subblock of shape (1400, 1000)
Process 2 has received x of shape (1000,)
Process  {5}  has received x of shape (1000,) 

Process 5 has received a subblock of shape (1400, 1000)
Process 5 has received x of shape (1000,)
Process  {1}  has received x of shape (1000,) 

Process 3 has received a subblock of shape (1400, 1000)
Process 3 has received x of shape (1000,)
Time to scatter and broadcast: 0.9572 seconds
Process 4 has received a subblock of shape (1400, 1000)
Process 4 has received x of shape (1000,)
Time to scatter and broadcast: 0.9577 seconds
Time to scatter and broadcast: 0.9571 seconds
Process 7 has received a subblock of shape (1400, 1000)
Process 7 has received x of shape (1000,)
Time to scatter and broadcast: 0.9577 seconds
Time to scatter and broadcast: 0.9577 seconds
Process 1 has received a subblock of shape (1400, 1000)
Process 1 has received x of shape (1000,)
Time to scatter and broadcast: 0.9615 seconds
Process  {6}  has received x of shape (1000,) 

Process 6 has received a subblock of shape (1400, 1000)
Process 6 has received x of shape (1000,)
Time to scatter and broadcast: 0.9570 seconds
Process 0 has finished the dot product in 0.0011 seconds.
Process 9 has finished the dot product in 0.0068 seconds.
Process 4 has finished the dot product in 0.0067 seconds.
Process 3 has finished the dot product in 0.0068 seconds.
Process 6 has finished the dot product in 0.0072 seconds.
Time to gather: 0.0003 seconds
Process 8 has finished the dot product in 0.0076 seconds.
Time to gather: 0.0004 seconds
Time to gather: 0.0071 seconds
Length of local dots:  10
Error Norm: 0.0
Time to gather: 0.0012 seconds
Process 2 has finished the dot product in 0.0075 seconds.
Time to gather: 0.0004 seconds
Process 7 has finished the dot product in 0.0075 seconds.
Time to gather: 0.0004 seconds
Process 5 has finished the dot product in 0.0076 seconds.
Time to gather: 0.0003 seconds
Time to gather: 0.0011 seconds
Process 1 has finished the dot product in 0.0069 seconds.
Time to gather: 0.0009 seconds
Time to gather: 0.0011 seconds
