
CommandNotFoundError: Your shell has not been properly configured to use 'conda activate'.
To initialize your shell, run

    $ conda init <SHELL_NAME>

Currently supported shells are:
  - bash
  - fish
  - tcsh
  - xonsh
  - zsh
  - powershell

See 'conda init --help' for more information and options.

IMPORTANT: You may need to close and restart your shell after running 'conda init'.


python: can't open file '/scratch/bbc33/ece509-final/dist_lasso/dist_lasso.py': [Errno 2] No such file or directory
python: can't open file '/scratch/bbc33/ece509-final/dist_lasso/dist_lasso.py': [Errno 2] No such file or directory
python: can't open file '/scratch/bbc33/ece509-final/dist_lasso/dist_lasso.py': [Errno 2] No such file or directory
python: can't open file '/scratch/bbc33/ece509-final/dist_lasso/dist_lasso.py': [Errno 2] No such file or directory
--------------------------------------------------------------------------
Primary job  terminated normally, but 1 process returned
a non-zero exit code. Per user-direction, the job has been aborted.
--------------------------------------------------------------------------
--------------------------------------------------------------------------
mpirun detected that one or more processes exited with non-zero status, thus causing
the job to be terminated. The first process to do so was:

  Process name: [[22565,1],0]
  Exit code:    2
--------------------------------------------------------------------------
