HELLO WORLD from process 10 of 14 on hal0046.amarel.rutgers.edu, running on CPU 23, Processor: x86_64
HELLO WORLD from process 13 of 14 on hal0046.amarel.rutgers.edu, running on CPU 26, Processor: x86_64
HELLO WORLD from process 11 of 14 on hal0046.amarel.rutgers.edu, running on CPU 24, Processor: x86_64
HELLO WORLD from process 12 of 14 on hal0046.amarel.rutgers.edu, running on CPU 25, Processor: x86_64
HELLO WORLD from process 9 of 14 on hal0046.amarel.rutgers.edu, running on CPU 22, Processor: x86_64
HELLO WORLD from process 8 of 14 on hal0046.amarel.rutgers.edu, running on CPU 17, Processor: x86_64
HELLO WORLD from process 0 of 14 on hal0046.amarel.rutgers.edu, running on CPU 0, Processor: x86_64
HELLO WORLD from process 2 of 14 on hal0046.amarel.rutgers.edu, running on CPU 2, Processor: x86_64
HELLO WORLD from process 5 of 14 on hal0046.amarel.rutgers.edu, running on CPU 5, Processor: x86_64
HELLO WORLD from process 6 of 14 on hal0046.amarel.rutgers.edu, running on CPU 6, Processor: x86_64
HELLO WORLD from process 3 of 14 on hal0046.amarel.rutgers.edu, running on CPU 3, Processor: x86_64
HELLO WORLD from process 7 of 14 on hal0046.amarel.rutgers.edu, running on CPU 7, Processor: x86_64
HELLO WORLD from process 1 of 14 on hal0046.amarel.rutgers.edu, running on CPU 1, Processor: x86_64
HELLO WORLD from process 4 of 14 on hal0046.amarel.rutgers.edu, running on CPU 4, Processor: x86_64
Validation dot: [2.00766544e+08 2.00416030e+08 1.99995267e+08 ... 1.99003078e+08
 2.00739852e+08 1.99781756e+08]
Validation shape: (14000,)
Validation Elapsed time: 0.011922121047973633
Process  {1}  has received a subblock of shape (1000, 1000) 

Process  {2}  has received a subblock of shape (1000, 1000) 

Process  {3}  has received a subblock of shape (1000, 1000) 

Process  {4}  has received a subblock of shape (1000, 1000) 

Process  {5}  has received a subblock of shape (1000, 1000) 

Process  {6}  has received a subblock of shape (1000, 1000) 

Process  {7}  has received a subblock of shape (1000, 1000) 

Process  {8}  has received a subblock of shape (1000, 1000) 

Process  {9}  has received a subblock of shape (1000, 1000) 

Process  {10}  has received a subblock of shape (1000, 1000) 

Process  {11}  has received a subblock of shape (1000, 1000) 

Process  {12}  has received a subblock of shape (1000, 1000) 

Process  {13}  has received a subblock of shape (1000, 1000) 

Process  {0}  has received a subblock of shape (1000, 1000) 

Process  {13}  has received x of shape (1000,) 

Process  {0}  has received x of shape (1000,) 

Process 13 has received a subblock of shape (1000, 1000)
Process 13 has received x of shape (1000,)
Process 0 has received a subblock of shape (1000, 1000)
Process 0 has received x of shape (1000,)
Process  {7}  has received x of shape (1000,) 

Process 7 has received a subblock of shape (1000, 1000)
Process 7 has received x of shape (1000,)
Process  {6}  has received x of shape (1000,) 

Process 6 has received a subblock of shape (1000, 1000)
Process 6 has received x of shape (1000,)
Process  {3}  has received x of shape (1000,) 

Process 3 has received a subblock of shape (1000, 1000)
Process 3 has received x of shape (1000,)
Time to scatter and broadcast: 0.8958 seconds
Process  {5}  has received x of shape (1000,) 

Process 5 has received a subblock of shape (1000, 1000)
Process 5 has received x of shape (1000,)
Time to scatter and broadcast: 0.8960 seconds
Time to scatter and broadcast: 0.9022 seconds
Process  {1}  has received x of shape (1000,) 

Process 1 has received a subblock of shape (1000, 1000)
Process 1 has received x of shape (1000,)
Time to scatter and broadcast: 0.8952 seconds
Process  {4}  has received x of shape (1000,) 

Process 4 has received a subblock of shape (1000, 1000)
Process 4 has received x of shape (1000,)
Time to scatter and broadcast: 0.8945 seconds
Process  {2}  has received x of shape (1000,) 

Process 2 has received a subblock of shape (1000, 1000)
Process 2 has received x of shape (1000,)
Time to scatter and broadcast: 0.8959 seconds
Process  {8}  has received x of shape (1000,) 

Process 8 has received a subblock of shape (1000, 1000)
Process 8 has received x of shape (1000,)
Time to scatter and broadcast: 0.9009 seconds
Process  {11}  has received x of shape (1000,) 

Process 11 has received a subblock of shape (1000, 1000)
Process 11 has received x of shape (1000,)
Time to scatter and broadcast: 0.9022 seconds
Process  {12}  has received x of shape (1000,) 

Process 12 has received a subblock of shape (1000, 1000)
Process 12 has received x of shape (1000,)
Time to scatter and broadcast: 0.9021 seconds
Process  {9}  has received x of shape (1000,) 

Process 9 has received a subblock of shape (1000, 1000)
Process 9 has received x of shape (1000,)
Time to scatter and broadcast: 0.9019 seconds
Time to scatter and broadcast: 0.1848 seconds
Time to scatter and broadcast: 0.8957 seconds
Time to scatter and broadcast: 0.8960 seconds
Process 0 has finished the dot product in 0.0011 seconds.
Process  {10}  has received x of shape (1000,) 

Process 10 has received a subblock of shape (1000, 1000)
Process 10 has received x of shape (1000,)
Time to scatter and broadcast: 0.9025 seconds
Process 13 has finished the dot product in 0.0091 seconds.
Process 2 has finished the dot product in 0.0090 seconds.
Process 9 has finished the dot product in 0.0136 seconds.
Process 8 has finished the dot product in 0.0135 seconds.
Process 11 has finished the dot product in 0.0135 seconds.
Process 12 has finished the dot product in 0.0136 seconds.
Process 10 has finished the dot product in 0.0136 seconds.
Process 7 has finished the dot product in 0.0145 seconds.
Process 5 has finished the dot product in 0.0144 seconds.
Process 4 has finished the dot product in 0.0144 seconds.
Process 6 has finished the dot product in 0.0145 seconds.
Process 3 has finished the dot product in 0.0145 seconds.
Process 1 has finished the dot product in 0.0145 seconds.
Time to gather: 0.0003 seconds
Time to gather: 0.0058 seconds
Time to gather: 0.0004 seconds
Time to gather: 0.0003 seconds
Time to gather: 0.0004 seconds
Time to gather: 0.0003 seconds
Time to gather: 0.0004 seconds
Time to gather: 0.0013 seconds
Time to gather: 0.0013 seconds
Time to gather: 0.0010 seconds
Time to gather: 0.0015 seconds
Time to gather: 0.0014 seconds
Time to gather: 0.0060 seconds
Time to gather: 0.0142 seconds
Length of local dots:  14
Error Norm: 0.0
