HELLO WORLD from process 2 of 8 on hal0027.amarel.rutgers.edu, running on CPU 17, Processor: x86_64
HELLO WORLD from process 3 of 8 on hal0027.amarel.rutgers.edu, running on CPU 18, Processor: x86_64
HELLO WORLD from process 4 of 8 on hal0027.amarel.rutgers.edu, running on CPU 19, Processor: x86_64
HELLO WORLD from process 5 of 8 on hal0027.amarel.rutgers.edu, running on CPU 20, Processor: x86_64
HELLO WORLD from process 6 of 8 on hal0027.amarel.rutgers.edu, running on CPU 21, Processor: x86_64
HELLO WORLD from process 7 of 8 on hal0027.amarel.rutgers.edu, running on CPU 22, Processor: x86_64
HELLO WORLD from process 0 of 8 on hal0027.amarel.rutgers.edu, running on CPU 12, Processor: x86_64
HELLO WORLD from process 1 of 8 on hal0027.amarel.rutgers.edu, running on CPU 16, Processor: x86_64
Validation mean: 499.8765225687889
Validation shape: ()
Process  {1}  has received a subblock of shape (200, 1600) 

Process  {1}  has a local mean of  499.8380906580735 

Shape of local mean: ()
Process  {2}  has received a subblock of shape (200, 1600) 

Process  {2}  has a local mean of  499.77892933237274 

Shape of local mean: ()
Process  {3}  has received a subblock of shape (200, 1600) 

Process  {3}  has a local mean of  499.78508839724566 

Shape of local mean: ()
Process  {4}  has received a subblock of shape (200, 1600) 

Process  {4}  has a local mean of  500.0808684163367 

Shape of local mean: ()
Process  {5}  has received a subblock of shape (200, 1600) 

Process  {5}  has a local mean of  499.65250614076655 

Shape of local mean: ()
Process  {6}  has received a subblock of shape (200, 1600) 

Process  {6}  has a local mean of  499.8589998871985 

Shape of local mean: ()
Process  {7}  has received a subblock of shape (200, 1600) 

Process  {7}  has a local mean of  499.91689060530734 

Shape of local mean: ()
Process  {0}  has received a subblock of shape (200, 1600) 

Process  {0}  has a local mean of  500.10080711301157 

Shape of local mean: ()
Length of local means:  8
Global mean: 499.876522568789
Global shape: ()
Error: 1.1368683772161603e-13
Error shape: ()
Error norm: 1.1368683772161603e-13
