HELLO WORLD from process 1 of 8 on hal0027.amarel.rutgers.edu, running on CPU 16, Processor: x86_64
HELLO WORLD from process 2 of 8 on hal0027.amarel.rutgers.edu, running on CPU 17, Processor: x86_64
HELLO WORLD from process 3 of 8 on hal0027.amarel.rutgers.edu, running on CPU 18, Processor: x86_64
HELLO WORLD from process 7 of 8 on hal0027.amarel.rutgers.edu, running on CPU 22, Processor: x86_64
HELLO WORLD from process 6 of 8 on hal0027.amarel.rutgers.edu, running on CPU 21, Processor: x86_64
HELLO WORLD from process 4 of 8 on hal0027.amarel.rutgers.edu, running on CPU 19, Processor: x86_64
HELLO WORLD from process 5 of 8 on hal0027.amarel.rutgers.edu, running on CPU 20, Processor: x86_64
HELLO WORLD from process 0 of 8 on hal0027.amarel.rutgers.edu, running on CPU 12, Processor: x86_64
Validation mean: [-0.02695735 -0.02198431 -0.02777087 ... -0.01365423  0.00792194
 -0.01055547]
Process  {1}  has received a subblock of shape (200, 1600)
Process  {1}  has a local mean of  [ 2.24060413e-02  1.23975652e-02 -4.34047532e-04  2.32176891e-02
  2.04321801e-02  1.35242227e-02  5.82244079e-03  4.21411800e-03
 -2.80612039e-02 -2.13579235e-02  1.10953240e-02 -1.27097770e-02
 -6.35478488e-02 -2.21814529e-02 -2.26106577e-02  6.17260790e-02
 -1.00272801e-02  3.88765813e-03  3.88476610e-02 -2.82055231e-02
 -2.27355546e-02  1.59805567e-02 -3.33528464e-03  2.11572402e-02
  2.95561311e-02  6.79269369e-03  2.54564639e-02 -4.34464627e-02
 -3.29860426e-02  8.85582267e-03  3.98167222e-02  1.57296981e-02
 -4.36766724e-02 -3.05984879e-02 -4.27574440e-02  2.92142800e-02
  1.44780843e-02  4.39486301e-03  7.74116564e-04  1.95719583e-02
  1.66583655e-02  9.05512196e-03 -3.32328716e-02 -2.99489662e-02
  1.82122621e-02  1.06771052e-03  1.72619969e-02 -1.02204261e-02
  6.18890763e-04 -2.21406516e-02 -3.42199445e-02 -1.59075183e-02
 -2.99796663e-03  4.66906286e-03 -6.57447920e-04 -2.82813160e-02
  2.89904686e-03 -2.27023646e-03 -2.71138655e-02 -3.64597950e-02
 -2.16287269e-02 -9.47940363e-03  4.01288544e-03  2.96677118e-02
  3.75317366e-02 -1.95759054e-02 -2.63644591e-02 -1.79669362e-02
 -4.93438961e-04  3.41106680e-02  2.43062508e-02 -4.07504859e-02
 -1.87868407e-02 -2.73426285e-02  4.78696613e-02 -2.51695899e-02
 -1.72238810e-03  3.53395026e-02  9.67874385e-03  1.98308501e-02
  3.61499026e-04 -3.83416211e-02  1.92850587e-02  9.98521242e-03
  2.64545876e-02  1.41808141e-02  4.14794167e-02  3.55620013e-02
  3.94188299e-03 -1.58159180e-02 -1.61483135e-03  2.01063441e-02
  1.59713752e-02  6.73655250e-03  1.49687775e-03 -3.55522389e-02
 -1.30925135e-02 -1.75902758e-02 -5.81039834e-03 -3.77940123e-02
  8.17811649e-03 -1.40130247e-03 -3.43885269e-03  1.63324377e-02
  2.35020226e-03 -5.60496107e-03 -3.77263519e-02 -2.37998255e-02
 -3.09032653e-02  4.79267943e-02 -7.91979691e-06  2.60623666e-02
  1.02393040e-02 -5.72723810e-03 -2.44635684e-02 -1.45463547e-04
 -6.63309357e-02 -2.25102490e-02  5.34416071e-04 -6.80800658e-03
  1.09612395e-02 -9.01211629e-04  7.61523470e-03  1.74153813e-02
  1.20522147e-02  1.15164535e-02  4.16210010e-02 -1.33442429e-02
 -2.17004228e-02 -6.09953024e-03  1.20551530e-02 -2.82934378e-02
 -2.90576353e-02  1.70509766e-02  4.59235790e-02 -1.32874802e-02
  7.64722816e-03  4.48107567e-02 -2.80035695e-02 -7.95339910e-03
 -1.77844583e-02 -2.67120977e-02  3.80644195e-02  2.88531776e-02
 -3.07673000e-02  2.90388491e-02  3.65992064e-02 -2.77918782e-02
  2.51873691e-03 -7.67136310e-02 -1.97371463e-03  1.88605263e-02
 -3.74923240e-02 -1.18644081e-02 -1.30106926e-02  1.17635194e-02
 -3.24821114e-02  1.39304509e-02 -3.18817650e-02 -1.79265427e-02
 -3.43532228e-03  1.18167639e-02  1.12892121e-02 -9.38037348e-03
  5.42646273e-02  2.20382124e-02  1.08995020e-03 -2.38528327e-02
 -4.92626042e-03 -2.26085135e-02  1.75635654e-02 -2.43909315e-03
  7.99757160e-03 -3.32444159e-02 -2.49421416e-02  7.49391067e-03
  4.20433877e-02  1.86096610e-02  1.33346371e-02 -4.84896713e-02
  1.90486949e-02  2.58808839e-02  5.61124050e-02  4.44292264e-03
 -2.00823457e-02  2.82794639e-02  2.52471571e-02  3.54892143e-02
 -1.96550714e-02  2.66386041e-02  1.23647517e-02 -4.70266534e-02
  3.28298461e-02  4.36526358e-03 -3.33080975e-02 -3.44678161e-02
 -2.51214486e-02 -5.38940936e-03 -3.27326745e-02 -3.07894831e-02]
Process  {2}  has received a subblock of shape (200, 1600)
Process  {2}  has a local mean of  [-3.16940101e-02 -2.32471583e-02 -8.98202991e-03 -2.50713175e-02
  2.55456449e-02  1.21927310e-03  3.97989138e-03  6.61196475e-03
 -1.40141780e-02 -2.12862643e-02 -2.80827965e-02  1.65004171e-02
 -1.85815612e-02  1.17642267e-02 -2.07274714e-02 -1.37037731e-02
  2.01103843e-02 -9.87810868e-03 -1.21328908e-02 -2.79636943e-02
  4.58771179e-02 -2.65720572e-02  8.45594590e-03  5.28286965e-03
 -2.26720301e-03 -3.60677008e-03 -4.66715384e-03  1.19380964e-03
  3.17186051e-02 -2.11933609e-02 -7.84333520e-03 -3.20611639e-02
  1.16806496e-02  2.63101277e-02  3.00032057e-02 -4.81172683e-02
 -3.70255912e-02 -1.29787793e-03 -2.04853467e-02 -3.30997853e-03
 -2.17823359e-02  3.96021726e-02  1.18954466e-02 -4.48807274e-03
 -3.48335605e-02  2.17735310e-02 -1.87731779e-02 -2.51954359e-02
  1.54107368e-02  4.82228306e-02  8.42369362e-03  2.79101428e-02
  1.28437142e-02 -3.28375466e-02  3.31498035e-03 -4.15538778e-03
  1.72458126e-02  1.37340787e-02  3.61192194e-02 -2.46916495e-02
 -1.74517949e-02  2.03495950e-02  2.67015253e-02 -2.62921482e-03
 -3.73276881e-04 -6.97389512e-03 -1.17165306e-02  3.56604578e-02
 -3.69814005e-02 -6.76085508e-02  6.12343888e-03 -1.14714472e-02
  5.44689231e-02 -6.84322357e-04 -3.47095761e-03  2.49476076e-02
 -3.56442312e-03 -1.61348193e-02  7.68819523e-03 -3.81111687e-02
  6.96765337e-03  1.36843504e-03 -4.70282541e-02  2.88541538e-02
 -2.48694784e-02 -6.24699030e-03  3.05889846e-02 -2.28895660e-03
 -1.64006797e-02 -1.43354675e-02 -5.32990885e-02  9.31532283e-03
  1.05961599e-02  3.48282362e-02 -1.83245416e-03  2.66858489e-02
 -2.69958429e-02  2.76296364e-03 -9.24315910e-03  5.88690362e-02
  4.35470322e-02  3.09083131e-03  1.88327206e-03  1.77552150e-02
 -4.07459689e-02 -3.13229157e-03  1.95140284e-02 -1.06118442e-02
  5.34459414e-02  1.60157301e-02 -8.40158662e-04  2.13904899e-02
 -4.88339347e-03 -8.04294835e-03 -3.97372775e-02  5.29975380e-03
  1.80058422e-02 -1.44900888e-02  1.63178720e-02 -7.95778541e-03
  8.86458491e-03  6.44324852e-02 -5.75418955e-03 -9.06374474e-03
  2.78346420e-02  1.93166011e-02  3.68138232e-04  5.40202842e-04
 -1.10806457e-02  5.96807437e-03  3.39221423e-02  7.33310560e-03
  2.35004147e-02 -7.82581963e-02  2.15188867e-02 -2.16566852e-02
 -1.48093268e-02 -1.67878134e-02 -2.73250923e-04 -6.20187893e-02
  2.96625350e-02 -1.13556411e-02 -1.80831234e-03 -6.02297923e-03
  5.43658734e-02 -5.52736829e-02 -1.07020837e-02  2.70556356e-02
 -3.84068028e-05  2.01683163e-02  7.33674056e-03 -1.61196422e-02
 -9.40009148e-03 -3.37821433e-02  1.96658520e-02 -6.08222036e-03
  2.00158936e-02  1.83072914e-02  1.26208243e-02  8.72177240e-03
 -6.46513367e-03 -3.50261020e-03 -3.41104350e-02 -8.05805939e-04
  6.22226148e-02  1.16757225e-02 -1.82957681e-02  1.10888018e-03
  6.45888055e-03 -4.85767853e-02 -3.66231832e-02  2.05340045e-02
  2.56853870e-02  2.60864880e-02  4.20810211e-02 -1.28623611e-02
 -1.19878490e-02 -3.45019252e-02  2.49413333e-02 -4.66693761e-02
  3.68996164e-02  1.05254592e-02  4.50952877e-03 -1.99089622e-02
 -1.70104711e-02 -5.40405895e-02  2.52585723e-03  7.17682446e-02
  5.92007164e-03  1.16230233e-02  1.99585409e-02 -1.74901164e-02
 -7.47423792e-03  4.81126443e-02  6.17719944e-03 -8.23859775e-03
  3.97114146e-03 -6.31010104e-04  2.43349641e-02  3.92532528e-02]
Process  {3}  has received a subblock of shape (200, 1600)
Process  {4}  has received a subblock of shape (200, 1600)
Process  {3}  has a local mean of  [ 2.30548717e-02  1.92081399e-02 -1.48972468e-02  9.53223242e-03
  3.16397392e-02  2.97545215e-02 -9.42102941e-03 -1.11578023e-02
  2.94042660e-02 -2.72092264e-02 -3.56077168e-02 -3.60509697e-02
  1.00912042e-02 -2.07468086e-03 -1.61124661e-02 -4.10274123e-02
 -2.22139346e-02 -3.93190939e-02  2.85150170e-02 -1.28357868e-03
 -3.92969477e-02  2.05971777e-02  9.05723458e-03 -4.90695068e-03
 -1.17013749e-02 -2.88747369e-02  4.46019962e-02 -4.04082206e-02
  2.01358985e-02  1.30792196e-02  8.51008180e-04  7.48389372e-03
 -4.46707537e-02 -1.75172569e-02 -1.70414754e-02  2.23788086e-02
  8.20335101e-03 -7.20970628e-03 -4.42164282e-02  1.06307233e-02
 -3.40249325e-03 -3.01209030e-02 -2.91662108e-02 -4.57533650e-02
  8.88148813e-03  2.80443848e-04 -2.00885723e-02 -8.86051037e-03
  3.34410108e-02 -2.33153737e-02 -6.82967025e-03 -9.64989690e-03
  7.95685036e-03  1.17763604e-02 -2.29384955e-02  1.00175305e-02
  5.26579951e-02 -1.45787564e-02  2.71851628e-02  2.08435628e-02
 -2.98375005e-02  2.49218567e-02  9.08509065e-03  9.59547668e-03
 -1.21837864e-02  2.27337474e-02 -3.76432296e-02 -4.16398560e-02
  2.79253195e-02  1.71208248e-02  1.31713189e-03 -2.17995293e-02
  2.67881901e-02 -1.18430675e-02  1.68641848e-02 -1.12029331e-02
  2.60806927e-02 -2.49210043e-02 -2.64166007e-02 -4.82212392e-03
  2.37096467e-02  2.95826184e-03  1.14991975e-02 -1.95245702e-02
  2.58436003e-02 -3.89668048e-02 -5.69872166e-03  3.84055459e-02
  8.91113756e-04  1.62057210e-02  4.59445435e-02  2.37508616e-03
  1.47856753e-02 -3.80466758e-02 -1.81505436e-02 -4.59465402e-02
 -2.65243578e-05  5.55713091e-02  1.49742077e-02  2.01550556e-02
 -2.54388419e-02  9.61797092e-03 -4.45891897e-02  3.92168333e-03
 -1.72342524e-02 -4.26788352e-02  2.18522759e-02 -2.24814958e-02
  4.26592334e-02  1.69580728e-02 -3.52760061e-02  6.93194220e-03
 -2.13431765e-02  7.16958712e-03  2.84927020e-02  3.27017938e-02
  2.61806972e-03 -1.56979237e-02  2.36865090e-02  4.40415088e-05
  9.10089597e-03 -5.92572165e-03  6.41288522e-03  7.02414887e-03
  2.96325314e-02  4.87478081e-03 -1.31718167e-02  3.63359111e-02
 -1.21900877e-02 -1.36308571e-02  4.64432855e-02  2.90318115e-03
  2.74972906e-02 -1.03224502e-02 -3.85027327e-04 -1.26361855e-02
 -7.80437026e-03  4.37508404e-02  7.53163555e-03 -1.43166619e-02
 -1.17362841e-02 -1.10860326e-02 -4.62093471e-02  1.40871485e-02
  3.22215928e-02  7.42786254e-03  5.51677981e-04  3.51446562e-02
  1.52314983e-02  3.14390354e-02  8.88888303e-03 -1.38794949e-03
 -5.22154953e-02 -2.02892039e-02  2.81618735e-02 -2.45784072e-03
  2.84049663e-02  1.19032532e-02  5.23567643e-03 -4.13056108e-02
 -4.19070512e-03  4.34402849e-03  2.48256544e-02  3.68933246e-02
  3.58118912e-02  6.77527054e-02  7.16595283e-02 -3.15169269e-02
  1.81800063e-02  2.45779454e-02 -4.01971296e-02  3.28406928e-02
 -1.11438515e-02 -1.88105997e-03 -1.67682955e-02  1.32705003e-02
  6.95546165e-02 -3.84139867e-02 -1.97300600e-02  2.08238064e-02
  4.19112148e-02 -4.29923322e-02  4.56133554e-02 -7.14337887e-03
  4.12600077e-02  2.86289496e-02 -9.69218188e-04  3.56677684e-02
  5.05516592e-02  2.97817441e-02  2.54886389e-02  8.38481350e-03
  5.68636998e-03 -1.56164318e-02  1.86627128e-02 -8.46730132e-03
 -2.47467139e-02  2.24380193e-02 -8.57578096e-03 -3.09544621e-02]
Process  {4}  has a local mean of  [-0.01470399 -0.01393485 -0.00336694 -0.00500707 -0.01015525  0.01170195
 -0.00379759  0.00434555 -0.0109796   0.0040371   0.00132745 -0.00430955
 -0.06682334  0.04646342 -0.00867314  0.03848979  0.02781183  0.0161177
 -0.02238558 -0.02573019 -0.02814894  0.03984313 -0.01184105  0.02602373
  0.0125515  -0.07362642  0.00744388 -0.0014444   0.01788242  0.01375706
 -0.01298153 -0.01476159 -0.02240004  0.00767485  0.03870156  0.02483415
 -0.01140433 -0.00641733 -0.01837073 -0.01435887 -0.02618224  0.02057201
  0.00827845 -0.02772442 -0.00799978 -0.04332618 -0.00058829  0.01031402
 -0.01382873  0.03112477 -0.00736816  0.03079977  0.02497693 -0.0141102
  0.02168656 -0.00435111  0.03509261 -0.01668236 -0.01633864 -0.00832357
  0.02816345 -0.01199257 -0.02180006  0.07352721 -0.01242715 -0.01577502
 -0.0049525  -0.05500646 -0.01657626  0.00565694  0.03873157 -0.01095725
  0.02631239 -0.0027015   0.03169584  0.04450471  0.03291737  0.03828767
  0.04459773  0.00108137  0.01174837  0.01702704  0.02828017 -0.0114704
 -0.03365494 -0.01301256  0.03204844  0.01588253 -0.00226016 -0.03750511
 -0.00090645  0.00940381  0.02447635  0.00903023  0.02632794 -0.04588276
  0.01395593 -0.02648471  0.01783883 -0.00138209 -0.04808074 -0.02231
 -0.02997614 -0.00335662 -0.01229537  0.01297075 -0.00546271  0.02947056
  0.00193377  0.02361065  0.01123159  0.01361418 -0.00419633  0.00607366
  0.02152241 -0.0140359  -0.01176128  0.04423985  0.04735663 -0.01620836
 -0.05017954  0.01727604 -0.00056315  0.00018264  0.03292083  0.00493735
 -0.01534336  0.04330969 -0.00775443  0.00865336  0.0184399  -0.05807253
  0.04069381 -0.01096044  0.04599743 -0.01775261  0.02651054  0.02396364
  0.00250817 -0.02764591  0.00756137  0.00154744 -0.00619709 -0.02130602
 -0.01601269  0.02130786 -0.0245021   0.03282856 -0.01083989  0.03377463
  0.01022094 -0.00392602 -0.02682355 -0.00758887  0.01477932 -0.00486717
  0.02543258 -0.04718292  0.01015481  0.01404027 -0.03265642  0.01908394
 -0.02842016  0.01562869 -0.00782426  0.0297234   0.04393845  0.01815907
  0.007118   -0.02838943 -0.01669499  0.00464946 -0.03205272  0.01571328
  0.01972068  0.0383869  -0.00499038  0.04183987  0.036267   -0.03864592
 -0.00542831  0.0125881  -0.01818315 -0.00873871 -0.00352266 -0.01236794
  0.00503481  0.00343867  0.00286764  0.01068961 -0.01750739  0.02053813
  0.02328674 -0.02008024  0.03910512 -0.00089058  0.01955029  0.03893023
 -0.0426093  -0.00611535]
Process  {5}  has received a subblock of shape (200, 1600)
Process  {5}  has a local mean of  [ 0.04069459  0.02098228 -0.03779154  0.01395777  0.02186311  0.01235341
 -0.0429307   0.02435848  0.00349415 -0.00575883 -0.00286267  0.01154316
 -0.02775247  0.01122553  0.01245202 -0.00460558 -0.01488889 -0.04407017
  0.00812353  0.00102272  0.02619428  0.03877637  0.03091456  0.04468663
  0.00617692  0.00849954  0.00618064 -0.05229118 -0.0425002   0.00195505
 -0.0154774   0.02192331 -0.02084832 -0.02832902 -0.00144128  0.02286333
  0.00277293 -0.0118502   0.00448866 -0.03092313 -0.04763691 -0.00703897
  0.00134634 -0.03653515 -0.00590169  0.04543494 -0.03474828 -0.02810312
  0.01003673 -0.02226226 -0.0021458   0.01398868 -0.0045995   0.01141042
  0.00225216 -0.01639841  0.00401084  0.01468914  0.0162819  -0.01028432
  0.00663243  0.00110297  0.03316703 -0.01840113 -0.03415053  0.02031011
  0.02773174  0.00482153  0.04247573  0.00180479 -0.01112986 -0.0099075
  0.00985537  0.04523273 -0.03279763  0.01074127  0.00446501  0.00603694
  0.0478727   0.0037973  -0.02099558  0.01218673  0.02831599  0.01730437
 -0.02564561  0.01966644  0.0067172   0.01677558 -0.00394008 -0.01661235
 -0.00296811 -0.00334291 -0.01934785  0.03676774  0.01514971 -0.03611108
  0.01738129 -0.00273937  0.0170501   0.02314757 -0.02749495 -0.00343107
  0.02682839 -0.05072144 -0.04519058 -0.01795572  0.01331626  0.01410557
  0.03257986  0.02843679  0.0076531  -0.05614566 -0.03188392 -0.02548299
  0.01689366 -0.05028958  0.01918315 -0.03490643 -0.05258306 -0.01800022
 -0.00069566  0.00596283 -0.01870914 -0.04337761 -0.00497391 -0.00015568
  0.01539706 -0.00711877 -0.00018933 -0.02265762  0.01953282  0.01653067
 -0.02869576 -0.02200525  0.01913436  0.03482146  0.00922042  0.01847722
  0.03149712 -0.02708802  0.00934359  0.04730363  0.02798017 -0.00460369
 -0.00109693 -0.02214396 -0.02382101 -0.00703863 -0.00764263 -0.01766964
  0.07037215 -0.00220326 -0.01132178 -0.01254794  0.02107463  0.00263834
 -0.01414665  0.04450486  0.02541485 -0.0202238  -0.01019179  0.01456524
 -0.04019256 -0.02151    -0.00359473  0.00207874  0.00051828 -0.03907939
  0.01050679  0.05520007  0.02430296  0.01906698  0.02108997 -0.00923701
 -0.00939741  0.01109868 -0.03515487 -0.0011674   0.00587383  0.00925305
 -0.00597925 -0.00152676 -0.01051115  0.0227689  -0.02866398 -0.00273608
 -0.02517531  0.01021092  0.0064517   0.01213918 -0.02388765  0.01559892
  0.02014456  0.00577408  0.03284891 -0.00949934  0.00905779  0.00994033
  0.00506598 -0.01800775]
Process  {6}  has received a subblock of shape (200, 1600)
Process  {6}  has a local mean of  [-0.00464572 -0.01275664 -0.03853127  0.0136119  -0.02064271 -0.01601562
  0.02621242  0.00393415 -0.0522924  -0.02151531  0.03989716 -0.02365984
  0.0073389  -0.0015453   0.04589501  0.04903195  0.00379887  0.00362022
  0.04462517  0.01811497  0.00966567  0.01210201  0.01879159  0.00077045
 -0.02776116  0.03457856 -0.0176997   0.00750361  0.03193021 -0.00300416
  0.01750334  0.0126227   0.04662235  0.00596207 -0.04225312 -0.01796106
  0.02854216  0.02220067 -0.01007163  0.00995129  0.05111049 -0.00248432
 -0.03659997 -0.03833125 -0.02269783  0.02248685 -0.03804226  0.0096194
 -0.01159339  0.01999496  0.00642527  0.01929896  0.01118215 -0.01193903
  0.0042228   0.00086633 -0.05239756  0.02445148 -0.01506628 -0.00123223
  0.03493272 -0.00673228 -0.00343198  0.00134384 -0.04549195 -0.02851668
 -0.02401408 -0.00895223 -0.00373241  0.00267837 -0.0103813   0.00152338
  0.02610785  0.00879396  0.00334628  0.05543965 -0.02166303  0.04108356
  0.00165144 -0.00523517  0.02001121 -0.0346291  -0.01723137 -0.02363752
  0.04614434  0.0134167  -0.01471291 -0.0080151   0.0142285  -0.01260807
  0.00777098 -0.03249586 -0.00234292 -0.02062811 -0.01973875  0.01035768
  0.00930287 -0.02084606 -0.01010629  0.00485851  0.03936819 -0.01549655
 -0.02141771  0.03071472 -0.01268571 -0.04702561  0.0267883   0.00982404
  0.041484   -0.01847312 -0.01696815 -0.00189518 -0.00794394 -0.00026879
 -0.03154541  0.00217308 -0.05082998  0.00131174  0.02926421  0.02267949
  0.04075955  0.00352961 -0.01983061  0.00088162 -0.0053286  -0.03090707
 -0.00674591 -0.01604258 -0.00272293  0.01769575  0.00500081  0.00537504
 -0.04776504 -0.01894647 -0.01130184 -0.00831785 -0.00492141  0.00254197
 -0.05267661 -0.00904548 -0.0048485  -0.00302513  0.03784692  0.03748742
 -0.04905609  0.00425125  0.00404353  0.0331239  -0.04619816 -0.00492324
  0.02489401  0.03004913  0.01095733  0.01890905  0.02562961  0.01889668
  0.01091577  0.0417213  -0.01142781 -0.00348845 -0.02132036 -0.01226074
  0.02860638  0.04824457 -0.01040173  0.00165098 -0.06599631  0.05784242
 -0.00235269  0.02218657  0.00567721  0.00934111  0.00868208 -0.009337
 -0.00324071 -0.02582055  0.02563203  0.01767325 -0.03855966  0.00656652
 -0.0492851  -0.00314734  0.02381944  0.0041445   0.05151199 -0.03434153
 -0.0137728   0.00500791  0.03650779  0.03430339 -0.01083869 -0.00506161
  0.02442226 -0.0100078   0.0137197  -0.02097845 -0.00219256  0.03268761
 -0.01231681 -0.00661958]
Process  {7}  has received a subblock of shape (200, 1600)
Process  {0}  has received a subblock of shape (200, 1600)
Process  {7}  has a local mean of  [ 7.45282849e-03  1.66291275e-02  1.77996689e-02 -3.55832978e-03
  3.88964554e-02 -1.83183704e-02  1.68604441e-02 -5.60577843e-03
 -9.82259139e-03 -5.45741209e-02  3.52323963e-02  3.51321169e-02
 -1.47556310e-02  9.56037340e-03  1.62860200e-03 -6.64313041e-03
  3.20840920e-03 -2.50664739e-02  3.29936517e-02  6.93812858e-03
  1.39352811e-02 -2.48909008e-02  1.36844634e-02  1.10360812e-02
  1.37889598e-02  2.79739164e-02 -7.84908615e-03  1.58451881e-02
  4.83890057e-03 -5.58244463e-03 -2.05479437e-02 -5.83207294e-03
  9.99383392e-03 -1.02030259e-02  2.78441581e-02  2.94399041e-02
 -1.96336930e-02 -1.68058076e-02 -1.00733463e-02 -1.94437220e-02
  2.50252558e-02  1.44272947e-02 -3.02764665e-02 -1.99721338e-02
 -1.10965828e-02  2.89931358e-02 -3.90671940e-02  2.35590197e-02
 -1.31537316e-02 -2.10970776e-02  1.45952133e-03  7.17393951e-03
 -4.16157550e-02 -3.53603407e-02  1.38674002e-02  2.60103550e-03
 -9.26468849e-04 -3.55326085e-02 -1.70409564e-02  7.51113751e-04
 -1.76873654e-02  3.47909857e-02  2.12636718e-02 -2.51137518e-02
 -1.46934214e-02  7.50375519e-03 -7.02159259e-03 -2.19221280e-02
  3.26720344e-02 -7.79475234e-03 -1.45576463e-02  1.28561226e-03
 -4.18840761e-02  1.62948371e-02 -2.34934847e-02  5.73400817e-03
 -7.94040816e-03 -7.89331080e-03  7.85798474e-03  1.99022372e-02
  6.64472314e-04 -5.58531645e-02 -3.52904558e-04  1.00092635e-02
  1.03511888e-02 -2.52740720e-03  1.32726943e-02 -5.31553382e-02
 -1.14484487e-03  1.62069505e-02  1.54783096e-02 -2.58182450e-02
  8.58098187e-03  1.13802953e-02  1.97189823e-02  3.05938212e-03
 -1.12628519e-02  2.13232156e-02  3.51544936e-02 -8.97027200e-03
  2.68336067e-02  1.92963960e-02  1.82494478e-03  1.04932957e-02
  4.66642232e-02  2.07289219e-02 -3.37368162e-02  3.83988131e-02
 -7.77869532e-03 -4.34195886e-02 -2.91070023e-03  5.85341838e-03
 -1.43672130e-02 -1.72743099e-02 -1.77472525e-02  1.10403089e-02
 -1.85501244e-02  5.58154970e-03  2.50053423e-02 -7.58164357e-03
 -2.94722168e-02  1.67890258e-02  4.88556501e-02  2.61098200e-02
  3.38019539e-02  9.35065472e-03  7.61202873e-04  2.63455728e-03
  1.08894522e-02 -1.72750134e-02  1.52616554e-03 -1.63246145e-03
  1.33785444e-03  1.99370043e-02  4.35411755e-02  2.08436674e-02
  1.22006178e-02  6.90668483e-03 -5.97422988e-02 -1.18149541e-02
 -1.18937769e-02 -1.47642480e-02  4.33282136e-02 -4.47103566e-02
  2.16450672e-02  6.56470909e-03  4.88767074e-02 -5.67250904e-05
 -1.34300439e-02  1.59483217e-02  3.63445541e-02 -7.75252360e-03
  2.98757983e-02 -1.79199405e-02  1.25461381e-02  3.22024440e-03
  8.59539221e-03 -1.01066504e-02  4.30936382e-02  1.46330439e-02
  1.45861655e-02 -5.44988055e-02  1.18972849e-02  1.25131017e-02
  2.30633766e-02  4.22152557e-02  2.07629208e-02 -1.53285550e-02
  1.48419010e-02  2.24944900e-02 -2.60674609e-02 -2.96081812e-02
  2.80088964e-04  4.11470843e-03 -5.16742190e-02  2.67468176e-03
  7.76297261e-03 -2.30625493e-02  2.02611210e-02 -4.02991246e-02
  5.09224550e-02  1.99302934e-02  6.53340128e-03  2.63793435e-02
 -2.72288676e-02  5.61603324e-02 -6.72321145e-03 -1.68289772e-02
  6.04922220e-03 -2.46093708e-02 -6.24373670e-03  3.28123973e-02
 -5.09057537e-02 -4.35782973e-02 -1.73384822e-02  3.82175636e-02
  2.94347533e-03 -1.36542308e-02  7.92193743e-03 -1.05554658e-02]
Process  {0}  has a local mean of  [-0.02695735 -0.02198431 -0.02777087 -0.04694656 -0.00061305 -0.00580188
  0.00369688  0.03852474  0.00058965  0.00872482  0.00951695  0.02364347
  0.01230866  0.01102891 -0.00239175  0.00982817 -0.0349189  -0.02698553
 -0.00882057  0.03283709  0.05368947  0.0431297  -0.03803262 -0.02095384
  0.00176606  0.03104032  0.0097407  -0.03321695  0.01814096 -0.05268731
  0.01291281  0.01547926 -0.00508629  0.04817806 -0.00592713  0.05339435
 -0.01688046  0.01183563  0.01101794 -0.02424495 -0.0437483   0.0445019
 -0.00675943  0.00839604 -0.04778256  0.01226798 -0.03852276 -0.01486776
 -0.01731841 -0.01556942  0.09234331  0.01589642 -0.03305784 -0.02823557
 -0.04033639 -0.05263995  0.00666171  0.02467093  0.03899028  0.01276805
 -0.01714389  0.01310559  0.00525484 -0.03349107  0.03350542 -0.00685524
 -0.00022737 -0.01023575 -0.01797784  0.01287514 -0.03796483 -0.01149358
 -0.00899127  0.02039079  0.03012349 -0.03723482  0.00822999  0.02956798
  0.01553952 -0.04031217  0.00105914  0.00973838 -0.04889505 -0.00127843
  0.01517224  0.02842548 -0.07695097 -0.0059011  -0.01296427  0.00520791
  0.03331716 -0.00630066  0.01410083  0.02241872  0.01930293 -0.01156938
 -0.00051652  0.00332155  0.00279774  0.00103088 -0.00250131 -0.06692463
 -0.04283082 -0.06001194 -0.0118776   0.00787442  0.00320603 -0.02154485
  0.00371083  0.04430823 -0.00724441 -0.00619922  0.0258761   0.03908077
 -0.00552065 -0.00608959 -0.03047033 -0.0319268   0.02949844  0.00859231
 -0.03210453  0.03543268 -0.00451628  0.00224934 -0.00445655 -0.01686495
 -0.00229763 -0.00386061  0.04210895 -0.01818947  0.00670585 -0.01179041
  0.01478825  0.01010049 -0.03133039  0.00577424 -0.00937703 -0.02191392
  0.00931165 -0.00496268  0.01273002  0.00705791 -0.05407022 -0.04172116
  0.02269519 -0.01577876  0.00088357 -0.02713472 -0.00226866 -0.01292482
 -0.0048048   0.02347381 -0.01027639 -0.01609059  0.02554014 -0.00661758
 -0.00980619  0.00522016  0.00178854  0.02028188 -0.03441114 -0.00582704
 -0.02464509  0.01067534 -0.04282762  0.00661763 -0.00919755  0.02343839
  0.02215733 -0.00684338  0.05892249 -0.02795028 -0.01572031  0.01109171
 -0.01412505  0.01335123 -0.02018699  0.011345    0.03684966 -0.01207883
  0.0313295  -0.00878064 -0.00549675 -0.01840627  0.00044826 -0.00783546
  0.01677105 -0.02911775 -0.00794156 -0.02672273  0.01678801  0.05007115
 -0.04764816  0.01006611 -0.0203642  -0.00062094  0.01029554 -0.00960158
 -0.00911472  0.04201413]
Global mean: [-0.00182299 -0.00108476  0.0005674   0.00228884  0.00220579  0.00013717
  0.00084009  0.00131358]
