HELLO WORLD from process 5 of 8 on hal0027.amarel.rutgers.edu, running on CPU 20, Processor: x86_64
HELLO WORLD from process 7 of 8 on hal0027.amarel.rutgers.edu, running on CPU 22, Processor: x86_64
HELLO WORLD from process 1 of 8 on hal0027.amarel.rutgers.edu, running on CPU 16, Processor: x86_64
HELLO WORLD from process 2 of 8 on hal0027.amarel.rutgers.edu, running on CPU 17, Processor: x86_64
HELLO WORLD from process 3 of 8 on hal0027.amarel.rutgers.edu, running on CPU 18, Processor: x86_64
HELLO WORLD from process 6 of 8 on hal0027.amarel.rutgers.edu, running on CPU 21, Processor: x86_64
HELLO WORLD from process 0 of 8 on hal0027.amarel.rutgers.edu, running on CPU 12, Processor: x86_64
HELLO WORLD from process 4 of 8 on hal0027.amarel.rutgers.edu, running on CPU 19, Processor: x86_64
Validation mean: 499.9471348361394
Validation shape: ()
Process  {1}  has received a subblock of shape (200, 1600) 

Process  {1}  has a local mean of  500.1169026389421 

Shape of local mean: ()
Process  {2}  has received a subblock of shape (200, 1600) 

Process  {2}  has a local mean of  500.13651052852225 

Shape of local mean: ()
Process  {3}  has received a subblock of shape (200, 1600) 

Process  {3}  has a local mean of  500.0096735675721 

Shape of local mean: ()
Process  {4}  has received a subblock of shape (200, 1600) 

Process  {4}  has a local mean of  500.2620172325846 

Shape of local mean: ()
Process  {5}  has received a subblock of shape (200, 1600) 

Process  {5}  has a local mean of  499.6624241712206 

Shape of local mean: ()
Process  {6}  has received a subblock of shape (200, 1600) 

Process  {6}  has a local mean of  499.62793708368696 

Shape of local mean: ()
Process  {7}  has received a subblock of shape (200, 1600) 

Process  {7}  has a local mean of  499.81624658265685 

Shape of local mean: ()
Process  {0}  has received a subblock of shape (200, 1600) 

Process  {0}  has a local mean of  499.9453668839323 

Shape of local mean: ()
Length of local means:  8
Global mean: 499.94713483613975
Global shape: ()
Error: 3.410605131648481e-13
Error shape: ()
Error norm: 3.410605131648481e-13
