HELLO WORLD from process 5 of 8 on hal0027.amarel.rutgers.edu, running on CPU 20, Processor: x86_64
HELLO WORLD from process 7 of 8 on hal0027.amarel.rutgers.edu, running on CPU 22, Processor: x86_64
HELLO WORLD from process 3 of 8 on hal0027.amarel.rutgers.edu, running on CPU 18, Processor: x86_64
HELLO WORLD from process 4 of 8 on hal0027.amarel.rutgers.edu, running on CPU 19, Processor: x86_64
HELLO WORLD from process 2 of 8 on hal0027.amarel.rutgers.edu, running on CPU 17, Processor: x86_64
HELLO WORLD from process 1 of 8 on hal0027.amarel.rutgers.edu, running on CPU 16, Processor: x86_64
HELLO WORLD from process 0 of 8 on hal0027.amarel.rutgers.edu, running on CPU 12, Processor: x86_64
HELLO WORLD from process 6 of 8 on hal0027.amarel.rutgers.edu, running on CPU 21, Processor: x86_64
Validation mean: [499.74053058 496.41304402 496.40287311 ... 503.63838581 499.83214833
 496.86486423]
Validation shape: (1600,)
Process  {1}  has received a subblock of shape (200, 1600) 

Process  {2}  has received a subblock of shape (200, 1600) 

Process  {1}  has a local mean of  [500.02172238 496.24004238 499.48318635 499.00163434 503.00322469
 501.57078477 498.35227265 496.88107432 499.71615833 496.29951377
 496.99642521 496.72024307 498.81919871 498.12245218 498.42309019
 499.3278264  502.27625678 499.28780161 505.36695288 502.62889367
 503.96236488 506.28384047 503.00592423 500.41700357 501.37699186
 502.62620936 499.36514942 495.70385298 499.44001268 498.74786203
 501.66936749 503.58681997 496.33640684 505.30866014 500.17713576
 497.34727582 501.97643705 502.26521568 497.67042303 498.00751559
 501.78155813 501.52083474 500.4163448  493.85532632 499.79538584
 498.07739726 503.99545325 496.99150936 499.34562276 505.70840242
 499.72956818 500.16282137 501.5934339  500.09230119 498.86036701
 502.47494152 497.20082317 500.49473965 495.62382395 502.66417696
 502.87046335 499.8106687  501.049549   497.58186087 499.80289544
 499.00381706 496.2872781  499.10363964 501.74812232 502.88737943
 498.2911053  503.94414678 500.30208149 498.61886826 499.25937785
 502.16339472 504.39629154 500.16282111 501.85394814 496.8715462
 503.43408401 497.74314417 501.47376507 496.82002198 496.82543862
 499.35387874 500.19889224 504.07261877 501.30865847 496.68239012
 499.66338007 500.3573981  503.38105457 501.42205849 499.02928722
 499.20786524 500.8450116  495.63096199 499.40968571 502.14975511
 498.33849655 496.74325175 501.28121457 497.95629096 498.47306726
 500.79675491 500.83185208 499.62465818 500.8501609  506.22309561
 499.94236037 501.66761785 500.64742337 500.12611102 500.55015342
 501.35667856 500.47367784 497.07679875 500.19656643 504.69269312
 501.70371621 498.59339148 500.11461597 502.01303313 501.54334382
 502.91058148 498.29177922 503.5198666  501.22550091 503.34334106
 501.41938785 497.83179288 498.93448198 501.28633464 499.52202222
 503.96439709 496.84623689 497.87767573 497.00931192 503.66372402
 502.77562124 502.06879854 497.973873   501.42982753 497.71757945
 498.79057132 498.35150274 497.2281348  499.47905023 496.39058906
 499.07404176 495.93832776 500.82326207 505.67547112 500.92783968
 503.21707818 499.36872567 498.077711   502.50401954 495.64287568
 501.4721926  502.14002969 501.17887443 497.53101511 499.78319476
 498.56205232 500.46530821 499.3585285  500.25443565 498.88928926
 499.71425036 500.42419041 500.53965292 502.09621118 497.2089682
 496.08278806 499.07975653 499.59643719 496.94987735 496.78758689
 498.75387081 497.92597421 497.32036345 499.26803129 500.47707033
 500.89041829 500.30059107 500.39819784 499.66395085 504.0945384
 499.37563167 499.35383896 502.36288296 497.70412304 497.76511035
 502.18896996 500.14358464 501.32831412 497.33374901 499.94603292] 

Shape of local mean: (200,)
Process  {2}  has a local mean of  [503.56598538 500.11344164 497.67433755 500.15170932 498.06646325
 497.99354521 504.96958918 499.55117614 498.40786022 496.08157261
 498.58402639 499.14361103 503.73440775 498.86448535 497.04158683
 501.10601897 499.60031985 501.53207116 502.18283447 494.21567983
 496.64689031 496.61883556 502.89985469 497.30575872 500.12115718
 500.04478173 499.99401712 498.77961307 501.69120016 502.5318432
 497.47872078 499.9953726  501.15309633 496.79575692 501.87655195
 504.50797106 500.7029678  498.47037363 499.90173309 501.31611562
 501.27551475 501.77431255 500.94960604 496.03084785 502.28673387
 498.20617655 501.02051385 501.81498744 498.3226792  495.16846661
 504.16147776 494.62063877 501.61683767 499.82842096 498.4072271
 500.30273514 498.86935843 503.82654964 499.4928349  499.26052804
 500.10074324 494.12172503 500.59643915 499.1796244  498.61557944
 498.16011157 500.80998285 498.43574831 502.99855684 501.04972669
 503.56710501 500.67872245 503.9337033  502.04538504 498.86325001
 500.85348418 497.13245464 499.60535514 498.17843831 505.64330027
 501.80388983 496.95883939 501.34433965 498.33414194 498.67378738
 499.45761136 500.52303235 499.79119    498.90540532 498.87886457
 500.62551588 501.24705299 501.30072422 497.92378169 498.76450776
 500.91855328 500.81048861 500.46236622 497.53368413 500.36777109
 497.77877073 495.30943513 498.6658721  503.49842905 501.93174144
 499.53253399 499.97666644 496.27284832 505.27861656 496.80946099
 499.49556616 498.54049043 500.19775681 498.53820113 500.81552107
 500.80556843 501.43861486 499.0669597  502.72099992 498.2625912
 499.23919347 502.37506199 500.39965043 495.39715985 501.66140545
 500.97602946 496.73689854 498.43783116 494.46090668 499.12082192
 500.61696887 500.0663899  500.14992952 500.20480308 496.83534967
 493.20107408 502.54241845 499.53192767 497.85309932 502.16203409
 502.54871255 497.52150442 496.83675537 499.959842   497.6777712
 500.27812565 497.61509388 498.00555171 499.11004974 496.76074268
 502.69039982 496.43682288 501.51230113 500.55911094 501.62804402
 502.33169691 495.18111369 501.6519705  501.02181014 503.74824596
 497.40836278 498.98729232 501.7364894  501.37676281 503.65938305
 498.46478848 499.81861005 498.70170848 495.24602006 501.90871593
 504.40335258 500.36706795 501.79109318 496.47023025 502.71992425
 500.49296964 495.53582137 501.67610097 498.24103624 501.2448624
 500.87196301 495.39301923 495.92805349 500.43662547 498.98054118
 497.75533139 496.44100372 501.95907816 499.09524205 498.30863797
 498.04834005 499.79983929 503.16976675 499.0515656  499.40490855
 502.84260659 502.97356292 498.11274028 501.17679967 501.24913558]Process  {4}  has received a subblock of shape (200, 1600) 

Process  {3}  has received a subblock of shape (200, 1600) 

Process  {3}  has a local mean of  [498.83411875 495.75139559 504.12708838 500.90358453 498.18317412
 496.08103514 501.55053004 496.26547606 503.4262161  499.75640615
 503.27134535 503.0240087  507.23895639 499.82054392 503.93703955
 496.71486315 500.78373887 498.83936316 499.31902788 502.25954017
 501.94102636 497.79001541 499.81948251 497.53900669 504.50572237
 499.86891444 499.15499316 504.41236412 499.01094844 498.69318367
 501.44574758 503.76603337 497.72177459 500.7463194  499.3234995
 497.8757584  494.22263408 501.68717488 497.82919346 501.10533651
 502.92473815 495.62397925 503.02406422 497.97127924 499.37192697
 499.50313006 500.86165056 500.37144747 496.24259312 502.04977651
 498.5846248  504.27553765 498.31196494 496.08082916 498.25788858
 501.11488092 495.59071944 497.76629659 500.82542165 500.18009658
 503.4680144  496.44619875 500.70743161 502.99525628 498.25396477
 502.20585512 498.60501456 496.97224548 503.62322785 496.4470689
 500.47348231 498.7702132  500.36403419 500.69336058 499.72337921
 503.54187487 502.6023885  500.82412736 497.27693329 492.13249889
 501.26111794 502.9027689  500.13990394 499.2326247  502.69091546
 500.84341208 495.9185748  499.42299666 500.09967104 503.55687177
 501.34011174 502.29541628 497.61489449 500.78479485 499.89193914
 496.14805644 503.88106071 501.31724452 503.82018479 500.11310734
 499.0760488  495.43248135 496.5805895  500.8709951  499.96125491
 499.07366778 498.73390579 503.23165998 501.49642083 503.95592197
 494.71542748 500.92999936 499.50514011 500.28669963 501.08731451
 497.75603355 501.12122578 496.5502576  499.13915887 498.20478564
 498.50825627 500.89433368 500.44944132 498.29483947 499.062195
 498.80794343 501.42754066 505.57252237 501.41627698 501.37336662
 501.087911   495.74656663 497.60123224 503.06907522 501.41303745
 502.66913459 497.46959695 502.64404789 498.34351247 501.25025535
 499.71430824 499.57079887 500.93420157 503.55834788 500.78305635
 498.37197293 501.54044373 493.49925216 504.38289139 500.69346542
 497.85038858 504.32168006 500.17390878 503.13523736 500.48016232
 503.75777759 499.04429519 499.87826684 503.82355904 499.80713998
 501.01199585 503.63307415 497.45903635 500.20085368 498.85875209
 502.5093233  497.15337376 497.54520327 502.00800753 504.22132819
 501.02731176 497.07458346 503.02629797 496.82221523 498.43973112
 499.05515699 499.55330234 498.90850988 494.82735604 502.2932369
 503.63144257 501.35707554 498.66148326 501.96247193 499.28627215
 498.96844541 499.72998992 494.94032893 501.6300163  500.17781565
 500.19318804 496.50259524 500.39530899 498.00252745 498.63954248
 502.5087027  498.38421123 496.61211782 501.94576133 500.56095766] 

Shape of local mean: (200,)
 

Shape of local mean: (200,)
Process  {4}  has a local mean of  [505.39497686 493.8887636  502.1477108  501.29992986 499.52729465
 497.97554498 501.49479099 500.9068904  504.55072016 501.48606169
 498.39846069 498.79129259 497.84572839 496.3432204  498.55969401
 503.46635302 498.33326725 496.7129603  498.98859392 507.58503075
 500.86606361 498.10693443 501.49327594 503.08059393 498.95447424
 497.53545755 501.21737386 499.68735414 502.22525181 496.94086297
 503.42156604 503.25242098 500.87222636 501.61747506 500.80241238
 502.06176981 502.57771557 498.51648246 497.76167426 497.82438198
 502.56899182 496.47518435 502.99817884 497.73104062 499.99170902
 499.5190827  497.9718866  499.16207426 502.95789906 500.72419569
 501.51376016 501.62003224 501.03447453 499.9230772  500.62848286
 501.00200654 500.0286232  505.42364145 501.40860864 498.79748215
 499.58189551 504.36768371 498.60269161 502.43792677 498.73675418
 503.07403739 501.67736172 501.67364137 497.58986374 502.99244552
 500.3512519  505.59008037 500.89372438 494.40377022 501.80105184
 496.27130565 499.68164588 496.87568928 501.82482478 500.81761485
 499.80752195 498.56196829 498.10331038 497.91870458 497.74896433
 500.69618998 495.62647869 499.52275847 500.54306779 502.93787554
 495.66699668 494.67780328 503.26575039 503.77813812 497.76076761
 498.47134982 498.54914376 500.32168815 499.20085691 501.70302254
 500.17272768 501.75856556 504.84591452 497.43598159 496.65222527
 499.29923411 504.09591195 500.29996573 502.20501745 504.14157263
 501.45323619 504.93651479 493.43390528 497.12823752 496.92264059
 499.06436743 495.68415181 499.03250396 503.82259505 500.52708582
 500.52596891 496.73483157 505.13485135 494.80867243 501.49663669
 503.79375153 496.46916143 498.68335935 500.68095948 497.83573426
 495.89614648 501.74588043 503.0613694  499.44652182 500.00959048
 497.00062581 493.55267649 500.74206546 497.78673574 498.42448155
 497.06661284 499.8991945  496.29106324 498.71532693 501.72862327
 498.59855841 501.54870783 500.90957298 499.05879125 504.2789492
 498.30496841 500.53641471 503.03715682 496.32443032 503.11936432
 496.3164862  501.28359438 505.80318409 497.811045   501.42064253
 496.52415531 496.35430058 501.72582136 502.97811289 499.01962989
 499.27696334 497.31365472 497.06900392 500.15850893 497.84613635
 500.68313537 498.01797307 497.70674766 498.25511222 497.40119811
 502.65015633 498.85507211 501.1468228  501.78827526 503.33424444
 499.34312622 498.5108766  497.62410151 498.83503309 497.61699815
 495.54380972 501.96109042 502.40852761 505.20843594 494.9589983
 493.66853074 498.80798451 501.37397337 499.66146951 501.5183847
 499.69721144 498.26567447 498.23628214 493.66521976 498.05158616] 

Shape of local mean: (200,)
Process  {5}  has received a subblock of shape (200, 1600) 

Process  {6}  has received a subblock of shape (200, 1600) 
Process  {5}  has a local mean of  [501.08723706 501.62082171 498.2983786  499.81106213 496.89645576
 499.75008424 504.20886722 500.90064472 496.38901322 496.77651482
 498.9452481  500.52796641 500.97133179 503.35221296 500.64242485
 501.04360979 496.39794175 499.93869336 504.59289137 502.41468982
 500.26732447 497.94571251 502.20131363 501.86604481 499.62015994
 498.10544277 500.49409292 503.74687728 501.66959436 504.59004288
 498.01320418 503.43784657 501.97150532 497.610467   498.78040101
 500.73512095 502.07458772 500.49574662 497.31830806 501.34756328
 499.83446006 500.77965667 498.11307159 502.14928703 499.89726959
 496.96795567 500.14866136 503.91035539 497.33753108 498.48522871
 500.38522642 500.40439785 496.55709651 500.59342921 495.73165124
 494.15225743 499.55287192 494.54422865 504.57009856 501.9866777
 502.31208099 500.32446455 502.50626543 499.28967996 496.80180404
 501.75662334 498.04479264 496.43100425 500.05870325 502.67945649
 500.81289771 498.18544761 498.79326045 505.23628006 500.03468003
 503.03042087 496.13472441 495.30050954 500.208866   498.76535359
 495.03444317 497.78177551 499.74905441 497.65683422 500.4320719
 501.92022365 503.27541937 497.37257309 500.8732545  504.3055972
 502.8814529  498.18428623 500.10056372 494.80143697 502.36999101
 495.85389131 504.05927778 500.82284711 500.13053651 500.14137511
 500.33835293 502.98400363 506.27869063 498.81336845 500.09311089
 501.84136852 496.77562794 500.38933288 499.01620218 501.76452709
 502.17820885 499.13008738 500.81795174 501.11837446 497.6448613
 504.52399924 498.48848123 500.30895243 502.95700457 502.0516461
 498.13330188 496.88910094 497.71771573 500.35705995 495.37381356
 501.73712398 505.21601438 498.59069472 497.78631836 496.38475489
 502.86087136 498.86654007 498.74295122 502.28710979 500.12080396
 499.32872282 503.51995411 499.56161365 499.71296721 499.76577053
 497.95132046 501.43376254 502.34229946 499.15223452 502.44340558
 497.83057987 500.62421475 502.14040018 500.65341982 495.00528202
 502.97770214 496.86637599 499.94180591 500.09642258 496.4670738
 500.0196311  501.08380115 503.13942613 498.3303182  501.64851168
 496.59301734 500.96547257 500.59411385 502.7285389  495.99133012
 502.28269187 500.57497761 500.30804776 497.92925615 497.89984173
 500.07557924 497.27414279 499.47718526 500.27962888 500.89699289
 502.27079096 498.27875701 497.56013757 500.77307432 501.3591695
 498.9820221  500.80529162 501.68134536 502.31837954 500.82814978
 501.89651389 501.36311746 500.29999272 501.93043    502.03492605
 496.41069352 500.87383096 496.74730504 498.86387354 502.82574846
 501.99528224 501.80355297 499.32094053 497.75478968 496.07699299]
 

Shape of local mean: (200,)
Process  {6}  has a local mean of  [495.91742757 504.05906914 498.95428279 502.74300359 496.0323351
 500.19209518 498.29619904 500.43830623 497.60397001 500.37741237
 499.77198752 499.88562002 499.59760447 501.86297365 499.1856625
 500.69138876 501.31332226 498.83648323 501.05832006 500.56044619
 501.50120678 499.8163525  501.3652676  500.13743325 503.01347808
 497.35727071 501.50309682 507.14727347 500.96112792 500.89980555
 501.04471909 502.56931827 500.15885251 495.51293592 506.04413922
 501.76529898 506.33274795 500.69012395 502.29741147 500.12567791
 498.55899529 502.04319291 501.59634525 499.6635347  498.67304347
 496.7280514  501.48927183 501.25066224 502.18160396 500.97017881
 501.42369274 499.9737883  501.62439541 500.22272815 498.7654412
 496.26925348 497.83336381 499.37142998 497.81128249 505.80384168
 499.67323184 498.20937603 498.72239726 501.71616573 500.93884423
 498.80596697 501.57869049 499.94278076 499.7410061  496.17480384
 499.55535413 497.44080598 498.50898432 495.61886329 500.03436529
 501.6992547  500.07358078 504.13890169 499.02872746 501.93129408
 500.97070396 503.93890584 496.83878099 498.11051549 502.50098804
 495.4461828  503.04339119 499.79222444 501.14920398 500.02037959
 504.03249166 502.0680772  502.52213865 500.01243725 499.66318352
 498.42278823 501.25942956 502.12600935 502.23216405 498.077005
 502.49078162 500.02933493 500.59963405 502.38209791 498.29631644
 498.52939323 504.14957939 498.04631239 498.93172046 497.91106594
 500.47486573 501.91673969 499.63681217 499.10762325 500.07900953
 501.7196704  500.54681405 500.54692331 501.19845036 501.75630258
 503.42917154 502.75143849 499.89283605 504.03353899 500.20993929
 498.68342807 501.33176477 497.731531   498.64709872 498.66803167
 498.04536066 499.74096676 499.36488162 497.36954539 497.32369146
 501.50586564 501.0386402  497.95284977 500.45283435 502.96646498
 497.71108222 496.06973954 501.56571113 501.1123462  499.18742337
 498.67002637 496.99344412 497.62937846 501.75267622 502.18951935
 497.47970825 499.14661731 499.5181813Process  {7}  has received a subblock of shape (200, 1600) 

2 499.63446074 500.42699128
 500.00063726 501.35024223 501.99874529 499.61720191 499.9922309
 502.58711927 499.78266202 498.9596995  499.56768621 501.34798348
 495.24016405 497.78309311 501.1426476  497.48066109 498.5398624
 501.89979493 501.18503339 498.54385636 500.40297071 501.58330741
 502.17678739 500.71694228 499.83194286 502.04953255 499.29007833
 502.15047064 501.50318744 501.03598872 501.65987284 497.41397956
 502.39630153 498.39591324 500.1824724  502.04941799 498.71559058
 499.72705028 500.75641778 498.90040182 503.09135627 499.49318443
 501.93138496 504.68257316 497.41375039 501.42329219 499.09862119] 

Shape of local mean: (200,)
Process  {0}  has received a subblock of shape (200, 1600) 

Process  {7}  has a local mean of  [497.60632675 500.76188331 494.84060009 502.67952224 498.52471906
 496.36502127 498.72942138 497.5339908  500.65722367 497.36926341
 500.44978967 502.24621522 495.03367301 498.8205246  499.07269225
 501.29225788 500.45823253 497.32500422 498.76489837 504.01983314
 501.14340994 500.2507582  502.92079357 501.18103376 503.26219172
 499.47692009 497.02275599 495.0853632  502.12991099 495.22428711
 503.36028407 499.49609112 501.55984266 501.71310217 502.6762368
 504.2190361  499.72292342 503.13381136 504.21575363 494.70826311
 498.15350183 499.40840997 500.37913996 502.85670901 500.59979875
 499.88614225 504.09120126 503.95937279 495.33276085 497.62698644
 498.10418772 500.94425994 499.28822613 502.17727824 503.74877681
 501.97333612 502.8926902  504.73798945 505.67771873 503.69188979
 496.83641994 498.17710639 501.4864715  498.73943825 501.8810561
 496.79874229 501.2307425  501.37033021 501.74875307 503.89783155
 500.09928814 500.18664175 501.29409647 497.90926503 501.99791241
 500.27317208 499.61151705 499.60856014 499.21063909 497.35725567
 501.00831835 499.50524655 500.6979815  501.30425326 500.74534599
 500.47970263 497.74270834 500.1567391  499.62452555 502.66464442
 498.24112997 501.59879558 504.31414431 500.76087614 506.13653639
 499.66604749 501.63327941 500.53485922 501.85126468 500.74959984
 497.45699007 501.77449357 502.36551731 502.34411963 500.91223396
 499.75305926 499.00569553 501.23751323 499.37857069 497.36302214
 500.57779022 502.15326618 496.26366823 496.69145436 495.66639136
 503.11152117 501.02829691 503.27357919 499.78224237 500.6653396
 503.92842496 496.39451764 498.82873544 497.76592227 501.27312395
 499.82107063 504.89830775 501.19656802 499.86707226 499.77233097
 499.50841125 499.39796994 499.71856552 501.27782472 500.47614044
 499.93333704 497.76798407 498.93980792 503.09435072 492.97583597
 498.11973366 498.23796685 498.83506784 496.87267509 496.62367035
 496.71883015 499.96092824 499.11111979 499.41803066 499.48804641
 497.36451257 498.44536701 500.09067088 499.77763007 496.72912368
 499.95106509 504.29761031 503.0520212  501.28465545 500.78252344
 498.97388637 501.99183229 502.77175667 503.01842244 498.42255701
 502.0390921  497.77916758 504.68173395 504.30291745 499.36941986
 500.55334497 504.63975515 500.67677961 500.65106765 501.11831161
 501.24787795 497.71424186 496.37792784 498.6833203  502.56660523
 501.65871765 500.15215206 499.48396665 499.42703264 499.71486974
 503.59968496 498.82954244 504.71047432 496.83103445 496.62418626
 494.15127999 498.76695205 499.91539746 499.67141128 502.47286842
 495.7839635  505.77972141 503.63838581 499.83214833 496.86486423] 

Shape of local mean: (200,)
Process  {0}  has a local mean of  [499.74053058 496.41304402 496.40287311 498.38435888 501.75907877
 500.20596183 499.92353615 502.17286354 500.9740345  504.86347688
 500.28592507 499.65488674 502.25122318 503.11700726 497.89338048
 494.19301594 499.32764281 501.20150207 498.88899753 500.46722342
 501.39358517 501.63221875 497.98890723 500.79479251 502.14549228
 496.82922043 497.0065914  504.30864577 499.70559954 497.19120562
 500.14961839 499.62383922 498.93163618 497.90947396 499.03959115
 499.29867722 495.99344041 501.23244793 497.92188638 497.51929849
 501.53010445 503.81795011 503.44883372 500.77501374 500.95517339
 499.20364047 500.11684249 499.61644923 494.51555006 499.2529866
 497.58011108 494.96475635 502.31127436 499.64445603 497.95050957
 501.63635786 503.01044187 502.78835154 498.39971518 495.35454036
 498.83260206 501.22370224 501.62701442 497.40298609 500.15803379
 497.35822525 500.18992534 503.22864931 501.02375368 498.6932014
 502.89664571 500.44337003 501.2604289  500.59440594 502.61057314
 502.3680834  502.22454587 498.03479422 499.8172408  496.88835296
 498.85191296 501.180266   498.93922679 497.33523463 496.76020137
 500.33810973 503.98851948 504.52118966 501.68403489 498.51107977
 498.15239794 499.98430549 500.21829306 496.09310079 500.36462384
 503.35567536 501.82880202 497.79486877 496.09099253 502.38998149
 497.38499413 496.33832968 503.68162396 496.57440704 500.59062511
 498.10609171 500.39504032 499.46523649 502.48889528 498.92934593
 501.55563418 502.80794662 498.56378951 498.77498975 500.67650742
 499.35740126 496.66736812 499.55948564 502.10891457 499.06723572
 502.14396461 499.12469728 503.3816813  499.37163591 497.78159191
 502.77975531 503.79926494 497.60875326 499.50869633 501.20864025
 496.14190024 502.08475917 499.34495055 503.18804247 502.75775139
 500.20416895 504.4205271  499.69001093 495.48731896 499.33065065
 496.99734523 498.77621585 498.78281658 500.7131329  499.0303736
 498.05381926 497.13193983 500.8332437  495.42840428 498.92419173
 502.30937006 499.63502915 502.28008535 499.49864902 501.71471712
 497.7603809  500.5997192  495.89706555 499.80799406 498.42311869
 500.87487859 498.91537042 497.01592719 500.47809739 496.70122191
 499.25565835 499.33805256 497.45544884 497.74856658 496.16835485
 494.96245177 496.12450705 502.34987532 502.77553535 495.22584437
 499.08733585 502.1495828  496.93062672 500.90898574 498.6196496
 501.52037199 500.03389221 492.82320546 499.8003768  498.11560636
 499.64950755 498.09132536 499.65550399 497.94266062 501.28668787
 496.18868967 501.43284045 497.97007627 501.41668501 502.07494062
 500.6915875  502.47228119 501.50753501 504.75386098 501.34054387] 

Shape of local mean: (200,)
Global mean: [499.71886763 500.03422452 499.7453769  500.03365899 499.84979252
 500.03477174 500.24652342 500.19003232]
Global shape: (8,)
