HELLO WORLD from process 3 of 8 on hal0027.amarel.rutgers.edu, running on CPU 18, Processor: x86_64
HELLO WORLD from process 2 of 8 on hal0027.amarel.rutgers.edu, running on CPU 17, Processor: x86_64
HELLO WORLD from process 7 of 8 on hal0027.amarel.rutgers.edu, running on CPU 22, Processor: x86_64
HELLO WORLD from process 6 of 8 on hal0027.amarel.rutgers.edu, running on CPU 21, Processor: x86_64
HELLO WORLD from process 1 of 8 on hal0027.amarel.rutgers.edu, running on CPU 16, Processor: x86_64
HELLO WORLD from process 0 of 8 on hal0027.amarel.rutgers.edu, running on CPU 12, Processor: x86_64
HELLO WORLD from process 4 of 8 on hal0027.amarel.rutgers.edu, running on CPU 19, Processor: x86_64
HELLO WORLD from process 5 of 8 on hal0027.amarel.rutgers.edu, running on CPU 20, Processor: x86_64
Validation mean: [499.27394867 498.00459884 496.66463214 ... 500.19020574 500.94628117
 501.88234678]
Process  {1}  has received a subblock of shape (200, 1600) 

Process  {2}  has received a subblock of shape (200, 1600) 

Process  {1}  has a local mean of  [502.78480057 499.3655804  497.51274993 499.10504003 502.87753092
 503.61619647 502.14542523 501.28560589 501.72850848 498.445323
 501.93826569 500.08542503 501.17795822 498.33905583 503.11196344
 501.19939436 496.51765479 500.91713988 500.87218361 497.89561614
 495.37720777 498.20103293 500.94689113 500.38942678 499.50258806
 499.00951172 502.2299309  498.38702528 498.5947035  501.45535834
 500.58519003 505.07147237 497.60090931 497.06448368 501.78165799
 505.39694379 500.0229222  500.91600348 501.18060384 503.74983398
 499.12415185 498.78978107 501.57965142 503.54809673 501.50201696
 500.39461078 497.96012066 501.84142162 503.9775226  504.43371534
 500.62851384 498.51715176 496.92792812 500.05435315 502.70189094
 497.07339275 497.50367496 499.23470859 503.60538225 499.13662573
 503.79537901 502.94439817 500.11667662 499.91390949 497.63022304
 499.61228334 501.76228403 499.37432788 502.58075893 499.45531041
 503.47434087 503.17117991 502.31635103 500.72958956 496.54641321
 499.33076946 504.00843821 498.10985215 500.09473397 506.5304845
 498.67816849 495.88228138 502.7817762  503.44188255 502.46043732
 501.49284715 501.70770958 502.74343336 503.49094072 500.39004753
 500.76558967 502.64387087 499.17123489 495.78829958 505.04504704
 502.33669888 496.41406194 495.11491975 496.8248115  499.49442041
 499.25795998 498.28982598 497.12353706 498.06131038 499.99443944
 499.61186249 500.776878   495.72434512 501.4294489  502.04260278
 503.01155589 501.51373215 497.9625146  499.76948153 504.25736284
 499.07678614 500.88762817 500.27183062 499.71795915 500.98111252
 498.54874877 503.5611842  499.36703361 496.41232448 496.68994392
 502.61722071 499.02399189 503.90527407 498.25099946 497.53956703
 500.8446139  499.39000688 499.0175861  500.37738166 502.18316121
 499.64728715 502.18143064 497.81400439 502.77180254 496.48610719
 499.43080014 503.6928061  501.00613001 500.15179808 504.78281404
 495.70064712 498.88691636 498.73034162 500.583786   500.41560158
 507.59532737 498.40711921 494.2728372  500.13213656 499.3501269
 504.77923668 492.45816959 500.43482882 498.34107575 497.53701748
 498.18908514 498.72490848 500.50037763 499.57794478 499.24245714
 503.57045088 500.94389216 496.06307656 498.76095107 497.64119512
 499.89519909 498.38253833 500.00848636 501.66295828 501.1325753
 500.20570681 498.04284958 500.8719599  498.74306623 498.37597898
 502.44493758 502.76048573 502.35840857 501.03743214 500.93628746
 493.79596076 506.67585074 496.77137201 500.74987501 498.20193894
 498.57114534 501.92019892 499.90935793 498.51054233 500.49120785
 500.37979472 502.08367689 500.19864651 500.44387287 497.62805821] 

Process  {3}  has received a subblock of shape (200, 1600) 

Process  {2}  has a local mean of  [496.14342173 501.4413393  501.78257983 496.77289956 497.46776953
 500.15244214 497.28562217 503.99676505 502.80040165 502.64696629
 499.74063199 500.81612345 500.36241127 504.88371104 501.2156816
 499.67807266 501.56307214 499.23237063 497.82107295 501.64104598
 498.81441784 498.3359585  503.2293624  497.84298346 495.10907585
 498.17917134 500.45322342 504.74977498 500.17965057 500.23002684
 499.07128593 495.87196133 500.18118371 501.68831141 497.79272517
 499.03537925 501.68048384 498.54861177 499.80088076 498.83805963
 502.96103041 501.97319408 500.27005651 504.18853771 497.18490699
 503.16764506 499.19189692 495.68077762 498.60892495 497.65773327
 502.55606997 503.39169347 506.27468693 499.4891387  496.11070769
 498.49589445 498.67371899 502.50954069 499.56083323 498.26439821
 499.21170936 495.25026245 498.68876212 495.27865292 500.41758574
 502.51333975 504.87228605 502.92746415 500.81174896 502.2728781
 499.2242624  504.46949116 501.24829448 502.43030474 499.85947328
 495.98772199 499.15603552 501.22452735 502.55793472 502.3808404
 499.37444702 500.46019786 496.74403048 500.14925164 502.90536301
 497.33770344 500.96404449 504.37576927 501.10024923 498.450019
 499.99632935 499.68895299 499.81428182 501.67523633 501.85164499
 500.11021905 499.36929894 497.88649329 500.41907413 498.7778028
 498.93550943 502.4983559  496.85909681 501.84446342 499.69661007
 503.22611435 499.74068618 498.11489678 498.85573742 501.98877323
 499.71183789 499.90477804 503.44876238 496.16927905 503.37986598
 507.22393738 494.40449024 500.14773905 497.23985707 501.04616167
 496.60782391 497.18260878 501.11934425 500.59425766 496.19356792
 502.33094443 499.26517398 501.85181524 500.05078751 498.30792404
 496.63268365 497.02235514 500.34306996 502.53431268 500.01905405
 502.93224704 502.69520399 501.32425869 501.95189766 499.35680233
 502.61343958 500.46240623 501.45110858 501.80521548 498.59574976
 499.44658623 500.28825384 500.83841796 501.60437248 499.49432729
 499.57878278 498.26095833 497.28880464 503.17081231 497.52094648
 501.37664661 502.36711143 502.92684032 501.77032576 500.25767057
 499.13321962 501.42139389 501.75339065 502.70675728 500.15466832
 497.42837583 498.73974009 494.21300001 501.07139884 499.18014451
 499.63434823 501.96675718 500.65354428 498.29586968 500.23170434
 500.1921604  495.39327947 499.73191644 495.7129434  495.5289424
 497.9645261  501.53489505 498.39152519 500.97941491 500.60836062
 500.6131256  501.38385785 501.82211551 503.71017709 496.56452905
 502.52638425 503.1928987  497.36899097 501.61342867 500.24784688
 501.46594409 497.94322883 501.18938426 496.70360621 496.18223464] 
Process  {4}  has received a subblock of shape (200, 1600) 

Process  {3}  has a local mean of  [502.65558589 500.98620591 503.30155654 496.45850972 502.22662237
 499.62346023 496.16863948 503.39306226 502.57373984 499.71042738
 500.34489937 498.61740145 499.01113882 497.25603516 500.57933241
 499.43049885 498.44846595 502.21782587 501.94622939 502.43713656
 502.40946367 497.39418593 500.00664012 499.05740943 502.3881312
 502.42869978 494.84538261 498.97345516 501.82819965 498.96138836
 503.0407209  500.32149565 498.4174614  501.68113434 502.08581161
 501.66306398 498.60481595 500.82377363 497.67356411 501.00513803
 498.2599126  498.07615688 498.93183195 499.23070189 499.16182294
 498.2739893  500.75041152 497.20036114 499.782571   498.31642639
 501.50276655 494.98583647 499.36406715 497.82892777 498.63990378
 498.90498053 499.40967461 500.58549944 504.41017076 503.51865253
 498.43006457 498.48106801 501.78305741 500.76607403 501.88299826
 501.0635831  505.49255077 501.59502045 496.37847874 503.78812841
 496.06834149 503.21095136 504.86805783 502.37339236 502.64325784
 498.50024653 502.12146307 500.24297679 498.94601372 499.94566058
 499.2111966  506.76064442 498.1321998  497.5349924  496.42571309
 502.97662447 500.84640195 497.19005425 498.3501647  501.32565958
 503.65153793 498.73158808 500.82888893 499.58683585 498.84339393
 500.91677145 501.5829848  500.05116629 501.04720328 496.10287667
 499.83603042 504.91691817 496.68970913 501.10526766 498.5119561
 501.94132955 499.2393713  504.85818223 503.03051775 501.52434673
 496.70542439 498.92299602 503.33115149 498.35416452 502.16665749
 499.42789058 499.17661651 501.05822435 498.13575848 496.74404222
 499.03907563 499.61017613 500.62801431 499.92078475 500.7084028
 498.01425593 495.45661853 503.05109227 501.86690812 498.7959314
 498.22228601 499.75867587 505.5873424  503.67372055 498.04538495
 498.36417787 501.12026908 500.75035753 499.55215248 500.03347869
 501.51474984 499.99726181 496.54351932 501.83908988 500.30549083
 499.38808016 499.13689687 499.98656768 497.16248718 497.80594725
 499.95075822 499.6773203  503.48403509 500.98178925 502.70611359
 497.89963422 498.55624885 499.69638121 503.40784761 500.51175627
 505.47956091 503.30890471 500.35751167 500.02604065 497.06948361
 503.88694935 507.59042854 502.95847465 503.30744932 498.3901841
 500.02691455 491.74521269 496.45985643 503.04961974 499.79357887
 498.45264502 497.28756581 499.04359427 495.74894291 501.15337103
 503.80887598 494.86103205 502.74593412 497.43254262 500.24198183
 503.25540151 501.79274056 498.50812481 502.72670294 500.16911966
 497.98036351 497.141291   502.09548611 499.56756045 498.26643817
 497.73802858 503.29975385 498.581086   498.35303468 498.62882322] 


Process  {5}  has received a subblock of shape (200, 1600) 

Process  {4}  has a local mean of  [499.13871424 495.81138341 497.44887104 498.83806999 501.74611213
 500.78497584 501.33231012 500.23480962 499.4011948  498.84871052
 498.85067597 503.69247217 497.55551794 503.01306702 498.1443543
 502.00670585 503.76781752 497.66451398 501.01373923 502.55485949
 502.11932608 505.34960453 499.8523569  496.19091495 501.14548532
 503.12125288 500.19059716 498.66062255 494.4499811  504.94301838
 504.23725321 500.17015459 498.06734473 498.45898306 494.01364903
 503.793384   500.05154181 502.93893065 504.12808135 501.06560899
 497.05945018 500.41854658 498.06306401 503.50433725 500.10970665
 498.68172126 499.22933745 497.0300344  499.92033078 500.19842979
 500.95686977 499.20733119 498.99546188 495.47468223 495.79693088
 500.14642003 502.02466638 501.33391491 502.22371245 501.33379859
 498.32054884 500.70857107 500.44291094 498.81588496 501.60913795
 498.1937048  501.48005028 499.36573398 499.64632076 499.75060159
 501.06538692 505.75826733 500.79443832 501.58932392 495.47268539
 496.22781138 497.17289164 495.30281554 503.5562215  501.05123397
 502.88198775 496.3089853  498.73571188 496.57232188 502.65091822
 494.46943727 499.24623328 497.5289725  501.91710678 501.48147312
 494.86459731 498.54086157 497.01671322 499.11141102 507.08317738
 496.9421399  500.3573796  501.7326373  499.59421137 497.7996346
 501.55312334 502.12302173 503.19007312 502.07405611 501.73221125
 504.60264801 500.31870736 503.05778409 497.31525559 497.94750745
 501.93442067 502.47845361 501.05148214 501.06939719 501.94902851
 501.27709952 504.37692313 504.64505067 499.51457133 498.07426007
 500.61913859 496.51898731 498.20159345 502.64862309 501.51238859
 499.20711535 505.00859675 502.4343315  499.72891598 503.10975959
 498.07516615 497.76896922 496.44146497 496.2817263  500.18672194
 496.76476987 500.12270066 499.72330985 500.36576254 500.86422281
 497.66701768 501.60115873 499.41855703 499.76872863 500.47064694
 499.11689686 500.56790681 500.16806522 499.28595552 501.51944719
 500.67417976 501.82503509 502.00945027 500.83772413 502.58731073
 499.19623212 497.02263086 500.77712636 500.13357193 507.02437294
 497.65704782 500.31172661 502.47948858 497.27133768 501.68335034
 503.9270908  506.11113915 500.87352576 502.53247666 504.90948213
 497.49510895 499.47602402 500.04159789 502.67861328 498.98062628
 500.48268465 503.10767915 498.76578964 500.62809111 498.04609928
 505.24845319 497.32408875 499.96684822 499.14461381 507.0533405
 499.87389056 499.30055679 502.78632463 503.02211368 496.89364267
 497.2730382  501.16626637 499.97312061 495.50140049 501.21414456
 499.64455571 494.94188009 503.82347967 499.35111685 499.1387831 ] 

Process  {6}  has received a subblock of shape (200, 1600) 

Process  {5}  has a local mean of  [500.38352567 493.88838644 498.68905133 497.57785867 504.09563753
 502.40930626 502.21867546 498.85330924 498.10711942 500.65962835
 496.09209238 501.55732726 501.14241556 499.46105395 501.33839378
 495.3395061  500.7482294  496.47566166 508.64739873 500.73867261
 499.52416317 501.73444062 499.21053144 502.04809943 499.85118547
 500.57282825 498.97824865 504.54086446 496.63158255 498.79119227
 501.55145894 501.06181719 502.61701733 504.61651843 498.84280858
 500.04968624 498.92531565 496.7369821  499.7334679  503.10955746
 499.32922702 500.99893064 501.61942434 500.42224817 498.30721222
 500.10697532 501.18604628 501.82037373 501.45379396 500.22161732
 499.29825184 500.64461019 500.68518663 501.54608624 496.27296219
 501.05265565 501.59653179 501.23551095 495.51017334 497.37576248
 502.46104143 503.27160357 497.59293464 501.45624289 501.58044667
 501.04820237 505.26800742 498.98830338 497.40966365 498.41309879
 499.96962575 496.58715417 501.72540584 499.98097984 498.0601337
 502.41622565 498.05441433 501.85087033 499.89059639 498.51054312
 495.60296717 498.87942638 497.92112346 500.70174147 497.85788091
 497.36876454 499.55215289 500.19786647 498.9108154  501.10807851
 494.27524714 501.33838613 502.37431263 500.2782633  498.34977703
 502.44549256 494.89605899 498.35755424 500.28169203 502.01346033
 501.90522673 498.26138466 502.86572661 498.07452093 499.65907646
 496.50843218 499.85203112 498.51851182 503.96306414 500.97300676
 497.63407425 502.06277965 498.24746369 498.70198298 503.33258957
 498.9527864  503.66684119 501.21403264 497.04562132 498.90505812
 500.91035376 497.93868671 504.25794644 500.0213793  497.77728726
 494.37291732 502.34108287 499.12704902 500.86288912 501.66506232
 501.1051311  504.00844197 497.49835318 494.67821962 502.38067768
 498.62899066 497.58725501 497.9805755  498.01809995 497.12895636
 502.1281662  499.16368471 499.74120038 499.92516268 495.8464253
 503.08012332 501.01521299 502.8737376  502.53082556 504.76291633
 502.68536613 496.26480249 500.79272313 497.53937475 498.39703159
 502.52314908 497.78033311 500.82738882 502.20302149 497.11788939
 500.20608235 496.51294229 495.27880401 495.33709991 499.66258754
 500.77166426 501.88958531 502.38569936 496.85868182 501.50911137
 502.53633681 495.42628048 492.58554043 495.82221671 499.70210896
 501.57427194 499.62218021 497.4027193  502.21343515 497.02853001
 496.85652847 497.74699362 495.9875381  501.81637955 501.37866954
 498.73150507 501.68658216 498.99192634 497.58679895 503.22987373
 502.42542545 497.2051665  503.42333404 502.04720701 500.61351341
 503.94291104 505.24582687 499.63570227 496.67124908 501.57144351] 

Process  {6}  has a local mean of  [497.06381929 495.12471293 501.88854811 502.91930634 491.79003584
 499.92571034 501.40792701 501.19929071 502.23725175 498.89786082
 498.19162158 503.00971824 504.56829923 495.65936464 498.94532064
 499.2036061  500.57371357 499.98516195 499.63389254 501.58778371
 500.88114878 500.93729305 499.46435086 499.1041566  500.34477155
 500.64860425 500.89308703 498.52750612 499.00591944 496.59777289
 498.89331535 501.38396532 494.72576057 499.28626516 501.93171764
 500.97684726 498.87936526 501.64458328 501.15087466 500.23908711
 503.62595676 499.08380386 504.12256673 499.88369059 499.64326137
 497.4768243  500.36574916 500.54753033 501.41758436 496.92737184
 501.35792247 500.32855843 497.36462002 495.26037121 500.67839459
 498.36016906 498.47142242 502.78665878 499.91878454 500.37301011
 497.52944879 499.45038696 498.90165579 501.31066237 503.8127479
 502.3208723  500.73923596 500.26670817 500.3653066  498.08549664
 499.38953709 496.89268262 499.81960742 495.48903753 498.02092493
 502.63037441 499.76033451 498.87794909 501.16720639 502.84009279
 501.81343028 502.90379528 502.25242678 497.78888568 499.97712472
 502.94662683 496.40340779 496.39346282 493.08549927 503.02149987
 504.18597846 497.80334899 497.8734688  501.34730604 497.3088154
 500.56125013 499.2209749  502.75868338 497.36122131 500.3913304
 501.87726653 497.47098368 497.91136195 492.16510012 498.61726012
 499.23689819 498.97479171 502.34079637 500.84165763 499.93993439
 501.21065359 502.10935667 503.26436675 495.69096784 497.41295798
 498.12366272 500.1213856  504.7524778  503.7645412  500.07347195
 497.21407763 496.17975984 495.59936749 501.90108423 504.23748333
 496.03427927 496.09203782 502.72357279 501.14806175 503.97031894
 502.09390494 502.93104304 498.28091927 499.53970643 502.41994574
 494.88413328 498.73275137 496.9138188  498.72469596 498.88501104
 501.62682326 499.40658762 498.51684437 501.22152323 498.64396365
 503.71593862 501.59220474 501.60270591 498.22920457 500.84959601
 504.35584132 504.10289038 501.87783845 502.30979662 500.2819807
 500.22649078 500.81954636 498.76806011 503.31793081 499.38459827
 500.03488853 498.50153758 501.04432227 495.03578313 507.40849735
 497.93256625 496.01426276 504.51691033 498.78789194 499.56599204
 499.2934761  500.42500988 499.38841548 505.68359394 503.54576489
 504.58106842 499.15463077 499.49808993 497.6067328  500.37325342
 502.90758445 499.31185445 501.37640324 496.6962668  500.19731115
 497.24861327 502.47714277 498.54378371 494.71855115 500.07563825
 499.55274864 498.02280128 498.42135112 496.21242502 501.12286378
 501.77552473 495.59239366 503.34405433 502.2775604  493.74376646] 

Process  {7}  has received a subblock of shape (200, 1600) 

Process  {0}  has received a subblock of shape (200, 1600) 

Process  {7}  has a local mean of  [501.82105126 499.15127119 498.4291033  502.50109272 502.43766363
 498.78628086 502.3643996  499.2614493  494.56293997 500.23764141
 501.83183233 501.57413798 499.86536161 500.40583474 502.21368445
 499.63621799 501.8178948  499.39350605 501.23015962 503.4902721
 501.64572152 495.06914922 496.33912261 500.17234903 497.82944221
 499.26101492 499.10111062 500.12396665 500.03140609 500.4651591
 500.32902389 499.27840019 501.92377472 497.9833452  495.71311832
 496.79013298 497.4828101  499.80181723 497.7017756  501.48664469
 503.92807043 499.20331629 502.65890051 498.61506993 502.56508404
 498.53815493 498.84707822 502.65620651 496.27728703 500.92937995
 497.77679843 497.00961078 500.1943526  500.53654588 498.10300727
 498.37594259 499.33914141 502.73467008 498.15939639 501.21778998
 497.63972372 500.0610373  496.36070449 498.45669709 497.62741675
 500.99588345 499.73470147 501.2879981  501.62961639 498.68025893
 503.23835469 501.96303342 501.03850358 498.55969516 500.95761361
 502.51250748 494.14237671 501.45901085 502.77839217 502.95498048
 500.71738257 499.98746339 497.99267173 500.91177692 496.75308311
 500.54552335 504.43238301 498.10109384 499.11510761 499.53498167
 499.39966097 498.41893109 502.70728404 498.75084253 499.61776952
 500.79167562 501.22212557 501.42114762 496.27871691 497.49282426
 501.18642784 502.05882901 502.56453152 499.9006911  498.56111273
 500.95032567 500.93360878 504.28640891 496.43458958 495.07728817
 501.47096192 496.92692296 502.4442209  502.56449802 501.78913233
 499.19356312 494.90440388 498.04783493 500.08004979 498.03907106
 497.90339002 499.36075268 499.90907021 502.48115824 501.67330444
 501.10496892 500.43286584 502.42026703 497.09919449 501.54845342
 497.37153195 496.78562499 501.32554919 499.39011874 499.81665328
 496.71655408 497.00102015 496.92512807 494.91731578 498.94164826
 501.37335141 501.51915744 498.0552554  496.62830567 501.32811018
 505.83357084 501.81521577 498.88522525 501.58394431 500.30677591
 497.93520454 498.79693141 500.97088691 498.6543591  499.92894293
 506.28438726 498.86934584 501.06046572 495.99624797 502.59887957
 500.9005452  500.54023922 497.69990548 499.48012352 500.69003152
 500.90881511 500.88897773 501.33709563 503.04479772 504.66233675
 500.41619892 502.52041055 502.65785183 497.58635477 498.23839388
 497.86075208 496.45477496 501.63074627 499.20603422 501.69173998
 496.32779499 494.37875009 499.57031049 498.95043509 500.42688358
 500.30127975 504.30944961 500.92764979 503.24274576 495.97979036
 504.15028941 498.17498445 497.90368541 498.040605   498.51604085
 502.35532184 499.98327361 500.19020574 500.94628117 501.88234678] 

Process  {0}  has a local mean of  [499.27394867 498.00459884 496.66463214 501.34903624 498.0796135
 497.69019361 503.6442286  503.96859433 501.09014874 501.9331668
 500.1737321  500.04736753 499.46132011 504.59208439 498.29746945
 504.77160515 498.1330604  499.68720153 500.13159895 499.32219791
 499.29581948 505.76832412 496.51764565 498.71620944 498.1348394
 497.6299137  505.58494347 498.50613725 501.11736664 501.14675318
 498.43229374 503.13517649 496.92152247 498.89677117 503.09552179
 505.51102279 502.76788588 495.41993558 495.43972825 499.52958093
 504.13619873 496.9269824  503.24577871 499.8821196  503.47846149
 498.66987009 497.7905708  494.52003165 497.41841949 498.23728147
 498.74251573 501.83622303 501.76377778 501.60935944 500.09139048
 499.21460943 500.81224779 501.08850125 496.15156537 501.48392998
 501.2086234  500.75938433 499.53591741 497.95401682 499.87932052
 495.16902168 496.90068625 498.45087277 500.30610297 498.98627834
 498.58454555 499.59141825 499.52015901 496.95826679 500.1455277
 496.15879132 496.21498846 501.44715163 498.35875102 504.15897365
 506.43465596 499.09920661 500.81749052 498.41149527 499.85703769
 501.48239107 502.17584962 499.60288432 497.45356573 502.82403308
 498.11997571 500.85993722 502.32418874 500.44951682 502.43208536
 500.96097677 500.46858209 493.87374636 501.94488535 499.07870286
 503.44440646 502.17859309 497.83551854 496.80601484 501.19614131
 496.88273785 501.09922038 499.79367629 498.57866781 499.20821683
 499.60459043 499.02551396 496.65926157 498.70006578 501.71078209
 501.72364491 500.95624391 502.79923013 498.04194577 500.00410673
 497.15594475 497.72774639 500.01324473 497.84974423 498.12610565
 496.30959529 497.70543334 494.90377502 497.86588296 494.18485636
 498.70532352 499.29886888 499.85658898 498.18274809 499.50310362
 497.74407251 502.42206499 497.16573902 496.97598484 498.70922554
 497.80491011 502.88310334 499.62151253 502.75423125 497.77260438
 503.71055329 497.03589463 503.12200662 501.02937847 500.60516549
 496.59511302 502.19577208 498.44025878 499.49159675 496.60885439
 498.64180395 500.6205792  497.05715403 502.70101275 505.9503104
 502.94040682 500.62873195 495.86021074 501.61005381 497.41028786
 502.4432822  493.89329952 499.72808777 500.74134622 500.12855786
 495.62307671 496.20723322 499.01172123 499.24962278 498.51940937
 499.6770499  498.5237802  498.73437152 502.01717338 501.84550779
 500.42883942 498.59032595 497.97743603 493.22355963 500.96689654
 500.90688503 500.21731349 496.59267258 499.2269971  495.44790617
 503.74890949 495.71862519 499.16679972 499.97461461 502.62142496
 498.93412014 495.11244752 498.75370551 495.47447161 500.75354065] 

Global mean: [499.56935088 500.22286039 500.07272095 500.13783952 500.22654079
 499.86216853 499.88829976 499.88707844]
