HELLO WORLD from process 0 of 10 on hal0063.amarel.rutgers.edu, running on CPU 17, Processor: x86_64
Size of matrix A: (rows=4000, cols=8000), Size of submatrix: (rows=400, cols=8000)
HELLO WORLD from process 6 of 10 on hal0063.amarel.rutgers.edu, running on CPU 24, Processor: x86_64
HELLO WORLD from process 8 of 10 on hal0063.amarel.rutgers.edu, running on CPU 26, Processor: x86_64
HELLO WORLD from process 1 of 10 on hal0063.amarel.rutgers.edu, running on CPU 19, Processor: x86_64
HELLO WORLD from process 2 of 10 on hal0063.amarel.rutgers.edu, running on CPU 20, Processor: x86_64
HELLO WORLD from process 3 of 10 on hal0063.amarel.rutgers.edu, running on CPU 21, Processor: x86_64
HELLO WORLD from process 4 of 10 on hal0063.amarel.rutgers.edu, running on CPU 22, Processor: x86_64
HELLO WORLD from process 5 of 10 on hal0063.amarel.rutgers.edu, running on CPU 23, Processor: x86_64
HELLO WORLD from process 7 of 10 on hal0063.amarel.rutgers.edu, running on CPU 25, Processor: x86_64
HELLO WORLD from process 9 of 10 on hal0063.amarel.rutgers.edu, running on CPU 27, Processor: x86_64
Time to invert matrix: 41.39429 seconds
Validation test elapsed time: 315.59882 seconds.
Time to scatter subblock A of shape (400, 8000) to process 1: 317.67355 seconds
Time to scatter subblock A of shape (400, 8000) to process 2: 317.68555 seconds
Time to scatter subblock A of shape (400, 8000) to process 3: 317.69890 seconds
Time to scatter subblock A of shape (400, 8000) to process 4: 317.71173 seconds
Time to scatter subblock A of shape (400, 8000) to process 5: 317.72421 seconds
Time to scatter subblock A of shape (400, 8000) to process 6: 317.73805 seconds
Time to scatter subblock A of shape (400, 8000) to process 7: 317.75027 seconds
Time to scatter subblock A of shape (400, 8000) to process 8: 317.76407 seconds
Time to scatter subblock A of shape (400, 8000) to process 0: 0.12607 seconds
Time to scatter subblock A of shape (400, 8000) to process 9: 317.77689 seconds
Process  {1}  has received b of shape (400,)
Process  {2}  has received b of shape (400,)
Process  {3}  has received b of shape (400,)
Process  {4}  has received b of shape (400,)
Process  {5}  has received b of shape (400,)
Process  {6}  has received b of shape (400,)
Process  {7}  has received b of shape (400,)
Process  {0}  has received b of shape (400,)
Process  {9}  has received b of shape (400,)
Process  {8}  has received b of shape (400,)
Process  {0}  has received x of shape (8000,)
Process  {9}  has received x of shape (8000,)
Process  {1}  has received x of shape (8000,)
Process  {2}  has received x of shape (8000,)
Process  {5}  has received x of shape (8000,)
Process  {6}  has received x of shape (8000,)
Process  {3}  has received x of shape (8000,)
Process  {4}  has received x of shape (8000,)
Process  {7}  has received x of shape (8000,)
Process  {0}  has received z of shape (8000,)
Process  {9}  has received z of shape (8000,)
Process  {5}  has received z of shape (8000,)
Process  {1}  has received z of shape (8000,)
Process  {6}  has received z of shape (8000,)
Process  {2}  has received z of shape (8000,)
Process  {8}  has received x of shape (8000,)
Process  {9}  has received y of shape (8000,)
Process  {2}  has received y of shape (8000,)
Process  {0}  has received y of shape (8000,)
Process  {1}  has received y of shape (8000,)
Process  {6}  has received y of shape (8000,)
Process  {7}  has received z of shape (8000,)
Process  {5}  has received y of shape (8000,)
Process  {4}  has received z of shape (8000,)
Process  {3}  has received z of shape (8000,)
Process  {8}  has received z of shape (8000,)
Process  {3}  has received y of shape (8000,)
Process  {7}  has received y of shape (8000,)
Process  {4}  has received y of shape (8000,)
Process  {8}  has received y of shape (8000,)
