HELLO WORLD from process 4 of 10 on hal0026.amarel.rutgers.edu, running on CPU 4, Processor: x86_64
HELLO WORLD from process 1 of 10 on hal0026.amarel.rutgers.edu, running on CPU 1, Processor: x86_64
HELLO WORLD from process 2 of 10 on hal0026.amarel.rutgers.edu, running on CPU 2, Processor: x86_64
HELLO WORLD from process 3 of 10 on hal0026.amarel.rutgers.edu, running on CPU 3, Processor: x86_64
HELLO WORLD from process 5 of 10 on hal0026.amarel.rutgers.edu, running on CPU 5, Processor: x86_64
HELLO WORLD from process 6 of 10 on hal0026.amarel.rutgers.edu, running on CPU 6, Processor: x86_64
HELLO WORLD from process 7 of 10 on hal0026.amarel.rutgers.edu, running on CPU 7, Processor: x86_64
HELLO WORLD from process 8 of 10 on hal0026.amarel.rutgers.edu, running on CPU 8, Processor: x86_64
HELLO WORLD from process 9 of 10 on hal0026.amarel.rutgers.edu, running on CPU 14, Processor: x86_64
HELLO WORLD from process 0 of 10 on hal0026.amarel.rutgers.edu, running on CPU 0, Processor: x86_64
Validation dot: [1.99442525e+09 1.99535685e+09 1.99399823e+09 ... 1.99863035e+09
 1.99273515e+09 1.99528963e+09]
Validation shape: (15000,)
Validation Elapsed time: 0.11188387870788574
Process  {1}  has received a subblock of shape (1500, 10000)
Process  {0}  has received a subblock of shape (1500, 10000)
Process  {1}  has received x of shape (10000,)
Process 1 has received a subblock of shape (1500, 10000)
Process 1 has received x of shape (10000,)
Time to scatter and broadcast to process 1: 8.1932 seconds
Process  {0}  has received x of shape (10000,)
Process 0 has received a subblock of shape (1500, 10000)
Process 0 has received x of shape (10000,)
Time to scatter and broadcast to process 0: 1.4622 seconds
Process 0 has finished the dot product in 0.0137 seconds.
Process 9 has finished the dot product in 0.0200 seconds.
Process 8 has finished the dot product in 0.0244 seconds.
Process 7 has finished the dot product in 0.0245 seconds.
Process 3 has finished the dot product in 0.0246 seconds.
Process 6 has finished the dot product in 0.0246 seconds.
Process 5 has finished the dot product in 0.0246 seconds.
Process 1 has finished the dot product in 0.0246 seconds.
Process 2 has finished the dot product in 0.0247 seconds.
Process 4 has finished the dot product in 0.0251 seconds.
Time to gather: 0.0007 seconds
Time to gather: 0.0006 seconds
Time to gather: 0.0007 seconds
Time to gather: 0.0003 seconds
Time to gather: 0.0008 seconds
Time to gather: 0.0009 seconds
Time to gather: 0.0008 seconds
Time to gather: 0.0010 seconds
Time to gather: 0.0055 seconds
Time to gather: 0.0119 seconds
Length of local dots:  10
Error Norm: 0.0
