HELLO WORLD from process 1 of 10 on hal0038.amarel.rutgers.edu, running on CPU 10, Processor: x86_64
HELLO WORLD from process 0 of 10 on hal0038.amarel.rutgers.edu, running on CPU 9, Processor: x86_64
HELLO WORLD from process 2 of 10 on hal0038.amarel.rutgers.edu, running on CPU 11, Processor: x86_64
HELLO WORLD from process 3 of 10 on hal0038.amarel.rutgers.edu, running on CPU 13, Processor: x86_64
HELLO WORLD from process 4 of 10 on hal0038.amarel.rutgers.edu, running on CPU 15, Processor: x86_64
HELLO WORLD from process 5 of 10 on hal0038.amarel.rutgers.edu, running on CPU 17, Processor: x86_64
HELLO WORLD from process 6 of 10 on hal0038.amarel.rutgers.edu, running on CPU 22, Processor: x86_64
HELLO WORLD from process 7 of 10 on hal0038.amarel.rutgers.edu, running on CPU 23, Processor: x86_64
HELLO WORLD from process 8 of 10 on hal0038.amarel.rutgers.edu, running on CPU 24, Processor: x86_64
HELLO WORLD from process 9 of 10 on hal0038.amarel.rutgers.edu, running on CPU 25, Processor: x86_64
Validation dot: [5.60360443e+08 5.60288411e+08 5.61345289e+08 ... 5.59966710e+08
 5.62114196e+08 5.59443891e+08]
Validation shape: (8000,)
Validation Elapsed time: 0.1284923553466797
Process  {1}  has received a subblock of shape (800, 2800) 

Process  {2}  has received a subblock of shape (800, 2800) 

Process  {3}  has received a subblock of shape (800, 2800) 

Process  {4}  has received a subblock of shape (800, 2800) 

Process  {5}  has received a subblock of shape (800, 2800) 

Process  {6}  has received a subblock of shape (800, 2800) 

Process  {7}  has received a subblock of shape (800, 2800) 

Process  {8}  has received a subblock of shape (800, 2800) 

Process  {9}  has received a subblock of shape (800, 2800) 

Process  {0}  has received a subblock of shape (800, 2800) 

Process  {9}  has received x of shape (2800,) 

Process  {0}  has received x of shape (2800,) 

Process  {8}  has received x of shape (2800,) 

Process  {1}  has received x of shape (2800,) 

Process  {2}  has received x of shape (2800,) 

Process  {5}  has received x of shape (2800,) 

Process  {6}  has received x of shape (2800,) 

Process  {7}  has received x of shape (2800,) 

Process  {3}  has received x of shape (2800,) 

Process  {4}  has received x of shape (2800,) 

MPI Elapsed time: 0.25090694427490234
Length of local dots:  10
Error Norm: 0.0
