HELLO WORLD from process 0 of 10 on hal0063.amarel.rutgers.edu, running on CPU 17, Processor: x86_64
Size of matrix A: (rows=2000, cols=4000), Size of submatrix: (rows=200, cols=4000)
HELLO WORLD from process 1 of 10 on hal0063.amarel.rutgers.edu, running on CPU 19, Processor: x86_64
HELLO WORLD from process 3 of 10 on hal0063.amarel.rutgers.edu, running on CPU 21, Processor: x86_64
HELLO WORLD from process 4 of 10 on hal0063.amarel.rutgers.edu, running on CPU 22, Processor: x86_64
HELLO WORLD from process 2 of 10 on hal0063.amarel.rutgers.edu, running on CPU 20, Processor: x86_64
HELLO WORLD from process 5 of 10 on hal0063.amarel.rutgers.edu, running on CPU 23, Processor: x86_64
HELLO WORLD from process 6 of 10 on hal0063.amarel.rutgers.edu, running on CPU 24, Processor: x86_64
HELLO WORLD from process 7 of 10 on hal0063.amarel.rutgers.edu, running on CPU 25, Processor: x86_64
HELLO WORLD from process 8 of 10 on hal0063.amarel.rutgers.edu, running on CPU 26, Processor: x86_64
HELLO WORLD from process 9 of 10 on hal0063.amarel.rutgers.edu, running on CPU 27, Processor: x86_64
Time to invert matrix: 5.47404 seconds
Validation test elapsed time: 66.23540 seconds.
Time to scatter subblock A of shape (200, 4000) to process 1: 67.12607 seconds
Time to scatter subblock A of shape (200, 4000) to process 2: 67.12885 seconds
Time to scatter subblock A of shape (200, 4000) to process 3: 67.13281 seconds
Time to scatter subblock A of shape (200, 4000) to process 4: 67.13629 seconds
Time to scatter subblock A of shape (200, 4000) to process 5: 67.13884 seconds
Time to scatter subblock A of shape (200, 4000) to process 6: 67.14231 seconds
Time to scatter subblock A of shape (200, 4000) to process 7: 67.14572 seconds
Time to scatter subblock A of shape (200, 4000) to process 8: 67.14869 seconds
Time to scatter subblock A of shape (200, 4000) to process 0: 0.03183 seconds
Time to scatter subblock A of shape (200, 4000) to process 9: 67.15243 seconds
Process  {1}  has received b of shape (200,)
Process  {2}  has received b of shape (200,)
Process  {4}  has received b of shape (200,)
Process  {5}  has received b of shape (200,)
Process  {0}  has received b of shape (200,)
Process  {8}  has received b of shape (200,)
Process  {9}  has received b of shape (200,)
Process  {6}  has received b of shape (200,)
Process  {7}  has received b of shape (200,)
Process  {3}  has received b of shape (200,)
Process  {0}  has received x of shape (4000,)
Process  {9}  has received x of shape (4000,)
Process  {8}  has received x of shape (4000,)
Process  {2}  has received x of shape (4000,)
Process  {4}  has received x of shape (4000,)
Process  {6}  has received x of shape (4000,)
Process  {5}  has received x of shape (4000,)
Process  {7}  has received x of shape (4000,)
Process  {1}  has received x of shape (4000,)
Process  {3}  has received x of shape (4000,)
Process  {6}  has received z of shape (4000,)
Process  {9}  has received z of shape (4000,)
Process  {8}  has received z of shape (4000,)
Process  {0}  has received z of shape (4000,)
Process  {4}  has received z of shape (4000,)
Process  {5}  has received z of shape (4000,)
Process  {1}  has received z of shape (4000,)
Process  {7}  has received z of shape (4000,)
Process  {2}  has received z of shape (4000,)
Process  {3}  has received z of shape (4000,)
Process  {4}  has received y of shape (4000,)
Process  {5}  has received y of shape (4000,)
Process  {1}  has received y of shape (4000,)
Process  {6}  has received y of shape (4000,)
Process  {9}  has received y of shape (4000,)
Process  {7}  has received y of shape (4000,)
Process  {8}  has received y of shape (4000,)
Process  {0}  has received y of shape (4000,)
Process  {2}  has received y of shape (4000,)
Process  {3}  has received y of shape (4000,)
Time to invert matrix: 5.15302 seconds
Time to invert matrix: 5.19161 seconds
Time to invert matrix: 5.20590 seconds
Time to invert matrix: 5.20852 seconds
Time to invert matrix: 5.21649 seconds
Time to invert matrix: 5.23205 seconds
Time to invert matrix: 5.23402 seconds
Time to invert matrix: 5.24103 seconds
Time to invert matrix: 5.24380 seconds
Time to invert matrix: 5.24577 seconds
MPI test elapsed time: 96.52834 seconds
MPI test elapsed time: 96.52822 seconds
MPI test elapsed time: 96.52839 seconds
MPI test elapsed time: 96.52841 seconds
MPI test elapsed time: 96.52842 seconds
MPI test elapsed time: 96.52858 seconds
MPI test elapsed time: 96.52843 seconds
MPI test elapsed time: 96.52842 seconds
MPI test elapsed time: 96.52844 seconds
MPI test elapsed time: 96.52844 seconds
