HELLO WORLD from process 0 of 8 on hal0095.amarel.rutgers.edu, running on CPU 1, Processor: x86_64
HELLO WORLD from process 4 of 8 on hal0095.amarel.rutgers.edu, running on CPU 23, Processor: x86_64
HELLO WORLD from process 1 of 8 on hal0095.amarel.rutgers.edu, running on CPU 2, Processor: x86_64
HELLO WORLD from process 2 of 8 on hal0095.amarel.rutgers.edu, running on CPU 21, Processor: x86_64
HELLO WORLD from process 3 of 8 on hal0095.amarel.rutgers.edu, running on CPU 22, Processor: x86_64
HELLO WORLD from process 5 of 8 on hal0095.amarel.rutgers.edu, running on CPU 24, Processor: x86_64
HELLO WORLD from process 6 of 8 on hal0095.amarel.rutgers.edu, running on CPU 25, Processor: x86_64
HELLO WORLD from process 7 of 8 on hal0095.amarel.rutgers.edu, running on CPU 26, Processor: x86_64
Validation dot: [[1.59799926e+09]
 [1.59871072e+09]
 [1.59669105e+09]
 ...
 [1.59983670e+09]
 [1.59918735e+09]
 [1.59770952e+09]]
Validation shape: (16000, 1)
Validation Elapsed time: 0.10496807098388672
Process  {1}  has received a subblock of shape (2000, 8000) 

Process  {2}  has received a subblock of shape (2000, 8000) 

Process  {3}  has received a subblock of shape (2000, 8000) 

Process  {4}  has received a subblock of shape (2000, 8000) 

Process  {5}  has received a subblock of shape (2000, 8000) 

Process  {6}  has received a subblock of shape (2000, 8000) 

Process  {7}  has received a subblock of shape (2000, 8000) 

Process  {0}  has received a subblock of shape (2000, 8000) 

Process  {7}  has received x of shape (8000, 1) 

Process  {0}  has received x of shape (8000, 1) 

Process  {5}  has received x of shape (8000, 1) 

Process  {3}  has received x of shape (8000, 1) 

Process  {6}  has received x of shape (8000, 1) 

Process  {1}  has received x of shape (8000, 1) 

Process  {2}  has received x of shape (8000, 1) 

Process  {4}  has received x of shape (8000, 1) 

MPI Elapsed time: 1.4073760509490967
Length of local dots:  8
Error Norm: 0.0
