HELLO WORLD from process 0 of 8 on hal0057.amarel.rutgers.edu, running on CPU 9, Processor: x86_64
HELLO WORLD from process 1 of 8 on hal0057.amarel.rutgers.edu, running on CPU 10, Processor: x86_64
HELLO WORLD from process 2 of 8 on hal0057.amarel.rutgers.edu, running on CPU 11, Processor: x86_64
HELLO WORLD from process 3 of 8 on hal0057.amarel.rutgers.edu, running on CPU 12, Processor: x86_64
HELLO WORLD from process 4 of 8 on hal0057.amarel.rutgers.edu, running on CPU 13, Processor: x86_64
HELLO WORLD from process 5 of 8 on hal0057.amarel.rutgers.edu, running on CPU 15, Processor: x86_64
HELLO WORLD from process 6 of 8 on hal0057.amarel.rutgers.edu, running on CPU 17, Processor: x86_64
HELLO WORLD from process 7 of 8 on hal0057.amarel.rutgers.edu, running on CPU 20, Processor: x86_64
Validation dot: [[8.00112432e+08]
 [7.98519968e+08]
 [8.00027208e+08]
 ...
 [8.00199259e+08]
 [7.98403251e+08]
 [8.00685874e+08]]
Validation shape: (4000, 1)
Validation Elapsed time: 0.14002323150634766
Process  {1}  has received a subblock of shape (500, 4000) 

Process  {2}  has received a subblock of shape (500, 4000) 

Process  {3}  has received a subblock of shape (500, 4000) 

Process  {4}  has received a subblock of shape (500, 4000) 

Process  {5}  has received a subblock of shape (500, 4000) 

Process  {6}  has received a subblock of shape (500, 4000) 

Process  {7}  has received a subblock of shape (500, 4000) 

Process  {0}  has received a subblock of shape (500, 4000) 

