HELLO WORLD from process 0 of 10 on hal0027.amarel.rutgers.edu, running on CPU 0, Processor: x86_64
Size of matrix A: (rows=1000, cols=2000), Size of submatrix: (rows=100, cols=2000)
HELLO WORLD from process 1 of 10 on hal0027.amarel.rutgers.edu, running on CPU 1, Processor: x86_64
HELLO WORLD from process 2 of 10 on hal0027.amarel.rutgers.edu, running on CPU 2, Processor: x86_64
HELLO WORLD from process 3 of 10 on hal0027.amarel.rutgers.edu, running on CPU 3, Processor: x86_64
HELLO WORLD from process 4 of 10 on hal0027.amarel.rutgers.edu, running on CPU 4, Processor: x86_64
HELLO WORLD from process 5 of 10 on hal0027.amarel.rutgers.edu, running on CPU 5, Processor: x86_64
HELLO WORLD from process 6 of 10 on hal0027.amarel.rutgers.edu, running on CPU 6, Processor: x86_64
HELLO WORLD from process 7 of 10 on hal0027.amarel.rutgers.edu, running on CPU 7, Processor: x86_64
HELLO WORLD from process 8 of 10 on hal0027.amarel.rutgers.edu, running on CPU 18, Processor: x86_64
HELLO WORLD from process 9 of 10 on hal0027.amarel.rutgers.edu, running on CPU 19, Processor: x86_64
Time to invert matrix: 0.88859 seconds
Validation test elapsed time: 8.98486 seconds.
Time to scatter subblock A of shape (100, 2000) to process 1: 9.72251 seconds
Time to scatter subblock A of shape (100, 2000) to process 2: 9.72343 seconds
Time to scatter subblock A of shape (100, 2000) to process 3: 9.72439 seconds
Time to scatter subblock A of shape (100, 2000) to process 4: 9.72513 seconds
Time to scatter subblock A of shape (100, 2000) to process 5: 9.72607 seconds
Time to scatter subblock A of shape (100, 2000) to process 6: 9.72720 seconds
Time to scatter subblock A of shape (100, 2000) to process 7: 9.72784 seconds
Time to scatter subblock A of shape (100, 2000) to process 8: 9.72944 seconds
Time to scatter subblock A of shape (100, 2000) to process 0: 0.00974 seconds
Process  {1}  has received b of shape (100,)
Process  {2}  has received b of shape (100,)
Process  {3}  has received b of shape (100,)
Process  {4}  has received b of shape (100,)
Process  {5}  has received b of shape (100,)
Process  {6}  has received b of shape (100,)
Process  {7}  has received b of shape (100,)
Process  {8}  has received b of shape (100,)
Time to scatter subblock A of shape (100, 2000) to process 9: 9.73066 seconds
Process  {0}  has received b of shape (100,)
Process  {9}  has received b of shape (100,)
Process  {0}  has received x of shape (2000,)
Process  {5}  has received x of shape (2000,)
Process  {6}  has received x of shape (2000,)
Process  {7}  has received x of shape (2000,)
Process  {1}  has received x of shape (2000,)
Process  {2}  has received x of shape (2000,)
Process  {3}  has received x of shape (2000,)
Process  {4}  has received x of shape (2000,)
Process  {8}  has received x of shape (2000,)
Process  {9}  has received x of shape (2000,)
Process  {8}  has received z of shape (2000,)
Process  {7}  has received z of shape (2000,)
Process  {1}  has received z of shape (2000,)
Process  {2}  has received z of shape (2000,)
Process  {3}  has received z of shape (2000,)
Process  {4}  has received z of shape (2000,)
Process  {6}  has received z of shape (2000,)
Process  {0}  has received z of shape (2000,)
Process  {5}  has received z of shape (2000,)
Process  {9}  has received z of shape (2000,)
Process  {3}  has received y of shape (2000,)
Process  {4}  has received y of shape (2000,)
Process  {8}  has received y of shape (2000,)
Process  {7}  has received y of shape (2000,)
Process  {1}  has received y of shape (2000,)
Process  {2}  has received y of shape (2000,)
Process  {5}  has received y of shape (2000,)
Process  {6}  has received y of shape (2000,)
Process  {0}  has received y of shape (2000,)
Process  {9}  has received y of shape (2000,)
Time to invert matrix (A.T * A + rho * I): 0.67093 seconds
Time to invert matrix (A.T * A + rho * I): 0.67233 seconds
Time to invert matrix (A.T * A + rho * I): 0.68484 seconds
Time to invert matrix (A.T * A + rho * I): 0.70437 seconds
Time to invert matrix (A.T * A + rho * I): 0.70563 seconds
Time to invert matrix (A.T * A + rho * I): 0.70439 seconds
Time to invert matrix (A.T * A + rho * I): 0.70735 seconds
Time to invert matrix (A.T * A + rho * I): 0.70913 seconds
Time to invert matrix (A.T * A + rho * I): 0.70947 seconds
Time to invert matrix (A.T * A + rho * I): 0.71296 seconds
MPI test elapsed time for process 7: 11.90643 seconds
MPI test elapsed time for process 6: 11.90631 seconds
MPI test elapsed time for process 5: 11.90631 seconds
MPI test elapsed time for process 2: 11.90643 seconds
MPI test elapsed time for process 1: 11.90643 seconds
MPI test elapsed time for process 3: 11.90643 seconds
MPI test elapsed time for process 4: 11.90643 seconds
MPI test elapsed time for process 8: 11.90647 seconds
MPI test elapsed time for process 9: 11.90627 seconds
MPI test elapsed time for process 0: 11.90738 seconds
