HELLO WORLD from process 5 of 20 on hal0028.amarel.rutgers.edu, running on CPU 13, Processor: x86_64
HELLO WORLD from process 3 of 20 on hal0028.amarel.rutgers.edu, running on CPU 11, Processor: x86_64
HELLO WORLD from process 0 of 20 on hal0028.amarel.rutgers.edu, running on CPU 8, Processor: x86_64
HELLO WORLD from process 1 of 20 on hal0028.amarel.rutgers.edu, running on CPU 9, Processor: x86_64
HELLO WORLD from process 2 of 20 on hal0028.amarel.rutgers.edu, running on CPU 10, Processor: x86_64
HELLO WORLD from process 4 of 20 on hal0028.amarel.rutgers.edu, running on CPU 12, Processor: x86_64
HELLO WORLD from process 6 of 20 on hal0028.amarel.rutgers.edu, running on CPU 14, Processor: x86_64
HELLO WORLD from process 7 of 20 on hal0028.amarel.rutgers.edu, running on CPU 15, Processor: x86_64
HELLO WORLD from process 8 of 20 on hal0028.amarel.rutgers.edu, running on CPU 16, Processor: x86_64
HELLO WORLD from process 9 of 20 on hal0028.amarel.rutgers.edu, running on CPU 17, Processor: x86_64
HELLO WORLD from process 10 of 20 on hal0028.amarel.rutgers.edu, running on CPU 19, Processor: x86_64
HELLO WORLD from process 11 of 20 on hal0042.amarel.rutgers.edu, running on CPU 17, Processor: x86_64
HELLO WORLD from process 14 of 20 on hal0042.amarel.rutgers.edu, running on CPU 20, Processor: x86_64
HELLO WORLD from process 12 of 20 on hal0042.amarel.rutgers.edu, running on CPU 18, Processor: x86_64
HELLO WORLD from process 13 of 20 on hal0042.amarel.rutgers.edu, running on CPU 19, Processor: x86_64
HELLO WORLD from process 15 of 20 on hal0042.amarel.rutgers.edu, running on CPU 21, Processor: x86_64
HELLO WORLD from process 16 of 20 on hal0042.amarel.rutgers.edu, running on CPU 22, Processor: x86_64
HELLO WORLD from process 17 of 20 on hal0042.amarel.rutgers.edu, running on CPU 23, Processor: x86_64
HELLO WORLD from process 18 of 20 on hal0042.amarel.rutgers.edu, running on CPU 25, Processor: x86_64
HELLO WORLD from process 19 of 20 on hal0042.amarel.rutgers.edu, running on CPU 26, Processor: x86_64
Validation dot: [2.00219433e+09 2.00217180e+09 2.00217791e+09 ... 2.00155752e+09
 2.00102299e+09 2.00025262e+09]
Validation shape: (14000,)
Validation Elapsed time: 0.28498029708862305
Process  {1}  has received a subblock of shape (700, 10000)
Time to scatter subblock A of shape (700, 10000) to process 1: 8.59451 seconds
