HELLO WORLD from process 6 of 10 on hal0005.amarel.rutgers.edu, running on CPU 23, Processor: x86_64
HELLO WORLD from process 3 of 10 on hal0005.amarel.rutgers.edu, running on CPU 20, Processor: x86_64
HELLO WORLD from process 8 of 10 on hal0005.amarel.rutgers.edu, running on CPU 26, Processor: x86_64
HELLO WORLD from process 2 of 10 on hal0005.amarel.rutgers.edu, running on CPU 19, Processor: x86_64
HELLO WORLD from process 0 of 10 on hal0005.amarel.rutgers.edu, running on CPU 17, Processor: x86_64
HELLO WORLD from process 4 of 10 on hal0005.amarel.rutgers.edu, running on CPU 21, Processor: x86_64
HELLO WORLD from process 5 of 10 on hal0005.amarel.rutgers.edu, running on CPU 22, Processor: x86_64
HELLO WORLD from process 7 of 10 on hal0005.amarel.rutgers.edu, running on CPU 25, Processor: x86_64
HELLO WORLD from process 9 of 10 on hal0005.amarel.rutgers.edu, running on CPU 27, Processor: x86_64
HELLO WORLD from process 1 of 10 on hal0005.amarel.rutgers.edu, running on CPU 18, Processor: x86_64
Validation dot: [2.00575050e+09 2.00248701e+09 2.00014902e+09 ... 2.00603409e+09
 2.00207061e+09 2.00219311e+09]
Validation shape: (14000,)
Validation Elapsed time: 0.16936063766479492
Process  {1}  has received a subblock of shape (1400, 10000)
Time to scatter subblock A of shape (1400, 10000) to process 1: 8.16293 seconds
Process  {2}  has received a subblock of shape (1400, 10000)
Time to scatter subblock A of shape (1400, 10000) to process 2: 8.23916 seconds
Process  {3}  has received a subblock of shape (1400, 10000)
Time to scatter subblock A of shape (1400, 10000) to process 3: 8.31209 seconds
Process  {4}  has received a subblock of shape (1400, 10000)
Time to scatter subblock A of shape (1400, 10000) to process 4: 8.38509 seconds
Process  {5}  has received a subblock of shape (1400, 10000)
Time to scatter subblock A of shape (1400, 10000) to process 5: 8.45780 seconds
Process  {6}  has received a subblock of shape (1400, 10000)
Time to scatter subblock A of shape (1400, 10000) to process 6: 8.55720 seconds
Process  {7}  has received a subblock of shape (1400, 10000)
Time to scatter subblock A of shape (1400, 10000) to process 7: 8.60546 seconds
Process  {8}  has received a subblock of shape (1400, 10000)
Time to scatter subblock A of shape (1400, 10000) to process 8: 8.67901 seconds
Process  {9}  has received a subblock of shape (1400, 10000)
Time to scatter subblock A of shape (1400, 10000) to process 9: 8.74892 seconds
Process  {0}  has received a subblock of shape (1400, 10000)
Time to scatter subblock A of shape (1400, 10000) to process 0: 2.14959 seconds
Process  {9}  has received x of shape (10000,)
Process  {0}  has received x of shape (10000,)
Process  {1}  has received x of shape (10000,)
Time to broadcast vector x of shape (10000,) to process 1: 0.64242 seconds
Process  {8}  has received x of shape (10000,)
Process  {7}  has received x of shape (10000,)
Time to broadcast vector x of shape (10000,) to process 7: 0.20291 seconds
Process  {5}  has received x of shape (10000,)
Time to broadcast vector x of shape (10000,) to process 5: 0.35083 seconds
Time to broadcast vector x of shape (10000,) to process 9: 0.05643 seconds
Process  {3}  has received x of shape (10000,)
Time to broadcast vector x of shape (10000,) to process 3: 0.49721 seconds
Process  {4}  has received x of shape (10000,)
Time to broadcast vector x of shape (10000,) to process 4: 0.42366 seconds
Process  {2}  has received x of shape (10000,)
Time to broadcast vector x of shape (10000,) to process 2: 0.56994 seconds
Process  {6}  has received x of shape (10000,)
Time to broadcast vector x of shape (10000,) to process 6: 0.27691 seconds
Time to broadcast vector x of shape (10000,) to process 8: 0.13023 seconds
Time to broadcast vector x of shape (10000,) to process 0: 0.00066 seconds
Process 0 has finished the dot product in 0.0144 seconds.
Process 3 has finished the dot product in 0.0219 seconds.
Process 4 has finished the dot product in 0.0220 seconds.
Process 8 has finished the dot product in 0.0222 seconds.
Time to gather: 0.0005 seconds
Process 1 has finished the dot product in 0.0222 seconds.
Time to gather: 0.0005 seconds
Process 6 has finished the dot product in 0.0224 seconds.
Time to gather: 0.0003 seconds
Process 7 has finished the dot product in 0.0224 seconds.
Time to gather: 0.0003 seconds
Process 5 has finished the dot product in 0.0223 seconds.
Time to gather: 0.0004 seconds
Process 9 has finished the dot product in 0.0224 seconds.
Time to gather: 0.0003 seconds
Time to gather: 0.0082 seconds
Length of local dots:  10
Error Norm: 0.0
Time to gather: 0.0007 seconds
Process 2 has finished the dot product in 0.0222 seconds.
Time to gather: 0.0005 seconds
Time to gather: 0.0007 seconds
